       No.    E-Emin     Density     Sum
         1        0.0  1.00000E-02  1.00000E+00
         2      100.0  3.00000E-02  4.00000E+00
         3      200.0  4.00000E-02  8.00000E+00
         4      300.0  1.10000E-01  1.90000E+01
         5      400.0  2.80000E-01  4.70000E+01
         6      500.0  4.50000E-01  9.20000E+01
         7      600.0  8.80000E-01  1.80000E+02
         8      700.0  1.84000E+00  3.64000E+02
         9      800.0  3.09000E+00  6.73000E+02
        10      900.0  5.46000E+00  1.21900E+03
        11     1000.0  1.00700E+01  2.22600E+03
        12     1100.0  1.67100E+01  3.89700E+03
        13     1200.0  2.80500E+01  6.70200E+03
        14     1300.0  4.81200E+01  1.15140E+04
        15     1400.0  7.80800E+01  1.93220E+04
        16     1500.0  1.26380E+02  3.19600E+04
        17     1600.0  2.06540E+02  5.26140E+04
        18     1700.0  3.27380E+02  8.53520E+04
        19     1800.0  5.15350E+02  1.36887E+05
        20     1900.0  8.13190E+02  2.18206E+05
        21     2000.0  1.26064E+03  3.44270E+05
        22     2100.0  1.93996E+03  5.38266E+05
        23     2200.0  2.98091E+03  8.36357E+05
        24     2300.0  4.52889E+03  1.28925E+06
        25     2400.0  6.83509E+03  1.97276E+06
        26     2500.0  1.02825E+04  3.00100E+06
        27     2600.0  1.53459E+04  4.53559E+06
        28     2700.0  2.27699E+04  6.81259E+06
        29     2800.0  3.36550E+04  1.01781E+07
        30     2900.0  4.94421E+04  1.51223E+07
        31     3000.0  7.22673E+04  2.23490E+07
        32     3100.0  1.05210E+05  3.28701E+07
        33     3200.0  1.52410E+05  4.81111E+07
        34     3300.0  2.19807E+05  7.00917E+07
        35     3400.0  3.15791E+05  1.01671E+08
        36     3500.0  4.51760E+05  1.46847E+08
        37     3600.0  6.43726E+05  2.11219E+08
        38     3700.0  9.13969E+05  3.02616E+08
        39     3800.0  1.29280E+06  4.31896E+08
        40     3900.0  1.82217E+06  6.14113E+08
        41     4000.0  2.55974E+06  8.70087E+08
        42     4100.0  3.58377E+06  1.22846E+09
        43     4200.0  5.00129E+06  1.72859E+09
        44     4300.0  6.95802E+06  2.42439E+09
        45     4400.0  9.65069E+06  3.38946E+09
        46     4500.0  1.33459E+07  4.72405E+09
        47     4600.0  1.84034E+07  6.56439E+09
        48     4700.0  2.53063E+07  9.09502E+09
        49     4800.0  3.47037E+07  1.25654E+10
        50     4900.0  4.74652E+07  1.73119E+10
        51     5000.0  6.47513E+07  2.37870E+10
        52     5100.0  8.81099E+07  3.25980E+10
        53     5200.0  1.19601E+08  4.45581E+10
        54     5300.0  1.61956E+08  6.07537E+10
        55     5400.0  2.18797E+08  8.26334E+10
        56     5500.0  2.94909E+08  1.12124E+11
        57     5600.0  3.96607E+08  1.51785E+11
        58     5700.0  5.32205E+08  2.05006E+11
        59     5800.0  7.12633E+08  2.76269E+11
        60     5900.0  9.52225E+08  3.71491E+11
        61     6000.0  1.26975E+09  4.98467E+11
        62     6100.0  1.68976E+09  6.67442E+11
        63     6200.0  2.24425E+09  8.91867E+11
        64     6300.0  2.97493E+09  1.18936E+12
        65     6400.0  3.93604E+09  1.58296E+12
        66     6500.0  5.19798E+09  2.10276E+12
        67     6600.0  6.85198E+09  2.78796E+12
        68     6700.0  9.01612E+09  3.68957E+12
        69     6800.0  1.18430E+10  4.87387E+12
        70     6900.0  1.55293E+10  6.42679E+12
        71     7000.0  2.03285E+10  8.45964E+12
        72     7100.0  2.65667E+10  1.11163E+13
        73     7200.0  3.46624E+10  1.45825E+13
        74     7300.0  4.51525E+10  1.90978E+13
        75     7400.0  5.87244E+10  2.49702E+13
        76     7500.0  7.62571E+10  3.25959E+13
        77     7600.0  9.88733E+10  4.24833E+13
        78     7700.0  1.28005E+11  5.52837E+13
        79     7800.0  1.65474E+11  7.18311E+13
        80     7900.0  2.13600E+11  9.31911E+13
        81     8000.0  2.75329E+11  1.20724E+14
        82     8100.0  3.54397E+11  1.56164E+14
        83     8200.0  4.55539E+11  2.01718E+14
        84     8300.0  5.84746E+11  2.60192E+14
        85     8400.0  7.49591E+11  3.35151E+14
        86     8500.0  9.59634E+11  4.31115E+14
        87     8600.0  1.22693E+12  5.53808E+14
        88     8700.0  1.56666E+12  7.10474E+14
        89     8800.0  1.99792E+12  9.10266E+14
        90     8900.0  2.54471E+12  1.16474E+15
        91     9000.0  3.23716E+12  1.48845E+15
        92     9100.0  4.11302E+12  1.89976E+15
        93     9200.0  5.21960E+12  2.42171E+15
        94     9300.0  6.61606E+12  3.08332E+15
        95     9400.0  8.37635E+12  3.92095E+15
        96     9500.0  1.05928E+13  4.98023E+15
        97     9600.0  1.33805E+13  6.31828E+15
        98     9700.0  1.68829E+13  8.00657E+15
        99     9800.0  2.12786E+13  1.01344E+16
       100     9900.0  2.67894E+13  1.28134E+16
       101    10000.0  3.36910E+13  1.61825E+16
       102    10100.0  4.23257E+13  2.04150E+16
       103    10200.0  5.31174E+13  2.57268E+16
       104    10300.0  6.65914E+13  3.23859E+16
       105    10400.0  8.33978E+13  4.07257E+16
       106    10500.0  1.04340E+14  5.11597E+16
       107    10600.0  1.30410E+14  6.42007E+16
       108    10700.0  1.62834E+14  8.04841E+16
       109    10800.0  2.03119E+14  1.00796E+17
       110    10900.0  2.53127E+14  1.26109E+17
       111    11000.0  3.15147E+14  1.57623E+17
       112    11100.0  3.91991E+14  1.96823E+17
       113    11200.0  4.87118E+14  2.45534E+17
       114    11300.0  6.04772E+14  3.06012E+17
       115    11400.0  7.50159E+14  3.81027E+17
       116    11500.0  9.29659E+14  4.73993E+17
       117    11600.0  1.15108E+15  5.89102E+17
       118    11700.0  1.42399E+15  7.31500E+17
       119    11800.0  1.76006E+15  9.07506E+17
       120    11900.0  2.17356E+15  1.12486E+18
       121    12000.0  2.68193E+15  1.39306E+18
       122    12100.0  3.30640E+15  1.72370E+18
       123    12200.0  4.07288E+15  2.13098E+18
       124    12300.0  5.01288E+15  2.63227E+18
       125    12400.0  6.16479E+15  3.24875E+18
       126    12500.0  7.57525E+15  4.00628E+18
       127    12600.0  9.30096E+15  4.93637E+18
       128    12700.0  1.14107E+16  6.07745E+18
       129    12800.0  1.39881E+16  7.47626E+18
       130    12900.0  1.71343E+16  9.18968E+18
       131    13000.0  2.09719E+16  1.12869E+19
       132    13100.0  2.56496E+16  1.38518E+19
       133    13200.0  3.13469E+16  1.69865E+19
       134    13300.0  3.82810E+16  2.08146E+19
       135    13400.0  4.67144E+16  2.54861E+19
       136    13500.0  5.69639E+16  3.11825E+19
       137    13600.0  6.94118E+16  3.81236E+19
       138    13700.0  8.45191E+16  4.65755E+19
       139    13800.0  1.02841E+17  5.68596E+19
       140    13900.0  1.25046E+17  6.93643E+19
       141    14000.0  1.51940E+17  8.45583E+19
       142    14100.0  1.84490E+17  1.03007E+20
       143    14200.0  2.23859E+17  1.25393E+20
       144    14300.0  2.71445E+17  1.52538E+20
       145    14400.0  3.28924E+17  1.85430E+20
       146    14500.0  3.98308E+17  2.25261E+20
       147    14600.0  4.82008E+17  2.73462E+20
       148    14700.0  5.82915E+17  3.31753E+20
       149    14800.0  7.04488E+17  4.02202E+20
       150    14900.0  8.50867E+17  4.87289E+20
       151    15000.0  1.02700E+18  5.89989E+20
       152    15100.0  1.23882E+18  7.13871E+20
       153    15200.0  1.49338E+18  8.63208E+20
       154    15300.0  1.79912E+18  1.04312E+21
       155    15400.0  2.16613E+18  1.25973E+21
       156    15500.0  2.60640E+18  1.52037E+21
       157    15600.0  3.13425E+18  1.83380E+21
       158    15700.0  3.76674E+18  2.21047E+21
       159    15800.0  4.52416E+18  2.66289E+21
       160    15900.0  5.43067E+18  3.20596E+21
       161    16000.0  6.51498E+18  3.85745E+21
       162    16100.0  7.81123E+18  4.63858E+21
       163    16200.0  9.35999E+18  5.57458E+21
       164    16300.0  1.12094E+19  6.69551E+21
       165    16400.0  1.34166E+19  8.03717E+21
       166    16500.0  1.60493E+19  9.64210E+21
       167    16600.0  1.91879E+19  1.15609E+22
       168    16700.0  2.29275E+19  1.38536E+22
       169    16800.0  2.73809E+19  1.65917E+22
       170    16900.0  3.26814E+19  1.98599E+22
       171    17000.0  3.89868E+19  2.37585E+22
       172    17100.0  4.64837E+19  2.84069E+22
       173    17200.0  5.53927E+19  3.39462E+22
       174    17300.0  6.59741E+19  4.05436E+22
       175    17400.0  7.85355E+19  4.83971E+22
       176    17500.0  9.34397E+19  5.77411E+22
       177    17600.0  1.11115E+20  6.88526E+22
       178    17700.0  1.32065E+20  8.20591E+22
       179    17800.0  1.56886E+20  9.77478E+22
       180    17900.0  1.86277E+20  1.16375E+23
       181    18000.0  2.21063E+20  1.38482E+23
       182    18100.0  2.62214E+20  1.64703E+23
       183    18200.0  3.10871E+20  1.95790E+23
       184    18300.0  3.68375E+20  2.32628E+23
       185    18400.0  4.36304E+20  2.76258E+23
       186    18500.0  5.16507E+20  3.27909E+23
       187    18600.0  6.11159E+20  3.89025E+23
       188    18700.0  7.22811E+20  4.61306E+23
       189    18800.0  8.54454E+20  5.46751E+23
       190    18900.0  1.00960E+21  6.47711E+23
       191    19000.0  1.19235E+21  7.66946E+23
       192    19100.0  1.40753E+21  9.07699E+23
       193    19200.0  1.66077E+21  1.07378E+24
       194    19300.0  1.95868E+21  1.26964E+24
       195    19400.0  2.30898E+21  1.50054E+24
       196    19500.0  2.72069E+21  1.77261E+24
       197    19600.0  3.20438E+21  2.09305E+24
       198    19700.0  3.77236E+21  2.47029E+24
       199    19800.0  4.43906E+21  2.91419E+24
       200    19900.0  5.22129E+21  3.43632E+24
       201    20000.0  6.13867E+21  4.05019E+24
       202    20100.0  7.21409E+21  4.77160E+24
       203    20200.0  8.47426E+21  5.61902E+24
       204    20300.0  9.95029E+21  6.61405E+24
       205    20400.0  1.16784E+22  7.78189E+24
       206    20500.0  1.37009E+22  9.15199E+24
       207    20600.0  1.60669E+22  1.07587E+25
       208    20700.0  1.88336E+22  1.26420E+25
       209    20800.0  2.20675E+22  1.48488E+25
       210    20900.0  2.58460E+22  1.74334E+25
       211    21000.0  3.02592E+22  2.04593E+25
       212    21100.0  3.54114E+22  2.40004E+25
       213    21200.0  4.14242E+22  2.81429E+25
       214    21300.0  4.84384E+22  3.29867E+25
       215    21400.0  5.66177E+22  3.86485E+25
       216    21500.0  6.61518E+22  4.52636E+25
       217    21600.0  7.72610E+22  5.29897E+25
       218    21700.0  9.02003E+22  6.20098E+25
       219    21800.0  1.05266E+23  7.25363E+25
       220    21900.0  1.22800E+23  8.48163E+25
       221    22000.0  1.43199E+23  9.91362E+25
       222    22100.0  1.66923E+23  1.15829E+26
       223    22200.0  1.94504E+23  1.35279E+26
       224    22300.0  2.26556E+23  1.57935E+26
       225    22400.0  2.63791E+23  1.84314E+26
       226    22500.0  3.07031E+23  2.15017E+26
       227    22600.0  3.57226E+23  2.50739E+26
       228    22700.0  4.15473E+23  2.92287E+26
       229    22800.0  4.83040E+23  3.40591E+26
       230    22900.0  5.61391E+23  3.96730E+26
       231    23000.0  6.52214E+23  4.61951E+26
       232    23100.0  7.57458E+23  5.37697E+26
       233    23200.0  8.79369E+23  6.25634E+26
       234    23300.0  1.02054E+24  7.27688E+26
       235    23400.0  1.18395E+24  8.46082E+26
       236    23500.0  1.37304E+24  9.83386E+26
       237    23600.0  1.59177E+24  1.14256E+27
       238    23700.0  1.84471E+24  1.32703E+27
       239    23800.0  2.13710E+24  1.54075E+27
       240    23900.0  2.47499E+24  1.78824E+27
       241    24000.0  2.86531E+24  2.07477E+27
       242    24100.0  3.31605E+24  2.40638E+27
       243    24200.0  3.83641E+24  2.79002E+27
       244    24300.0  4.43693E+24  3.23371E+27
       245    24400.0  5.12973E+24  3.74669E+27
       246    24500.0  5.92873E+24  4.33956E+27
       247    24600.0  6.84991E+24  5.02455E+27
       248    24700.0  7.91161E+24  5.81571E+27
       249    24800.0  9.13488E+24  6.72920E+27
       250    24900.0  1.05439E+25  7.78359E+27
       251    25000.0  1.21662E+25  9.00021E+27
       252    25100.0  1.40337E+25  1.04036E+28
       253    25200.0  1.61826E+25  1.20218E+28
       254    25300.0  1.86546E+25  1.38873E+28
       255    25400.0  2.14974E+25  1.60370E+28
       256    25500.0  2.47657E+25  1.85136E+28
       257    25600.0  2.85218E+25  2.13658E+28
       258    25700.0  3.28374E+25  2.46495E+28
       259    25800.0  3.77943E+25  2.84290E+28
       260    25900.0  4.34859E+25  3.27775E+28
       261    26000.0  5.00193E+25  3.77795E+28
       262    26100.0  5.75168E+25  4.35312E+28
       263    26200.0  6.61179E+25  5.01429E+28
       264    26300.0  7.59823E+25  5.77412E+28
       265    26400.0  8.72922E+25  6.64704E+28
       266    26500.0  1.00255E+26  7.64959E+28
       267    26600.0  1.15110E+26  8.80069E+28
       268    26700.0  1.32125E+26  1.01219E+29
       269    26800.0  1.51612E+26  1.16381E+29
       270    26900.0  1.73921E+26  1.33773E+29
       271    27000.0  1.99455E+26  1.53718E+29
       272    27100.0  2.28671E+26  1.76585E+29
       273    27200.0  2.62091E+26  2.02794E+29
       274    27300.0  3.00309E+26  2.32825E+29
       275    27400.0  3.44002E+26  2.67226E+29
       276    27500.0  3.93940E+26  3.06620E+29
       277    27600.0  4.50999E+26  3.51719E+29
       278    27700.0  5.16177E+26  4.03337E+29
       279    27800.0  5.90609E+26  4.62398E+29
       280    27900.0  6.75586E+26  5.29957E+29
       281    28000.0  7.72575E+26  6.07214E+29
       282    28100.0  8.83244E+26  6.95539E+29
       283    28200.0  1.00949E+27  7.96487E+29
       284    28300.0  1.15346E+27  9.11834E+29
       285    28400.0  1.31761E+27  1.04359E+30
       286    28500.0  1.50471E+27  1.19407E+30
       287    28600.0  1.71792E+27  1.36586E+30
       288    28700.0  1.96080E+27  1.56194E+30
       289    28800.0  2.23744E+27  1.78568E+30
       290    28900.0  2.55242E+27  2.04092E+30
       291    29000.0  2.91097E+27  2.33202E+30
       292    29100.0  3.31902E+27  2.66392E+30
       293    29200.0  3.78327E+27  3.04225E+30
       294    29300.0  4.31134E+27  3.47338E+30
       295    29400.0  4.91185E+27  3.96457E+30
       296    29500.0  5.59454E+27  4.52402E+30
       297    29600.0  6.37049E+27  5.16107E+30
       298    29700.0  7.25220E+27  5.88629E+30
       299    29800.0  8.25385E+27  6.71168E+30
       300    29900.0  9.39146E+27  7.65082E+30
       301    30000.0  1.06832E+28  8.71914E+30
       302    30100.0  1.21495E+28  9.93409E+30
       303    30200.0  1.38136E+28  1.13154E+31
       304    30300.0  1.57017E+28  1.28856E+31
       305    30400.0  1.78435E+28  1.46700E+31
       306    30500.0  2.02725E+28  1.66972E+31
       307    30600.0  2.30264E+28  1.89999E+31
       308    30700.0  2.61481E+28  2.16147E+31
       309    30800.0  2.96857E+28  2.45832E+31
       310    30900.0  3.36938E+28  2.79526E+31
       311    31000.0  3.82338E+28  3.17760E+31
       312    31100.0  4.33751E+28  3.61135E+31
       313    31200.0  4.91961E+28  4.10331E+31
       314    31300.0  5.57849E+28  4.66116E+31
       315    31400.0  6.32412E+28  5.29357E+31
       316    31500.0  7.16772E+28  6.01034E+31
       317    31600.0  8.12194E+28  6.82254E+31
       318    31700.0  9.20104E+28  7.74264E+31
       319    31800.0  1.04211E+29  8.78475E+31
       320    31900.0  1.18002E+29  9.96477E+31
       321    32000.0  1.33587E+29  1.13006E+32
       322    32100.0  1.51196E+29  1.28126E+32
       323    32200.0  1.71086E+29  1.45235E+32
       324    32300.0  1.93550E+29  1.64590E+32
       325    32400.0  2.18913E+29  1.86481E+32
       326    32500.0  2.47544E+29  2.11235E+32
       327    32600.0  2.79856E+29  2.39221E+32
       328    32700.0  3.16316E+29  2.70852E+32
       329    32800.0  3.57445E+29  3.06597E+32
       330    32900.0  4.03833E+29  3.46980E+32
       331    33000.0  4.56140E+29  3.92594E+32
       332    33100.0  5.15109E+29  4.44105E+32
       333    33200.0  5.81573E+29  5.02262E+32
       334    33300.0  6.56470E+29  5.67909E+32
       335    33400.0  7.40852E+29  6.41995E+32
       336    33500.0  8.35898E+29  7.25584E+32
       337    33600.0  9.42936E+29  8.19878E+32
       338    33700.0  1.06345E+30  9.26223E+32
       339    33800.0  1.19911E+30  1.04613E+33
       340    33900.0  1.35179E+30  1.18131E+33
       341    34000.0  1.52359E+30  1.33367E+33
       342    34100.0  1.71685E+30  1.50536E+33
       343    34200.0  1.93423E+30  1.69878E+33
       344    34300.0  2.17867E+30  1.91665E+33
       345    34400.0  2.45350E+30  2.16200E+33
       346    34500.0  2.76241E+30  2.43824E+33
       347    34600.0  3.10958E+30  2.74920E+33
       348    34700.0  3.49965E+30  3.09916E+33
       349    34800.0  3.93785E+30  3.49295E+33
       350    34900.0  4.43001E+30  3.93595E+33
       351    35000.0  4.98266E+30  4.43421E+33
       352    35100.0  5.60313E+30  4.99453E+33
       353    35200.0  6.29958E+30  5.62448E+33
       354    35300.0  7.08118E+30  6.33260E+33
       355    35400.0  7.95816E+30  7.12842E+33
       356    35500.0  8.94196E+30  8.02261E+33
       357    35600.0  1.00454E+31  9.02715E+33
       358    35700.0  1.12827E+31  1.01554E+34
       359    35800.0  1.26700E+31  1.14224E+34
       360    35900.0  1.42250E+31  1.28449E+34
       361    36000.0  1.59678E+31  1.44417E+34
       362    36100.0  1.79206E+31  1.62338E+34
       363    36200.0  2.01082E+31  1.82446E+34
       364    36300.0  2.25586E+31  2.05004E+34
       365    36400.0  2.53027E+31  2.30307E+34
       366    36500.0  2.83752E+31  2.58682E+34
       367    36600.0  3.18147E+31  2.90497E+34
       368    36700.0  3.56643E+31  3.26161E+34
       369    36800.0  3.99721E+31  3.66133E+34
       370    36900.0  4.47917E+31  4.10925E+34
       371    37000.0  5.01831E+31  4.61108E+34
       372    37100.0  5.62128E+31  5.17321E+34
       373    37200.0  6.29552E+31  5.80276E+34
       374    37300.0  7.04933E+31  6.50770E+34
       375    37400.0  7.89193E+31  7.29689E+34
       376    37500.0  8.83361E+31  8.18025E+34
       377    37600.0  9.88583E+31  9.16883E+34
       378    37700.0  1.10614E+32  1.02750E+35
       379    37800.0  1.23744E+32  1.15124E+35
       380    37900.0  1.38408E+32  1.28965E+35
       381    38000.0  1.54782E+32  1.44443E+35
       382    38100.0  1.73061E+32  1.61749E+35
       383    38200.0  1.93464E+32  1.81096E+35
       384    38300.0  2.16234E+32  2.02719E+35
       385    38400.0  2.41641E+32  2.26883E+35
       386    38500.0  2.69985E+32  2.53882E+35
       387    38600.0  3.01599E+32  2.84041E+35
       388    38700.0  3.36857E+32  3.17727E+35
       389    38800.0  3.76170E+32  3.55344E+35
       390    38900.0  4.19997E+32  3.97344E+35
       391    39000.0  4.68848E+32  4.44229E+35
       392    39100.0  5.23290E+32  4.96558E+35
       393    39200.0  5.83953E+32  5.54953E+35
       394    39300.0  6.51535E+32  6.20106E+35
       395    39400.0  7.26814E+32  6.92788E+35
       396    39500.0  8.10650E+32  7.73853E+35
       397    39600.0  9.04003E+32  8.64253E+35
       398    39700.0  1.00793E+33  9.65047E+35
       399    39800.0  1.12362E+33  1.07741E+36
       400    39900.0  1.25238E+33  1.20265E+36
       401    40000.0  1.39565E+33  1.34221E+36
       402    40100.0  1.55506E+33  1.49772E+36
       403    40200.0  1.73238E+33  1.67096E+36
       404    40300.0  1.92959E+33  1.86391E+36
       405    40400.0  2.14890E+33  2.07880E+36
       406    40500.0  2.39274E+33  2.31808E+36
       407    40600.0  2.66381E+33  2.58446E+36
       408    40700.0  2.96510E+33  2.88097E+36
       409    40800.0  3.29993E+33  3.21096E+36
       410    40900.0  3.67197E+33  3.57816E+36
       411    41000.0  4.08528E+33  3.98669E+36
       412    41100.0  4.54438E+33  4.44113E+36
       413    41200.0  5.05426E+33  4.94655E+36
       414    41300.0  5.62043E+33  5.50860E+36
       415    41400.0  6.24903E+33  6.13350E+36
       416    41500.0  6.94681E+33  6.82818E+36
       417    41600.0  7.72129E+33  7.60031E+36
       418    41700.0  8.58074E+33  8.45838E+36
       419    41800.0  9.53434E+33  9.41182E+36
       420    41900.0  1.05922E+34  1.04710E+37
       421    42000.0  1.17657E+34  1.16476E+37
       422    42100.0  1.30671E+34  1.29543E+37
       423    42200.0  1.45101E+34  1.44053E+37
       424    42300.0  1.61101E+34  1.60163E+37
       425    42400.0  1.78836E+34  1.78047E+37
       426    42500.0  1.98494E+34  1.97896E+37
       427    42600.0  2.20278E+34  2.19924E+37
       428    42700.0  2.44415E+34  2.44366E+37
       429    42800.0  2.71155E+34  2.71481E+37
       430    42900.0  3.00776E+34  3.01559E+37
       431    43000.0  3.33581E+34  3.34917E+37
       432    43100.0  3.69908E+34  3.71908E+37
       433    43200.0  4.10129E+34  4.12920E+37
       434    43300.0  4.54655E+34  4.58386E+37
       435    43400.0  5.03939E+34  5.08780E+37
       436    43500.0  5.58482E+34  5.64628E+37
       437    43600.0  6.18836E+34  6.26512E+37
       438    43700.0  6.85611E+34  6.95073E+37
       439    43800.0  7.59478E+34  7.71021E+37
       440    43900.0  8.41179E+34  8.55138E+37
       441    44000.0  9.31532E+34  9.48292E+37
       442    44100.0  1.03144E+35  1.05144E+38
       443    44200.0  1.14189E+35  1.16563E+38
       444    44300.0  1.26399E+35  1.29202E+38
       445    44400.0  1.39894E+35  1.43192E+38
       446    44500.0  1.54808E+35  1.58673E+38
       447    44600.0  1.71287E+35  1.75801E+38
       448    44700.0  1.89492E+35  1.94751E+38
       449    44800.0  2.09602E+35  2.15711E+38
       450    44900.0  2.31814E+35  2.38892E+38
       451    45000.0  2.56343E+35  2.64526E+38
       452    45100.0  2.83427E+35  2.92869E+38
       453    45200.0  3.13328E+35  3.24202E+38
       454    45300.0  3.46334E+35  3.58835E+38
       455    45400.0  3.82764E+35  3.97112E+38
       456    45500.0  4.22966E+35  4.39408E+38
       457    45600.0  4.67326E+35  4.86141E+38
       458    45700.0  5.16265E+35  5.37767E+38
       459    45800.0  5.70251E+35  5.94793E+38
       460    45900.0  6.29795E+35  6.57772E+38
       461    46000.0  6.95460E+35  7.27318E+38
       462    46100.0  7.67865E+35  8.04104E+38
       463    46200.0  8.47693E+35  8.88874E+38
       464    46300.0  9.35691E+35  9.82443E+38
       465    46400.0  1.03268E+36  1.08571E+39
       466    46500.0  1.13958E+36  1.19967E+39
       467    46600.0  1.25736E+36  1.32541E+39
       468    46700.0  1.38713E+36  1.46412E+39
       469    46800.0  1.53009E+36  1.61713E+39
       470    46900.0  1.68756E+36  1.78588E+39
       471    47000.0  1.86099E+36  1.97198E+39
       472    47100.0  2.05196E+36  2.17718E+39
       473    47200.0  2.26222E+36  2.40340E+39
       474    47300.0  2.49371E+36  2.65277E+39
       475    47400.0  2.74851E+36  2.92762E+39
       476    47500.0  3.02896E+36  3.23052E+39
       477    47600.0  3.33758E+36  3.56428E+39
       478    47700.0  3.67716E+36  3.93199E+39
       479    47800.0  4.05076E+36  4.33707E+39
       480    47900.0  4.46174E+36  4.78324E+39
       481    48000.0  4.91378E+36  5.27462E+39
       482    48100.0  5.41092E+36  5.81571E+39
       483    48200.0  5.95759E+36  6.41147E+39
       484    48300.0  6.55864E+36  7.06734E+39
       485    48400.0  7.21940E+36  7.78928E+39
       486    48500.0  7.94571E+36  8.58385E+39
       487    48600.0  8.74399E+36  9.45825E+39
       488    48700.0  9.62123E+36  1.04204E+40
       489    48800.0  1.05851E+37  1.14789E+40
       490    48900.0  1.16442E+37  1.26433E+40
       491    49000.0  1.28075E+37  1.39241E+40
       492    49100.0  1.40853E+37  1.53326E+40
       493    49200.0  1.54887E+37  1.68814E+40
       494    49300.0  1.70297E+37  1.85844E+40
       495    49400.0  1.87218E+37  2.04566E+40
       496    49500.0  2.05794E+37  2.25145E+40
       497    49600.0  2.26185E+37  2.47764E+40
       498    49700.0  2.48566E+37  2.72620E+40
       499    49800.0  2.73128E+37  2.99933E+40
       500    49900.0  3.00080E+37  3.29941E+40
       501    50000.0  3.29651E+37  3.62906E+40
       502    50100.0  3.62092E+37  3.99115E+40
       503    50200.0  3.97678E+37  4.38883E+40
       504    50300.0  4.36707E+37  4.82554E+40
       505    50400.0  4.79509E+37  5.30505E+40
       506    50500.0  5.26443E+37  5.83149E+40
       507    50600.0  5.77901E+37  6.40939E+40
       508    50700.0  6.34313E+37  7.04370E+40
       509    50800.0  6.96148E+37  7.73985E+40
       510    50900.0  7.63919E+37  8.50377E+40
       511    51000.0  8.38189E+37  9.34196E+40
       512    51100.0  9.19571E+37  1.02615E+41
       513    51200.0  1.00873E+38  1.12703E+41
       514    51300.0  1.10641E+38  1.23767E+41
       515    51400.0  1.21341E+38  1.35901E+41
       516    51500.0  1.33059E+38  1.49207E+41
       517    51600.0  1.45892E+38  1.63796E+41
       518    51700.0  1.59945E+38  1.79790E+41
       519    51800.0  1.75330E+38  1.97323E+41
       520    51900.0  1.92173E+38  2.16541E+41
       521    52000.0  2.10610E+38  2.37602E+41
       522    52100.0  2.30789E+38  2.60681E+41
       523    52200.0  2.52872E+38  2.85968E+41
       524    52300.0  2.77036E+38  3.13671E+41
       525    52400.0  3.03475E+38  3.44019E+41
       526    52500.0  3.32399E+38  3.77259E+41
       527    52600.0  3.64038E+38  4.13663E+41
       528    52700.0  3.98644E+38  4.53527E+41
       529    52800.0  4.36491E+38  4.97176E+41
       530    52900.0  4.77876E+38  5.44964E+41
       531    53000.0  5.23126E+38  5.97276E+41
       532    53100.0  5.72597E+38  6.54536E+41
       533    53200.0  6.26676E+38  7.17204E+41
       534    53300.0  6.85787E+38  7.85782E+41
       535    53400.0  7.50389E+38  8.60821E+41
       536    53500.0  8.20986E+38  9.42920E+41
       537    53600.0  8.98125E+38  1.03273E+42
       538    53700.0  9.82404E+38  1.13097E+42
       539    53800.0  1.07447E+39  1.23842E+42
       540    53900.0  1.17504E+39  1.35592E+42
       541    54000.0  1.28488E+39  1.48441E+42
       542    54100.0  1.40484E+39  1.62490E+42
       543    54200.0  1.53583E+39  1.77848E+42
       544    54300.0  1.67885E+39  1.94636E+42
       545    54400.0  1.83498E+39  2.12986E+42
       546    54500.0  2.00543E+39  2.33041E+42
       547    54600.0  2.19147E+39  2.54955E+42
       548    54700.0  2.39451E+39  2.78900E+42
       549    54800.0  2.61608E+39  3.05061E+42
       550    54900.0  2.85785E+39  3.33640E+42
       551    55000.0  3.12163E+39  3.64856E+42
       552    55100.0  3.40940E+39  3.98950E+42
       553    55200.0  3.72329E+39  4.36183E+42
       554    55300.0  4.06566E+39  4.76839E+42
       555    55400.0  4.43905E+39  5.21230E+42
       556    55500.0  4.84621E+39  5.69692E+42
       557    55600.0  5.29017E+39  6.22594E+42
       558    55700.0  5.77419E+39  6.80336E+42
       559    55800.0  6.30184E+39  7.43354E+42
       560    55900.0  6.87700E+39  8.12124E+42
       561    56000.0  7.50386E+39  8.87163E+42
       562    56100.0  8.18703E+39  9.69033E+42
       563    56200.0  8.93146E+39  1.05835E+43
       564    56300.0  9.74259E+39  1.15577E+43
       565    56400.0  1.06263E+40  1.26204E+43
       566    56500.0  1.15890E+40  1.37793E+43
       567    56600.0  1.26375E+40  1.50430E+43
       568    56700.0  1.37796E+40  1.64210E+43
       569    56800.0  1.50233E+40  1.79233E+43
       570    56900.0  1.63777E+40  1.95611E+43
       571    57000.0  1.78523E+40  2.13463E+43
       572    57100.0  1.94578E+40  2.32921E+43
       573    57200.0  2.12054E+40  2.54126E+43
       574    57300.0  2.31078E+40  2.77234E+43
       575    57400.0  2.51783E+40  3.02412E+43
       576    57500.0  2.74315E+40  3.29844E+43
       577    57600.0  2.98835E+40  3.59727E+43
       578    57700.0  3.25514E+40  3.92279E+43
       579    57800.0  3.54539E+40  4.27733E+43
       580    57900.0  3.86115E+40  4.66344E+43
       581    58000.0  4.20461E+40  5.08390E+43
       582    58100.0  4.57817E+40  5.54172E+43
       583    58200.0  4.98444E+40  6.04016E+43
       584    58300.0  5.42622E+40  6.58278E+43
       585    58400.0  5.90659E+40  7.17344E+43
       586    58500.0  6.42886E+40  7.81633E+43
       587    58600.0  6.99663E+40  8.51599E+43
       588    58700.0  7.61380E+40  9.27737E+43
       589    58800.0  8.28461E+40  1.01058E+44
       590    58900.0  9.01366E+40  1.10072E+44
       591    59000.0  9.80593E+40  1.19878E+44
       592    59100.0  1.06668E+41  1.30545E+44
       593    59200.0  1.16022E+41  1.42147E+44
       594    59300.0  1.26183E+41  1.54765E+44
       595    59400.0  1.37222E+41  1.68487E+44
       596    59500.0  1.49212E+41  1.83409E+44
       597    59600.0  1.62234E+41  1.99632E+44
       598    59700.0  1.76376E+41  2.17270E+44
       599    59800.0  1.91733E+41  2.36443E+44
       600    59900.0  2.08408E+41  2.57284E+44
       601    60000.0  2.26511E+41  2.79935E+44
       602    60100.0  2.46164E+41  3.04551E+44
       603    60200.0  2.67498E+41  3.31301E+44
       604    60300.0  2.90653E+41  3.60366E+44
       605    60400.0  3.15783E+41  3.91945E+44
       606    60500.0  3.43054E+41  4.26250E+44
       607    60600.0  3.72646E+41  4.63515E+44
       608    60700.0  4.04753E+41  5.03990E+44
       609    60800.0  4.39586E+41  5.47948E+44
       610    60900.0  4.77373E+41  5.95686E+44
       611    61000.0  5.18361E+41  6.47522E+44
       612    61100.0  5.62816E+41  7.03803E+44
       613    61200.0  6.11029E+41  7.64906E+44
       614    61300.0  6.63312E+41  8.31237E+44
       615    61400.0  7.20003E+41  9.03238E+44
       616    61500.0  7.81468E+41  9.81384E+44
       617    61600.0  8.48104E+41  1.06619E+45
       618    61700.0  9.20340E+41  1.15823E+45
       619    61800.0  9.98639E+41  1.25809E+45
       620    61900.0  1.08350E+42  1.36644E+45
       621    62000.0  1.17547E+42  1.48399E+45
       622    62100.0  1.27513E+42  1.61150E+45
       623    62200.0  1.38312E+42  1.74982E+45
       624    62300.0  1.50013E+42  1.89983E+45
       625    62400.0  1.62688E+42  2.06252E+45
       626    62500.0  1.76419E+42  2.23894E+45
       627    62600.0  1.91293E+42  2.43023E+45
       628    62700.0  2.07401E+42  2.63763E+45
       629    62800.0  2.24847E+42  2.86248E+45
       630    62900.0  2.43739E+42  3.10622E+45
       631    63000.0  2.64195E+42  3.37041E+45
       632    63100.0  2.86343E+42  3.65676E+45
       633    63200.0  3.10321E+42  3.96708E+45
       634    63300.0  3.36278E+42  4.30335E+45
       635    63400.0  3.64374E+42  4.66773E+45
       636    63500.0  3.94784E+42  5.06251E+45
       637    63600.0  4.27695E+42  5.49021E+45
       638    63700.0  4.63310E+42  5.95352E+45
       639    63800.0  5.01848E+42  6.45537E+45
       640    63900.0  5.43545E+42  6.99891E+45
       641    64000.0  5.88656E+42  7.58757E+45
       642    64100.0  6.37457E+42  8.22503E+45
       643    64200.0  6.90245E+42  8.91527E+45
       644    64300.0  7.47342E+42  9.66261E+45
       645    64400.0  8.09093E+42  1.04717E+46
       646    64500.0  8.75873E+42  1.13476E+46
       647    64600.0  9.48085E+42  1.22957E+46
       648    64700.0  1.02616E+43  1.33218E+46
       649    64800.0  1.11058E+43  1.44324E+46
       650    64900.0  1.20184E+43  1.56343E+46
       651    65000.0  1.30050E+43  1.69347E+46
       652    65100.0  1.40713E+43  1.83419E+46
       653    65200.0  1.52238E+43  1.98643E+46
       654    65300.0  1.64694E+43  2.15112E+46
       655    65400.0  1.78153E+43  2.32927E+46
       656    65500.0  1.92697E+43  2.52197E+46
       657    65600.0  2.08412E+43  2.73038E+46
       658    65700.0  2.25389E+43  2.95577E+46
       659    65800.0  2.43729E+43  3.19950E+46
       660    65900.0  2.63540E+43  3.46304E+46
       661    66000.0  2.84939E+43  3.74798E+46
       662    66100.0  3.08050E+43  4.05603E+46
       663    66200.0  3.33008E+43  4.38904E+46
       664    66300.0  3.59960E+43  4.74900E+46
       665    66400.0  3.89061E+43  5.13806E+46
       666    66500.0  4.20481E+43  5.55854E+46
       667    66600.0  4.54403E+43  6.01294E+46
       668    66700.0  4.91021E+43  6.50396E+46
       669    66800.0  5.30548E+43  7.03451E+46
       670    66900.0  5.73212E+43  7.60772E+46
       671    67000.0  6.19257E+43  8.22698E+46
       672    67100.0  6.68947E+43  8.89593E+46
       673    67200.0  7.22568E+43  9.61850E+46
       674    67300.0  7.80425E+43  1.03989E+47
       675    67400.0  8.42848E+43  1.12418E+47
       676    67500.0  9.10193E+43  1.21520E+47
       677    67600.0  9.82842E+43  1.31348E+47
       678    67700.0  1.06121E+44  1.41960E+47
       679    67800.0  1.14573E+44  1.53417E+47
       680    67900.0  1.23689E+44  1.65786E+47
       681    68000.0  1.33519E+44  1.79138E+47
       682    68100.0  1.44120E+44  1.93550E+47
       683    68200.0  1.55551E+44  2.09105E+47
       684    68300.0  1.67875E+44  2.25893E+47
       685    68400.0  1.81162E+44  2.44009E+47
       686    68500.0  1.95485E+44  2.63557E+47
       687    68600.0  2.10924E+44  2.84650E+47
       688    68700.0  2.27566E+44  3.07406E+47
       689    68800.0  2.45501E+44  3.31957E+47
       690    68900.0  2.64830E+44  3.58440E+47
       691    69000.0  2.85659E+44  3.87006E+47
       692    69100.0  3.08103E+44  4.17816E+47
       693    69200.0  3.32286E+44  4.51044E+47
       694    69300.0  3.58339E+44  4.86878E+47
       695    69400.0  3.86405E+44  5.25519E+47
       696    69500.0  4.16639E+44  5.67183E+47
       697    69600.0  4.49204E+44  6.12103E+47
       698    69700.0  4.84279E+44  6.60531E+47
       699    69800.0  5.22053E+44  7.12736E+47
       700    69900.0  5.62732E+44  7.69010E+47
       701    70000.0  6.06535E+44  8.29663E+47
       702    70100.0  6.53699E+44  8.95033E+47
       703    70200.0  7.04479E+44  9.65481E+47
       704    70300.0  7.59147E+44  1.04140E+48
       705    70400.0  8.17996E+44  1.12320E+48
       706    70500.0  8.81343E+44  1.21133E+48
       707    70600.0  9.49526E+44  1.30628E+48
       708    70700.0  1.02291E+45  1.40857E+48
       709    70800.0  1.10188E+45  1.51876E+48
       710    70900.0  1.18687E+45  1.63745E+48
       711    71000.0  1.27831E+45  1.76528E+48
       712    71100.0  1.37670E+45  1.90295E+48
       713    71200.0  1.48256E+45  2.05121E+48
       714    71300.0  1.59644E+45  2.21085E+48
       715    71400.0  1.71894E+45  2.38274E+48
       716    71500.0  1.85071E+45  2.56781E+48
       717    71600.0  1.99244E+45  2.76706E+48
       718    71700.0  2.14487E+45  2.98154E+48
       719    71800.0  2.30879E+45  3.21242E+48
       720    71900.0  2.48506E+45  3.46093E+48
       721    72000.0  2.67460E+45  3.72839E+48
       722    72100.0  2.87840E+45  4.01623E+48
       723    72200.0  3.09750E+45  4.32598E+48
       724    72300.0  3.33304E+45  4.65928E+48
       725    72400.0  3.58624E+45  5.01791E+48
       726    72500.0  3.85840E+45  5.40375E+48
       727    72600.0  4.15092E+45  5.81884E+48
       728    72700.0  4.46531E+45  6.26537E+48
       729    72800.0  4.80317E+45  6.74569E+48
       730    72900.0  5.16623E+45  7.26231E+48
       731    73000.0  5.55635E+45  7.81795E+48
       732    73100.0  5.97551E+45  8.41550E+48
       733    73200.0  6.42585E+45  9.05808E+48
       734    73300.0  6.90964E+45  9.74905E+48
       735    73400.0  7.42934E+45  1.04920E+49
       736    73500.0  7.98758E+45  1.12907E+49
       737    73600.0  8.58717E+45  1.21495E+49
       738    73700.0  9.23114E+45  1.30726E+49
       739    73800.0  9.92271E+45  1.40648E+49
       740    73900.0  1.06654E+46  1.51314E+49
       741    74000.0  1.14628E+46  1.62777E+49
       742    74100.0  1.23191E+46  1.75096E+49
       743    74200.0  1.32384E+46  1.88334E+49
       744    74300.0  1.42253E+46  2.02559E+49
       745    74400.0  1.52847E+46  2.17844E+49
       746    74500.0  1.64220E+46  2.34266E+49
       747    74600.0  1.76427E+46  2.51909E+49
       748    74700.0  1.89528E+46  2.70862E+49
       749    74800.0  2.03589E+46  2.91220E+49
       750    74900.0  2.18678E+46  3.13088E+49
       751    75000.0  2.34869E+46  3.36575E+49
       752    75100.0  2.52243E+46  3.61799E+49
       753    75200.0  2.70883E+46  3.88888E+49
       754    75300.0  2.90882E+46  4.17976E+49
       755    75400.0  3.12337E+46  4.49210E+49
       756    75500.0  3.35351E+46  4.82745E+49
       757    75600.0  3.60038E+46  5.18748E+49
       758    75700.0  3.86516E+46  5.57400E+49
       759    75800.0  4.14914E+46  5.98891E+49
       760    75900.0  4.45369E+46  6.43428E+49
       761    76000.0  4.78028E+46  6.91231E+49
       762    76100.0  5.13049E+46  7.42536E+49
       763    76200.0  5.50599E+46  7.97596E+49
       764    76300.0  5.90858E+46  8.56682E+49
       765    76400.0  6.34021E+46  9.20084E+49
       766    76500.0  6.80292E+46  9.88113E+49
       767    76600.0  7.29892E+46  1.06110E+50
       768    76700.0  7.83058E+46  1.13941E+50
       769    76800.0  8.40042E+46  1.22341E+50
       770    76900.0  9.01115E+46  1.31352E+50
       771    77000.0  9.66565E+46  1.41018E+50
       772    77100.0  1.03670E+47  1.51385E+50
       773    77200.0  1.11186E+47  1.62504E+50
       774    77300.0  1.19239E+47  1.74428E+50
       775    77400.0  1.27867E+47  1.87214E+50
       776    77500.0  1.37110E+47  2.00925E+50
       777    77600.0  1.47012E+47  2.15626E+50
       778    77700.0  1.57620E+47  2.31388E+50
       779    77800.0  1.68982E+47  2.48287E+50
       780    77900.0  1.81151E+47  2.66402E+50
       781    78000.0  1.94185E+47  2.85820E+50
       782    78100.0  2.08143E+47  3.06634E+50
       783    78200.0  2.23091E+47  3.28944E+50
       784    78300.0  2.39097E+47  3.52853E+50
       785    78400.0  2.56235E+47  3.78477E+50
       786    78500.0  2.74585E+47  4.05935E+50
       787    78600.0  2.94230E+47  4.35358E+50
       788    78700.0  3.15262E+47  4.66884E+50
       789    78800.0  3.37775E+47  5.00662E+50
       790    78900.0  3.61874E+47  5.36849E+50
       791    79000.0  3.87668E+47  5.75616E+50
       792    79100.0  4.15275E+47  6.17144E+50
       793    79200.0  4.44821E+47  6.61626E+50
       794    79300.0  4.76439E+47  7.09270E+50
       795    79400.0  5.10273E+47  7.60297E+50
       796    79500.0  5.46477E+47  8.14945E+50
       797    79600.0  5.85213E+47  8.73466E+50
       798    79700.0  6.26657E+47  9.36132E+50
       799    79800.0  6.70994E+47  1.00323E+51
       800    79900.0  7.18425E+47  1.07507E+51
       801    80000.0  7.69162E+47  1.15199E+51
       802    80100.0  8.23432E+47  1.23433E+51
       803    80200.0  8.81478E+47  1.32248E+51
       804    80300.0  9.43559E+47  1.41684E+51
       805    80400.0  1.00995E+48  1.51783E+51
       806    80500.0  1.08095E+48  1.62593E+51
       807    80600.0  1.15687E+48  1.74161E+51
       808    80700.0  1.23805E+48  1.86542E+51
       809    80800.0  1.32484E+48  1.99790E+51
       810    80900.0  1.41764E+48  2.13967E+51
       811    81000.0  1.51684E+48  2.29135E+51
       812    81100.0  1.62289E+48  2.45364E+51
       813    81200.0  1.73625E+48  2.62726E+51
       814    81300.0  1.85742E+48  2.81301E+51
       815    81400.0  1.98693E+48  3.01170E+51
       816    81500.0  2.12534E+48  3.22423E+51
       817    81600.0  2.27326E+48  3.45156E+51
       818    81700.0  2.43133E+48  3.69469E+51
       819    81800.0  2.60024E+48  3.95472E+51
       820    81900.0  2.78072E+48  4.23279E+51
       821    82000.0  2.97356E+48  4.53014E+51
       822    82100.0  3.17958E+48  4.84810E+51
       823    82200.0  3.39967E+48  5.18807E+51
       824    82300.0  3.63479E+48  5.55155E+51
       825    82400.0  3.88595E+48  5.94014E+51
       826    82500.0  4.15422E+48  6.35557E+51
       827    82600.0  4.44075E+48  6.79964E+51
       828    82700.0  4.74677E+48  7.27432E+51
       829    82800.0  5.07359E+48  7.78168E+51
       830    82900.0  5.42259E+48  8.32393E+51
       831    83000.0  5.79527E+48  8.90346E+51
       832    83100.0  6.19321E+48  9.52278E+51
       833    83200.0  6.61809E+48  1.01846E+52
       834    83300.0  7.07172E+48  1.08918E+52
       835    83400.0  7.55601E+48  1.16474E+52
       836    83500.0  8.07301E+48  1.24547E+52
       837    83600.0  8.62489E+48  1.33172E+52
       838    83700.0  9.21397E+48  1.42386E+52
       839    83800.0  9.84273E+48  1.52228E+52
       840    83900.0  1.05138E+49  1.62742E+52
       841    84000.0  1.12300E+49  1.73972E+52
       842    84100.0  1.19943E+49  1.85966E+52
       843    84200.0  1.28099E+49  1.98776E+52
       844    84300.0  1.36802E+49  2.12456E+52
       845    84400.0  1.46088E+49  2.27065E+52
       846    84500.0  1.55996E+49  2.42665E+52
       847    84600.0  1.66566E+49  2.59321E+52
       848    84700.0  1.77843E+49  2.77106E+52
       849    84800.0  1.89872E+49  2.96093E+52
       850    84900.0  2.02704E+49  3.16363E+52
       851    85000.0  2.16391E+49  3.38003E+52
       852    85100.0  2.30990E+49  3.61101E+52
       853    85200.0  2.46560E+49  3.85757E+52
       854    85300.0  2.63165E+49  4.12074E+52
       855    85400.0  2.80872E+49  4.40161E+52
       856    85500.0  2.99755E+49  4.70137E+52
       857    85600.0  3.19889E+49  5.02126E+52
       858    85700.0  3.41358E+49  5.36261E+52
       859    85800.0  3.64247E+49  5.72686E+52
       860    85900.0  3.88650E+49  6.11551E+52
       861    86000.0  4.14665E+49  6.53018E+52
       862    86100.0  4.42398E+49  6.97257E+52
       863    86200.0  4.71959E+49  7.44453E+52
       864    86300.0  5.03469E+49  7.94800E+52
       865    86400.0  5.37053E+49  8.48505E+52
       866    86500.0  5.72847E+49  9.05790E+52
       867    86600.0  6.10994E+49  9.66890E+52
       868    86700.0  6.51645E+49  1.03205E+53
       869    86800.0  6.94965E+49  1.10155E+53
       870    86900.0  7.41124E+49  1.17566E+53
       871    87000.0  7.90307E+49  1.25469E+53
       872    87100.0  8.42708E+49  1.33896E+53
       873    87200.0  8.98537E+49  1.42882E+53
       874    87300.0  9.58013E+49  1.52462E+53
       875    87400.0  1.02137E+50  1.62676E+53
       876    87500.0  1.08886E+50  1.73564E+53
       877    87600.0  1.16075E+50  1.85172E+53
       878    87700.0  1.23732E+50  1.97545E+53
       879    87800.0  1.31887E+50  2.10734E+53
       880    87900.0  1.40573E+50  2.24791E+53
       881    88000.0  1.49822E+50  2.39773E+53
       882    88100.0  1.59672E+50  2.55740E+53
       883    88200.0  1.70160E+50  2.72756E+53
       884    88300.0  1.81328E+50  2.90889E+53
       885    88400.0  1.93218E+50  3.10211E+53
       886    88500.0  2.05878E+50  3.30799E+53
       887    88600.0  2.19355E+50  3.52734E+53
       888    88700.0  2.33703E+50  3.76105E+53
       889    88800.0  2.48977E+50  4.01002E+53
       890    88900.0  2.65234E+50  4.27526E+53
       891    89000.0  2.82539E+50  4.55780E+53
       892    89100.0  3.00958E+50  4.85875E+53
       893    89200.0  3.20560E+50  5.17931E+53
       894    89300.0  3.41422E+50  5.52074E+53
       895    89400.0  3.63623E+50  5.88436E+53
       896    89500.0  3.87248E+50  6.27161E+53
       897    89600.0  4.12386E+50  6.68399E+53
       898    89700.0  4.39134E+50  7.12313E+53
       899    89800.0  4.67593E+50  7.59072E+53
       900    89900.0  4.97871E+50  8.08859E+53
       901    90000.0  5.30083E+50  8.61867E+53
       902    90100.0  5.64350E+50  9.18302E+53
       903    90200.0  6.00802E+50  9.78383E+53
       904    90300.0  6.39577E+50  1.04234E+54
       905    90400.0  6.80819E+50  1.11042E+54
       906    90500.0  7.24684E+50  1.18289E+54
       907    90600.0  7.71337E+50  1.26002E+54
       908    90700.0  8.20953E+50  1.34212E+54
       909    90800.0  8.73715E+50  1.42949E+54
       910    90900.0  9.29823E+50  1.52247E+54
       911    91000.0  9.89484E+50  1.62142E+54
       912    91100.0  1.05292E+51  1.72671E+54
       913    91200.0  1.12037E+51  1.83875E+54
       914    91300.0  1.19208E+51  1.95796E+54
       915    91400.0  1.26832E+51  2.08479E+54
       916    91500.0  1.34936E+51  2.21973E+54
       917    91600.0  1.43551E+51  2.36328E+54
       918    91700.0  1.52709E+51  2.51599E+54
       919    91800.0  1.62443E+51  2.67843E+54
       920    91900.0  1.72790E+51  2.85122E+54
       921    92000.0  1.83786E+51  3.03501E+54
       922    92100.0  1.95472E+51  3.23048E+54
       923    92200.0  2.07891E+51  3.43837E+54
       924    92300.0  2.21088E+51  3.65946E+54
       925    92400.0  2.35112E+51  3.89457E+54
       926    92500.0  2.50013E+51  4.14458E+54
       927    92600.0  2.65846E+51  4.41043E+54
       928    92700.0  2.82668E+51  4.69310E+54
       929    92800.0  3.00539E+51  4.99364E+54
       930    92900.0  3.19525E+51  5.31316E+54
       931    93000.0  3.39694E+51  5.65285E+54
       932    93100.0  3.61119E+51  6.01397E+54
       933    93200.0  3.83876E+51  6.39785E+54
       934    93300.0  4.08048E+51  6.80590E+54
       935    93400.0  4.33722E+51  7.23962E+54
       936    93500.0  4.60988E+51  7.70061E+54
       937    93600.0  4.89946E+51  8.19055E+54
       938    93700.0  5.20697E+51  8.71125E+54
       939    93800.0  5.53352E+51  9.26460E+54
       940    93900.0  5.88028E+51  9.85263E+54
       941    94000.0  6.24846E+51  1.04775E+55
       942    94100.0  6.63939E+51  1.11414E+55
       943    94200.0  7.05444E+51  1.18469E+55
       944    94300.0  7.49508E+51  1.25964E+55
       945    94400.0  7.96287E+51  1.33927E+55
       946    94500.0  8.45946E+51  1.42386E+55
       947    94600.0  8.98660E+51  1.51373E+55
       948    94700.0  9.54613E+51  1.60919E+55
       949    94800.0  1.01400E+52  1.71059E+55
       950    94900.0  1.07704E+52  1.81829E+55
       951    95000.0  1.14394E+52  1.93269E+55
       952    95100.0  1.21494E+52  2.05418E+55
       953    95200.0  1.29028E+52  2.18321E+55
       954    95300.0  1.37023E+52  2.32023E+55
       955    95400.0  1.45508E+52  2.46574E+55
       956    95500.0  1.54510E+52  2.62025E+55
       957    95600.0  1.64061E+52  2.78431E+55
       958    95700.0  1.74196E+52  2.95850E+55
       959    95800.0  1.84947E+52  3.14345E+55
       960    95900.0  1.96353E+52  3.33980E+55
       961    96000.0  2.08453E+52  3.54826E+55
       962    96100.0  2.21289E+52  3.76955E+55
       963    96200.0  2.34904E+52  4.00445E+55
       964    96300.0  2.49345E+52  4.25380E+55
       965    96400.0  2.64662E+52  4.51846E+55
       966    96500.0  2.80907E+52  4.79936E+55
       967    96600.0  2.98136E+52  5.09750E+55
       968    96700.0  3.16407E+52  5.41391E+55
       969    96800.0  3.35783E+52  5.74969E+55
       970    96900.0  3.56329E+52  6.10602E+55
       971    97000.0  3.78115E+52  6.48414E+55
       972    97100.0  4.01215E+52  6.88535E+55
       973    97200.0  4.25708E+52  7.31106E+55
       974    97300.0  4.51675E+52  7.76273E+55
       975    97400.0  4.79204E+52  8.24194E+55
       976    97500.0  5.08388E+52  8.75032E+55
       977    97600.0  5.39326E+52  9.28965E+55
       978    97700.0  5.72121E+52  9.86177E+55
       979    97800.0  6.06883E+52  1.04687E+56
       980    97900.0  6.43729E+52  1.11124E+56
       981    98000.0  6.82781E+52  1.17952E+56
       982    98100.0  7.24170E+52  1.25193E+56
       983    98200.0  7.68035E+52  1.32874E+56
       984    98300.0  8.14520E+52  1.41019E+56
       985    98400.0  8.63780E+52  1.49657E+56
       986    98500.0  9.15979E+52  1.58817E+56
       987    98600.0  9.71290E+52  1.68529E+56
       988    98700.0  1.02990E+53  1.78828E+56
       989    98800.0  1.09199E+53  1.89748E+56
       990    98900.0  1.15778E+53  2.01326E+56
       991    99000.0  1.22747E+53  2.13601E+56
       992    99100.0  1.30131E+53  2.26614E+56
       993    99200.0  1.37952E+53  2.40409E+56
       994    99300.0  1.46238E+53  2.55033E+56
       995    99400.0  1.55014E+53  2.70534E+56
       996    99500.0  1.64310E+53  2.86965E+56
       997    99600.0  1.74156E+53  3.04381E+56
       998    99700.0  1.84583E+53  3.22839E+56
       999    99800.0  1.95627E+53  3.42402E+56
      1000    99900.0  2.07322E+53  3.63134E+56
      1001   100000.0  2.19707E+53  3.85105E+56
      1002   100100.0  2.32822E+53  4.08387E+56
      1003   100200.0  2.46710E+53  4.33058E+56
      1004   100300.0  2.61414E+53  4.59199E+56
      1005   100400.0  2.76983E+53  4.86898E+56
      1006   100500.0  2.93467E+53  5.16244E+56
      1007   100600.0  3.10918E+53  5.47336E+56
      1008   100700.0  3.29394E+53  5.80276E+56
      1009   100800.0  3.48952E+53  6.15171E+56
      1010   100900.0  3.69655E+53  6.52136E+56
      1011   101000.0  3.91571E+53  6.91293E+56
      1012   101100.0  4.14768E+53  7.32770E+56
      1013   101200.0  4.39321E+53  7.76702E+56
      1014   101300.0  4.65308E+53  8.23233E+56
      1015   101400.0  4.92811E+53  8.72514E+56
      1016   101500.0  5.21918E+53  9.24706E+56
      1017   101600.0  5.52720E+53  9.79978E+56
      1018   101700.0  5.85316E+53  1.03851E+57
      1019   101800.0  6.19809E+53  1.10049E+57
      1020   101900.0  6.56306E+53  1.16612E+57
      1021   102000.0  6.94924E+53  1.23561E+57
      1022   102100.0  7.35784E+53  1.30919E+57
      1023   102200.0  7.79013E+53  1.38709E+57
      1024   102300.0  8.24748E+53  1.46957E+57
      1025   102400.0  8.73132E+53  1.55688E+57
      1026   102500.0  9.24316E+53  1.64931E+57
      1027   102600.0  9.78460E+53  1.74716E+57
      1028   102700.0  1.03573E+54  1.85073E+57
      1029   102800.0  1.09631E+54  1.96036E+57
      1030   102900.0  1.16039E+54  2.07640E+57
      1031   103000.0  1.22816E+54  2.19922E+57
      1032   103100.0  1.29983E+54  2.32920E+57
      1033   103200.0  1.37563E+54  2.46676E+57
      1034   103300.0  1.45579E+54  2.61234E+57
      1035   103400.0  1.54056E+54  2.76640E+57
      1036   103500.0  1.63020E+54  2.92942E+57
      1037   103600.0  1.72499E+54  3.10192E+57
      1038   103700.0  1.82521E+54  3.28444E+57
      1039   103800.0  1.93118E+54  3.47756E+57
      1040   103900.0  2.04321E+54  3.68188E+57
      1041   104000.0  2.16166E+54  3.89805E+57
      1042   104100.0  2.28688E+54  4.12673E+57
      1043   104200.0  2.41926E+54  4.36866E+57
      1044   104300.0  2.55920E+54  4.62458E+57
      1045   104400.0  2.70712E+54  4.89529E+57
      1046   104500.0  2.86348E+54  5.18164E+57
      1047   104600.0  3.02875E+54  5.48452E+57
      1048   104700.0  3.20343E+54  5.80486E+57
      1049   104800.0  3.38804E+54  6.14366E+57
      1050   104900.0  3.58316E+54  6.50198E+57
      1051   105000.0  3.78935E+54  6.88091E+57
      1052   105100.0  4.00726E+54  7.28164E+57
      1053   105200.0  4.23753E+54  7.70539E+57
      1054   105300.0  4.48085E+54  8.15348E+57
      1055   105400.0  4.73795E+54  8.62727E+57
      1056   105500.0  5.00961E+54  9.12823E+57
      1057   105600.0  5.29663E+54  9.65789E+57
      1058   105700.0  5.59988E+54  1.02179E+58
      1059   105800.0  5.92026E+54  1.08099E+58
      1060   105900.0  6.25871E+54  1.14358E+58
      1061   106000.0  6.61626E+54  1.20974E+58
      1062   106100.0  6.99396E+54  1.27968E+58
      1063   106200.0  7.39294E+54  1.35361E+58
      1064   106300.0  7.81436E+54  1.43175E+58
      1065   106400.0  8.25949E+54  1.51435E+58
      1066   106500.0  8.72963E+54  1.60164E+58
      1067   106600.0  9.22617E+54  1.69391E+58
      1068   106700.0  9.75058E+54  1.79141E+58
      1069   106800.0  1.03044E+55  1.89446E+58
      1070   106900.0  1.08892E+55  2.00335E+58
      1071   107000.0  1.15068E+55  2.11842E+58
      1072   107100.0  1.21590E+55  2.24001E+58
      1073   107200.0  1.28476E+55  2.36848E+58
      1074   107300.0  1.35747E+55  2.50423E+58
      1075   107400.0  1.43424E+55  2.64765E+58
      1076   107500.0  1.51529E+55  2.79918E+58
      1077   107600.0  1.60086E+55  2.95927E+58
      1078   107700.0  1.69120E+55  3.12839E+58
      1079   107800.0  1.78657E+55  3.30705E+58
      1080   107900.0  1.88725E+55  3.49577E+58
      1081   108000.0  1.99352E+55  3.69512E+58
      1082   108100.0  2.10569E+55  3.90569E+58
      1083   108200.0  2.22410E+55  4.12810E+58
      1084   108300.0  2.34907E+55  4.36301E+58
      1085   108400.0  2.48097E+55  4.61111E+58
      1086   108500.0  2.62017E+55  4.87312E+58
      1087   108600.0  2.76709E+55  5.14983E+58
      1088   108700.0  2.92213E+55  5.44204E+58
      1089   108800.0  3.08574E+55  5.75062E+58
      1090   108900.0  3.25838E+55  6.07646E+58
      1091   109000.0  3.44056E+55  6.42051E+58
      1092   109100.0  3.63279E+55  6.78379E+58
      1093   109200.0  3.83561E+55  7.16735E+58
      1094   109300.0  4.04961E+55  7.57231E+58
      1095   109400.0  4.27538E+55  7.99985E+58
      1096   109500.0  4.51358E+55  8.45121E+58
      1097   109600.0  4.76486E+55  8.92770E+58
      1098   109700.0  5.02995E+55  9.43069E+58
      1099   109800.0  5.30959E+55  9.96165E+58
      1100   109900.0  5.60457E+55  1.05221E+59
      1101   110000.0  5.91572E+55  1.11137E+59
      1102   110100.0  6.24391E+55  1.17381E+59
      1103   110200.0  6.59006E+55  1.23971E+59
      1104   110300.0  6.95515E+55  1.30926E+59
      1105   110400.0  7.34019E+55  1.38266E+59
      1106   110500.0  7.74627E+55  1.46012E+59
      1107   110600.0  8.17450E+55  1.54187E+59
      1108   110700.0  8.62610E+55  1.62813E+59
      1109   110800.0  9.10231E+55  1.71915E+59
      1110   110900.0  9.60446E+55  1.81520E+59
      1111   111000.0  1.01339E+56  1.91654E+59
      1112   111100.0  1.06922E+56  2.02346E+59
      1113   111200.0  1.12808E+56  2.13627E+59
      1114   111300.0  1.19014E+56  2.25528E+59
      1115   111400.0  1.25557E+56  2.38084E+59
      1116   111500.0  1.32455E+56  2.51329E+59
      1117   111600.0  1.39726E+56  2.65302E+59
      1118   111700.0  1.47392E+56  2.80041E+59
      1119   111800.0  1.55472E+56  2.95588E+59
      1120   111900.0  1.63990E+56  3.11987E+59
      1121   112000.0  1.72967E+56  3.29284E+59
      1122   112100.0  1.82430E+56  3.47527E+59
      1123   112200.0  1.92404E+56  3.66767E+59
      1124   112300.0  2.02915E+56  3.87059E+59
      1125   112400.0  2.13993E+56  4.08458E+59
      1126   112500.0  2.25668E+56  4.31025E+59
      1127   112600.0  2.37971E+56  4.54822E+59
      1128   112700.0  2.50936E+56  4.79916E+59
      1129   112800.0  2.64598E+56  5.06376E+59
      1130   112900.0  2.78994E+56  5.34275E+59
      1131   113000.0  2.94163E+56  5.63691E+59
      1132   113100.0  3.10145E+56  5.94706E+59
      1133   113200.0  3.26984E+56  6.27404E+59
      1134   113300.0  3.44725E+56  6.61877E+59
      1135   113400.0  3.63416E+56  6.98218E+59
      1136   113500.0  3.83107E+56  7.36529E+59
      1137   113600.0  4.03851E+56  7.76914E+59
      1138   113700.0  4.25703E+56  8.19485E+59
      1139   113800.0  4.48721E+56  8.64357E+59
      1140   113900.0  4.72967E+56  9.11653E+59
      1141   114000.0  4.98506E+56  9.61504E+59
      1142   114100.0  5.25406E+56  1.01404E+60
      1143   114200.0  5.53738E+56  1.06942E+60
      1144   114300.0  5.83577E+56  1.12778E+60
      1145   114400.0  6.15003E+56  1.18928E+60
      1146   114500.0  6.48099E+56  1.25409E+60
      1147   114600.0  6.82952E+56  1.32238E+60
      1148   114700.0  7.19654E+56  1.39435E+60
      1149   114800.0  7.58302E+56  1.47018E+60
      1150   114900.0  7.98999E+56  1.55008E+60
      1151   115000.0  8.41850E+56  1.63426E+60
      1152   115100.0  8.86969E+56  1.72296E+60
      1153   115200.0  9.34473E+56  1.81641E+60
      1154   115300.0  9.84489E+56  1.91486E+60
      1155   115400.0  1.03715E+57  2.01857E+60
      1156   115500.0  1.09258E+57  2.12783E+60
      1157   115600.0  1.15094E+57  2.24292E+60
      1158   115700.0  1.21237E+57  2.36416E+60
      1159   115800.0  1.27704E+57  2.49186E+60
      1160   115900.0  1.34512E+57  2.62638E+60
      1161   116000.0  1.41677E+57  2.76805E+60
      1162   116100.0  1.49219E+57  2.91727E+60
      1163   116200.0  1.57158E+57  3.07443E+60
      1164   116300.0  1.65513E+57  3.23994E+60
      1165   116400.0  1.74306E+57  3.41425E+60
      1166   116500.0  1.83560E+57  3.59781E+60
      1167   116600.0  1.93299E+57  3.79111E+60
      1168   116700.0  2.03547E+57  3.99465E+60
      1169   116800.0  2.14332E+57  4.20899E+60
      1170   116900.0  2.25681E+57  4.43467E+60
      1171   117000.0  2.37623E+57  4.67229E+60
      1172   117100.0  2.50188E+57  4.92248E+60
      1173   117200.0  2.63409E+57  5.18589E+60
      1174   117300.0  2.77319E+57  5.46321E+60
      1175   117400.0  2.91954E+57  5.75516E+60
      1176   117500.0  3.07351E+57  6.06251E+60
      1177   117600.0  3.23549E+57  6.38606E+60
      1178   117700.0  3.40589E+57  6.72665E+60
      1179   117800.0  3.58516E+57  7.08516E+60
      1180   117900.0  3.77373E+57  7.46254E+60
      1181   118000.0  3.97208E+57  7.85974E+60
      1182   118100.0  4.18073E+57  8.27782E+60
      1183   118200.0  4.40019E+57  8.71784E+60
      1184   118300.0  4.63101E+57  9.18094E+60
      1185   118400.0  4.87379E+57  9.66832E+60
      1186   118500.0  5.12912E+57  1.01812E+61
      1187   118600.0  5.39765E+57  1.07210E+61
      1188   118700.0  5.68006E+57  1.12890E+61
      1189   118800.0  5.97704E+57  1.18867E+61
      1190   118900.0  6.28934E+57  1.25156E+61
      1191   119000.0  6.61775E+57  1.31774E+61
      1192   119100.0  6.96308E+57  1.38737E+61
      1193   119200.0  7.32619E+57  1.46063E+61
      1194   119300.0  7.70798E+57  1.53771E+61
      1195   119400.0  8.10940E+57  1.61881E+61
      1196   119500.0  8.53146E+57  1.70412E+61
      1197   119600.0  8.97518E+57  1.79387E+61
      1198   119700.0  9.44169E+57  1.88829E+61
      1199   119800.0  9.93211E+57  1.98761E+61
      1200   119900.0  1.04477E+58  2.09209E+61
      1201   120000.0  1.09896E+58  2.20199E+61
      1202   120100.0  1.15594E+58  2.31758E+61
      1203   120200.0  1.21582E+58  2.43916E+61
      1204   120300.0  1.27877E+58  2.56704E+61
      1205   120400.0  1.34493E+58  2.70153E+61
      1206   120500.0  1.41447E+58  2.84298E+61
      1207   120600.0  1.48756E+58  2.99173E+61
      1208   120700.0  1.56437E+58  3.14817E+61
      1209   120800.0  1.64510E+58  3.31268E+61
      1210   120900.0  1.72994E+58  3.48568E+61
      1211   121000.0  1.81910E+58  3.66759E+61
