       No.    E-Emin     Density     Sum
         1        0.0  1.00000E-02  1.00000E+00
         2      100.0  3.00000E-02  4.00000E+00
         3      200.0  3.00000E-02  7.00000E+00
         4      300.0  8.00000E-02  1.50000E+01
         5      400.0  2.60000E-01  4.10000E+01
         6      500.0  4.20000E-01  8.30000E+01
         7      600.0  7.10000E-01  1.54000E+02
         8      700.0  1.57000E+00  3.11000E+02
         9      800.0  2.82000E+00  5.93000E+02
        10      900.0  4.77000E+00  1.07000E+03
        11     1000.0  8.66000E+00  1.93600E+03
        12     1100.0  1.48900E+01  3.42500E+03
        13     1200.0  2.50400E+01  5.92900E+03
        14     1300.0  4.24500E+01  1.01740E+04
        15     1400.0  6.95700E+01  1.71310E+04
        16     1500.0  1.13340E+02  2.84650E+04
        17     1600.0  1.84940E+02  4.69590E+04
        18     1700.0  2.94440E+02  7.64030E+04
        19     1800.0  4.65220E+02  1.22925E+05
        20     1900.0  7.34610E+02  1.96386E+05
        21     2000.0  1.14304E+03  3.10690E+05
        22     2100.0  1.76462E+03  4.87152E+05
        23     2200.0  2.71392E+03  7.58544E+05
        24     2300.0  4.13402E+03  1.17195E+06
        25     2400.0  6.25813E+03  1.79776E+06
        26     2500.0  9.42742E+03  2.74050E+06
        27     2600.0  1.40956E+04  4.15006E+06
        28     2700.0  2.09661E+04  6.24668E+06
        29     2800.0  3.10397E+04  9.35065E+06
        30     2900.0  4.56719E+04  1.39178E+07
        31     3000.0  6.68858E+04  2.06064E+07
        32     3100.0  9.75275E+04  3.03592E+07
        33     3200.0  1.41487E+05  4.45078E+07
        34     3300.0  2.04383E+05  6.49461E+07
        35     3400.0  2.94042E+05  9.43503E+07
        36     3500.0  4.21194E+05  1.36470E+08
        37     3600.0  6.01011E+05  1.96571E+08
        38     3700.0  8.54385E+05  2.82009E+08
        39     3800.0  1.20991E+06  4.03001E+08
        40     3900.0  1.70739E+06  5.73740E+08
        41     4000.0  2.40116E+06  8.13856E+08
        42     4100.0  3.36520E+06  1.15038E+09
        43     4200.0  4.70114E+06  1.62049E+09
        44     4300.0  6.54678E+06  2.27517E+09
        45     4400.0  9.08857E+06  3.18402E+09
        46     4500.0  1.25798E+07  4.44201E+09
        47     4600.0  1.73617E+07  6.17818E+09
        48     4700.0  2.38930E+07  8.56748E+09
        49     4800.0  3.27911E+07  1.18466E+10
        50     4900.0  4.48823E+07  1.63348E+10
        51     5000.0  6.12703E+07  2.24619E+10
        52     5100.0  8.34295E+07  3.08048E+10
        53     5200.0  1.13320E+08  4.21368E+10
        54     5300.0  1.53543E+08  5.74911E+10
        55     5400.0  2.07551E+08  7.82461E+10
        56     5500.0  2.79904E+08  1.06237E+11
        57     5600.0  3.76621E+08  1.43899E+11
        58     5700.0  5.05636E+08  1.94462E+11
        59     5800.0  6.77370E+08  2.62199E+11
        60     5900.0  9.05503E+08  3.52749E+11
        61     6000.0  1.20795E+09  4.73545E+11
        62     6100.0  1.60814E+09  6.34359E+11
        63     6200.0  2.13663E+09  8.48022E+11
        64     6300.0  2.83326E+09  1.13135E+12
        65     6400.0  3.74980E+09  1.50633E+12
        66     6500.0  4.95352E+09  2.00168E+12
        67     6600.0  6.53156E+09  2.65484E+12
        68     6700.0  8.59674E+09  3.51451E+12
        69     6800.0  1.12948E+10  4.64399E+12
        70     6900.0  1.48138E+10  6.12537E+12
        71     7000.0  1.93958E+10  8.06495E+12
        72     7100.0  2.53525E+10  1.06002E+13
        73     7200.0  3.30838E+10  1.39086E+13
        74     7300.0  4.31027E+10  1.82188E+13
        75     7400.0  5.60660E+10  2.38254E+13
        76     7500.0  7.28137E+10  3.11068E+13
        77     7600.0  9.44185E+10  4.05487E+13
        78     7700.0  1.22248E+11  5.27735E+13
        79     7800.0  1.58044E+11  6.85778E+13
        80     7900.0  2.04021E+11  8.89799E+13
        81     8000.0  2.62993E+11  1.15279E+14
        82     8100.0  3.38530E+11  1.49132E+14
        83     8200.0  4.35151E+11  1.92647E+14
        84     8300.0  5.58579E+11  2.48505E+14
        85     8400.0  7.16043E+11  3.20110E+14
        86     8500.0  9.16668E+11  4.11776E+14
        87     8600.0  1.17196E+12  5.28972E+14
        88     8700.0  1.49641E+12  6.78613E+14
        89     8800.0  1.90822E+12  8.69435E+14
        90     8900.0  2.43031E+12  1.11247E+15
        91     9000.0  3.09139E+12  1.42161E+15
        92     9100.0  3.92748E+12  1.81435E+15
        93     9200.0  4.98365E+12  2.31272E+15
        94     9300.0  6.31632E+12  2.94435E+15
        95     9400.0  7.99594E+12  3.74394E+15
        96     9500.0  1.01105E+13  4.75499E+15
        97     9600.0  1.27695E+13  6.03194E+15
        98     9700.0  1.61097E+13  7.64291E+15
        99     9800.0  2.03009E+13  9.67300E+15
       100     9900.0  2.55544E+13  1.22284E+16
       101    10000.0  3.21325E+13  1.54417E+16
       102    10100.0  4.03606E+13  1.94778E+16
       103    10200.0  5.06419E+13  2.45419E+16
       104    10300.0  6.34757E+13  3.08895E+16
       105    10400.0  7.94798E+13  3.88375E+16
       106    10500.0  9.94175E+13  4.87792E+16
       107    10600.0  1.24231E+14  6.12024E+16
       108    10700.0  1.55084E+14  7.67107E+16
       109    10800.0  1.93408E+14  9.60515E+16
       110    10900.0  2.40968E+14  1.20148E+17
       111    11000.0  2.99936E+14  1.50142E+17
       112    11100.0  3.72978E+14  1.87440E+17
       113    11200.0  4.63373E+14  2.33777E+17
       114    11300.0  5.75142E+14  2.91291E+17
       115    11400.0  7.13216E+14  3.62613E+17
       116    11500.0  8.83635E+14  4.50976E+17
       117    11600.0  1.09379E+15  5.60356E+17
       118    11700.0  1.35273E+15  6.95629E+17
       119    11800.0  1.67150E+15  8.62778E+17
       120    11900.0  2.06359E+15  1.06914E+18
       121    12000.0  2.54548E+15  1.32369E+18
       122    12100.0  3.13722E+15  1.63741E+18
       123    12200.0  3.86328E+15  2.02373E+18
       124    12300.0  4.75341E+15  2.49908E+18
       125    12400.0  5.84382E+15  3.08346E+18
       126    12500.0  7.17853E+15  3.80131E+18
       127    12600.0  8.81097E+15  4.68241E+18
       128    12700.0  1.08060E+16  5.76301E+18
       129    12800.0  1.32423E+16  7.08724E+18
       130    12900.0  1.62152E+16  8.70876E+18
       131    13000.0  1.98402E+16  1.06928E+19
       132    13100.0  2.42569E+16  1.31185E+19
       133    13200.0  2.96344E+16  1.60819E+19
       134    13300.0  3.61767E+16  1.96996E+19
       135    13400.0  4.41306E+16  2.41126E+19
       136    13500.0  5.37936E+16  2.94920E+19
       137    13600.0  6.55247E+16  3.60445E+19
       138    13700.0  7.97562E+16  4.40201E+19
       139    13800.0  9.70093E+16  5.37210E+19
       140    13900.0  1.17911E+17  6.55121E+19
       141    14000.0  1.43215E+17  7.98337E+19
       142    14100.0  1.73829E+17  9.72166E+19
       143    14200.0  2.10842E+17  1.18301E+20
       144    14300.0  2.55560E+17  1.43857E+20
       145    14400.0  3.09554E+17  1.74812E+20
       146    14500.0  3.74703E+17  2.12282E+20
       147    14600.0  4.53262E+17  2.57609E+20
       148    14700.0  5.47930E+17  3.12402E+20
       149    14800.0  6.61938E+17  3.78595E+20
       150    14900.0  7.99150E+17  4.58510E+20
       151    15000.0  9.64185E+17  5.54929E+20
       152    15100.0  1.16256E+18  6.71185E+20
       153    15200.0  1.40087E+18  8.11272E+20
       154    15300.0  1.68697E+18  9.79969E+20
       155    15400.0  2.03025E+18  1.18299E+21
       156    15500.0  2.44187E+18  1.42718E+21
       157    15600.0  2.93516E+18  1.72070E+21
       158    15700.0  3.52596E+18  2.07329E+21
       159    15800.0  4.23315E+18  2.49661E+21
       160    15900.0  5.07915E+18  3.00452E+21
       161    16000.0  6.09064E+18  3.61359E+21
       162    16100.0  7.29929E+18  4.34352E+21
       163    16200.0  8.74272E+18  5.21779E+21
       164    16300.0  1.04656E+19  6.26434E+21
       165    16400.0  1.25208E+19  7.51642E+21
       166    16500.0  1.49711E+19  9.01353E+21
       167    16600.0  1.78908E+19  1.08026E+22
       168    16700.0  2.13681E+19  1.29394E+22
       169    16800.0  2.55072E+19  1.54901E+22
       170    16900.0  3.04313E+19  1.85333E+22
       171    17000.0  3.62862E+19  2.21619E+22
       172    17100.0  4.32443E+19  2.64863E+22
       173    17200.0  5.15090E+19  3.16372E+22
       174    17300.0  6.13206E+19  3.77693E+22
       175    17400.0  7.29626E+19  4.50655E+22
       176    17500.0  8.67694E+19  5.37425E+22
       177    17600.0  1.03135E+20  6.40560E+22
       178    17700.0  1.22525E+20  7.63085E+22
       179    17800.0  1.45485E+20  9.08570E+22
       180    17900.0  1.72660E+20  1.08123E+23
       181    18000.0  2.04808E+20  1.28604E+23
       182    18100.0  2.42820E+20  1.52886E+23
       183    18200.0  2.87743E+20  1.81660E+23
       184    18300.0  3.40810E+20  2.15741E+23
       185    18400.0  4.03465E+20  2.56088E+23
       186    18500.0  4.77407E+20  3.03828E+23
       187    18600.0  5.64628E+20  3.60291E+23
       188    18700.0  6.67463E+20  4.27038E+23
       189    18800.0  7.88652E+20  5.05903E+23
       190    18900.0  9.31404E+20  5.99043E+23
       191    19000.0  1.09948E+21  7.08991E+23
       192    19100.0  1.29728E+21  8.38719E+23
       193    19200.0  1.52996E+21  9.91715E+23
       194    19300.0  1.80354E+21  1.17207E+24
       195    19400.0  2.12507E+21  1.38457E+24
       196    19500.0  2.50278E+21  1.63485E+24
       197    19600.0  2.94631E+21  1.92948E+24
       198    19700.0  3.46688E+21  2.27617E+24
       199    19800.0  4.07763E+21  2.68394E+24
       200    19900.0  4.79384E+21  3.16332E+24
       201    20000.0  5.63339E+21  3.72666E+24
       202    20100.0  6.61709E+21  4.38837E+24
       203    20200.0  7.76919E+21  5.16529E+24
       204    20300.0  9.11798E+21  6.07708E+24
       205    20400.0  1.06964E+22  7.14672E+24
       206    20500.0  1.25426E+22  8.40098E+24
       207    20600.0  1.47014E+22  9.87112E+24
       208    20700.0  1.72245E+22  1.15936E+25
       209    20800.0  2.01723E+22  1.36108E+25
       210    20900.0  2.36148E+22  1.59723E+25
       211    21000.0  2.76334E+22  1.87356E+25
       212    21100.0  3.23227E+22  2.19679E+25
       213    21200.0  3.77924E+22  2.57471E+25
       214    21300.0  4.41699E+22  3.01641E+25
       215    21400.0  5.16030E+22  3.53244E+25
       216    21500.0  6.02630E+22  4.13507E+25
       217    21600.0  7.03485E+22  4.83856E+25
       218    21700.0  8.20897E+22  5.65946E+25
       219    21800.0  9.57531E+22  6.61699E+25
       220    21900.0  1.11647E+23  7.73346E+25
       221    22000.0  1.30130E+23  9.03476E+25
       222    22100.0  1.51614E+23  1.05509E+26
       223    22200.0  1.76577E+23  1.23167E+26
       224    22300.0  2.05574E+23  1.43724E+26
       225    22400.0  2.39241E+23  1.67648E+26
       226    22500.0  2.78319E+23  1.95480E+26
       227    22600.0  3.23658E+23  2.27846E+26
       228    22700.0  3.76246E+23  2.65470E+26
       229    22800.0  4.37216E+23  3.09192E+26
       230    22900.0  5.07882E+23  3.59980E+26
       231    23000.0  5.89754E+23  4.18956E+26
       232    23100.0  6.84578E+23  4.87413E+26
       233    23200.0  7.94364E+23  5.66850E+26
       234    23300.0  9.21426E+23  6.58992E+26
       235    23400.0  1.06843E+24  7.65836E+26
       236    23500.0  1.23846E+24  8.89682E+26
       237    23600.0  1.43504E+24  1.03319E+27
       238    23700.0  1.66224E+24  1.19941E+27
       239    23800.0  1.92475E+24  1.39189E+27
       240    23900.0  2.22795E+24  1.61468E+27
       241    24000.0  2.57802E+24  1.87248E+27
       242    24100.0  2.98209E+24  2.17069E+27
       243    24200.0  3.44832E+24  2.51552E+27
       244    24300.0  3.98609E+24  2.91413E+27
       245    24400.0  4.60619E+24  3.37475E+27
       246    24500.0  5.32099E+24  3.90685E+27
       247    24600.0  6.14467E+24  4.52132E+27
       248    24700.0  7.09352E+24  5.23067E+27
       249    24800.0  8.18621E+24  6.04929E+27
       250    24900.0  9.44414E+24  6.99370E+27
       251    25000.0  1.08918E+25  8.08289E+27
       252    25100.0  1.25574E+25  9.33863E+27
       253    25200.0  1.44730E+25  1.07859E+28
       254    25300.0  1.66756E+25  1.24535E+28
       255    25400.0  1.92072E+25  1.43742E+28
       256    25500.0  2.21162E+25  1.65858E+28
       257    25600.0  2.54578E+25  1.91316E+28
       258    25700.0  2.92951E+25  2.20611E+28
       259    25800.0  3.37004E+25  2.54311E+28
       260    25900.0  3.87561E+25  2.93068E+28
       261    26000.0  4.45567E+25  3.37624E+28
       262    26100.0  5.12097E+25  3.88834E+28
       263    26200.0  5.88383E+25  4.47672E+28
       264    26300.0  6.75829E+25  5.15255E+28
       265    26400.0  7.76037E+25  5.92859E+28
       266    26500.0  8.90837E+25  6.81943E+28
       267    26600.0  1.02232E+26  7.84174E+28
       268    26700.0  1.17285E+26  9.01459E+28
       269    26800.0  1.34516E+26  1.03597E+29
       270    26900.0  1.54232E+26  1.19021E+29
       271    27000.0  1.76787E+26  1.36699E+29
       272    27100.0  2.02582E+26  1.56958E+29
       273    27200.0  2.32074E+26  1.80165E+29
       274    27300.0  2.65782E+26  2.06743E+29
       275    27400.0  3.04300E+26  2.37173E+29
       276    27500.0  3.48301E+26  2.72003E+29
       277    27600.0  3.98551E+26  3.11858E+29
       278    27700.0  4.55922E+26  3.57451E+29
       279    27800.0  5.21406E+26  4.09591E+29
       280    27900.0  5.96130E+26  4.69204E+29
       281    28000.0  6.81373E+26  5.37342E+29
       282    28100.0  7.78590E+26  6.15201E+29
       283    28200.0  8.89434E+26  7.04144E+29
       284    28300.0  1.01578E+27  8.05722E+29
       285    28400.0  1.15976E+27  9.21698E+29
       286    28500.0  1.32379E+27  1.05408E+30
       287    28600.0  1.51061E+27  1.20514E+30
       288    28700.0  1.72333E+27  1.37747E+30
       289    28800.0  1.96548E+27  1.57402E+30
       290    28900.0  2.24107E+27  1.79813E+30
       291    29000.0  2.55462E+27  2.05359E+30
       292    29100.0  2.91127E+27  2.34471E+30
       293    29200.0  3.31685E+27  2.67640E+30
       294    29300.0  3.77795E+27  3.05419E+30
       295    29400.0  4.30203E+27  3.48440E+30
       296    29500.0  4.89755E+27  3.97415E+30
       297    29600.0  5.57407E+27  4.53156E+30
       298    29700.0  6.34242E+27  5.16580E+30
       299    29800.0  7.21484E+27  5.88728E+30
       300    29900.0  8.20520E+27  6.70780E+30
       301    30000.0  9.32914E+27  7.64072E+30
       302    30100.0  1.06044E+28  8.70116E+30
       303    30200.0  1.20509E+28  9.90625E+30
       304    30300.0  1.36914E+28  1.12754E+31
       305    30400.0  1.55513E+28  1.28305E+31
       306    30500.0  1.76595E+28  1.45965E+31
       307    30600.0  2.00487E+28  1.66013E+31
       308    30700.0  2.27554E+28  1.88769E+31
       309    30800.0  2.58214E+28  2.14590E+31
       310    30900.0  2.92934E+28  2.43884E+31
       311    31000.0  3.32241E+28  2.77108E+31
       312    31100.0  3.76733E+28  3.14781E+31
       313    31200.0  4.27082E+28  3.57489E+31
       314    31300.0  4.84044E+28  4.05894E+31
       315    31400.0  5.48473E+28  4.60741E+31
       316    31500.0  6.21332E+28  5.22874E+31
       317    31600.0  7.03704E+28  5.93244E+31
       318    31700.0  7.96811E+28  6.72926E+31
       319    31800.0  9.02027E+28  7.63128E+31
       320    31900.0  1.02090E+29  8.65218E+31
       321    32000.0  1.15517E+29  9.80735E+31
       322    32100.0  1.30680E+29  1.11142E+32
       323    32200.0  1.47800E+29  1.25922E+32
       324    32300.0  1.67125E+29  1.42634E+32
       325    32400.0  1.88933E+29  1.61527E+32
       326    32500.0  2.13539E+29  1.82881E+32
       327    32600.0  2.41296E+29  2.07011E+32
       328    32700.0  2.72599E+29  2.34271E+32
       329    32800.0  3.07895E+29  2.65060E+32
       330    32900.0  3.47683E+29  2.99829E+32
       331    33000.0  3.92527E+29  3.39081E+32
       332    33100.0  4.43057E+29  3.83387E+32
       333    33200.0  4.99983E+29  4.33385E+32
       334    33300.0  5.64100E+29  4.89795E+32
       335    33400.0  6.36300E+29  5.53425E+32
       336    33500.0  7.17587E+29  6.25184E+32
       337    33600.0  8.09084E+29  7.06092E+32
       338    33700.0  9.12051E+29  7.97297E+32
       339    33800.0  1.02790E+30  9.00088E+32
       340    33900.0  1.15822E+30  1.01591E+33
       341    34000.0  1.30479E+30  1.14639E+33
       342    34100.0  1.46960E+30  1.29335E+33
       343    34200.0  1.65487E+30  1.45884E+33
       344    34300.0  1.86311E+30  1.64515E+33
       345    34400.0  2.09712E+30  1.85486E+33
       346    34500.0  2.36004E+30  2.09086E+33
       347    34600.0  2.65536E+30  2.35640E+33
       348    34700.0  2.98702E+30  2.65510E+33
       349    34800.0  3.35943E+30  2.99105E+33
       350    34900.0  3.77749E+30  3.36879E+33
       351    35000.0  4.24671E+30  3.79346E+33
       352    35100.0  4.77325E+30  4.27079E+33
       353    35200.0  5.36399E+30  4.80719E+33
       354    35300.0  6.02663E+30  5.40985E+33
       355    35400.0  6.76977E+30  6.08683E+33
       356    35500.0  7.60304E+30  6.84713E+33
       357    35600.0  8.53717E+30  7.70085E+33
       358    35700.0  9.58419E+30  8.65927E+33
       359    35800.0  1.07575E+31  9.73502E+33
       360    35900.0  1.20721E+31  1.09422E+34
       361    36000.0  1.35446E+31  1.22967E+34
       362    36100.0  1.51938E+31  1.38161E+34
       363    36200.0  1.70406E+31  1.55201E+34
       364    36300.0  1.91081E+31  1.74309E+34
       365    36400.0  2.14223E+31  1.95732E+34
       366    36500.0  2.40122E+31  2.19744E+34
       367    36600.0  2.69101E+31  2.46654E+34
       368    36700.0  3.01520E+31  2.76806E+34
       369    36800.0  3.37780E+31  3.10584E+34
       370    36900.0  3.78330E+31  3.48417E+34
       371    37000.0  4.23668E+31  3.90784E+34
       372    37100.0  4.74350E+31  4.38219E+34
       373    37200.0  5.30996E+31  4.91318E+34
       374    37300.0  5.94296E+31  5.50748E+34
       375    37400.0  6.65019E+31  6.17250E+34
       376    37500.0  7.44021E+31  6.91652E+34
       377    37600.0  8.32255E+31  7.74877E+34
       378    37700.0  9.30782E+31  8.67956E+34
       379    37800.0  1.04078E+32  9.72034E+34
       380    37900.0  1.16357E+32  1.08839E+35
       381    38000.0  1.30062E+32  1.21845E+35
       382    38100.0  1.45354E+32  1.36381E+35
       383    38200.0  1.62414E+32  1.52622E+35
       384    38300.0  1.81445E+32  1.70767E+35
       385    38400.0  2.02670E+32  1.91034E+35
       386    38500.0  2.26337E+32  2.13667E+35
       387    38600.0  2.52723E+32  2.38940E+35
       388    38700.0  2.82135E+32  2.67153E+35
       389    38800.0  3.14915E+32  2.98645E+35
       390    38900.0  3.51442E+32  3.33789E+35
       391    39000.0  3.92137E+32  3.73003E+35
       392    39100.0  4.37469E+32  4.16749E+35
       393    39200.0  4.87957E+32  4.65545E+35
       394    39300.0  5.44177E+32  5.19963E+35
       395    39400.0  6.06770E+32  5.80640E+35
       396    39500.0  6.76447E+32  6.48284E+35
       397    39600.0  7.53997E+32  7.23684E+35
       398    39700.0  8.40294E+32  8.07714E+35
       399    39800.0  9.36309E+32  9.01344E+35
       400    39900.0  1.04312E+33  1.00566E+36
       401    40000.0  1.16192E+33  1.12185E+36
       402    40100.0  1.29403E+33  1.25125E+36
       403    40200.0  1.44092E+33  1.39534E+36
       404    40300.0  1.60422E+33  1.55577E+36
       405    40400.0  1.78573E+33  1.73434E+36
       406    40500.0  1.98745E+33  1.93308E+36
       407    40600.0  2.21159E+33  2.15424E+36
       408    40700.0  2.46060E+33  2.40030E+36
       409    40800.0  2.73721E+33  2.67402E+36
       410    40900.0  3.04441E+33  2.97846E+36
       411    41000.0  3.38553E+33  3.31702E+36
       412    41100.0  3.76428E+33  3.69344E+36
       413    41200.0  4.18471E+33  4.11192E+36
       414    41300.0  4.65136E+33  4.57705E+36
       415    41400.0  5.16922E+33  5.09397E+36
       416    41500.0  5.74381E+33  5.66835E+36
       417    41600.0  6.38126E+33  6.30648E+36
       418    41700.0  7.08833E+33  7.01531E+36
       419    41800.0  7.87250E+33  7.80256E+36
       420    41900.0  8.74204E+33  8.67677E+36
       421    42000.0  9.70610E+33  9.64738E+36
       422    42100.0  1.07748E+34  1.07249E+37
       423    42200.0  1.19593E+34  1.19208E+37
       424    42300.0  1.32719E+34  1.32480E+37
       425    42400.0  1.47264E+34  1.47206E+37
       426    42500.0  1.63377E+34  1.63544E+37
       427    42600.0  1.81225E+34  1.81666E+37
       428    42700.0  2.00992E+34  2.01766E+37
       429    42800.0  2.22882E+34  2.24054E+37
       430    42900.0  2.47117E+34  2.48766E+37
       431    43000.0  2.73947E+34  2.76160E+37
       432    43100.0  3.03643E+34  3.06524E+37
       433    43200.0  3.36507E+34  3.40175E+37
       434    43300.0  3.72873E+34  3.77462E+37
       435    43400.0  4.13107E+34  4.18773E+37
       436    43500.0  4.57613E+34  4.64534E+37
       437    43600.0  5.06839E+34  5.15218E+37
       438    43700.0  5.61277E+34  5.71346E+37
       439    43800.0  6.21471E+34  6.33493E+37
       440    43900.0  6.88018E+34  7.02295E+37
       441    44000.0  7.61579E+34  7.78453E+37
       442    44100.0  8.42882E+34  8.62741E+37
       443    44200.0  9.32729E+34  9.56014E+37
       444    44300.0  1.03200E+35  1.05921E+38
       445    44400.0  1.14168E+35  1.17338E+38
       446    44500.0  1.26282E+35  1.29966E+38
       447    44600.0  1.39662E+35  1.43933E+38
       448    44700.0  1.54438E+35  1.59376E+38
       449    44800.0  1.70752E+35  1.76452E+38
       450    44900.0  1.88763E+35  1.95328E+38
       451    45000.0  2.08644E+35  2.16192E+38
       452    45100.0  2.30586E+35  2.39251E+38
       453    45200.0  2.54799E+35  2.64731E+38
       454    45300.0  2.81516E+35  2.92882E+38
       455    45400.0  3.10990E+35  3.23981E+38
       456    45500.0  3.43502E+35  3.58331E+38
       457    45600.0  3.79360E+35  3.96267E+38
       458    45700.0  4.18903E+35  4.38158E+38
       459    45800.0  4.62503E+35  4.84408E+38
       460    45900.0  5.10571E+35  5.35465E+38
       461    46000.0  5.63557E+35  5.91821E+38
       462    46100.0  6.21957E+35  6.54017E+38
       463    46200.0  6.86314E+35  7.22648E+38
       464    46300.0  7.57227E+35  7.98371E+38
       465    46400.0  8.35353E+35  8.81906E+38
       466    46500.0  9.21416E+35  9.74048E+38
       467    46600.0  1.01621E+36  1.07567E+39
       468    46700.0  1.12060E+36  1.18773E+39
       469    46800.0  1.23555E+36  1.31128E+39
       470    46900.0  1.36211E+36  1.44749E+39
       471    47000.0  1.50143E+36  1.59764E+39
       472    47100.0  1.65478E+36  1.76312E+39
       473    47200.0  1.82355E+36  1.94547E+39
       474    47300.0  2.00927E+36  2.14640E+39
       475    47400.0  2.21362E+36  2.36776E+39
       476    47500.0  2.43842E+36  2.61160E+39
       477    47600.0  2.68570E+36  2.88017E+39
       478    47700.0  2.95767E+36  3.17594E+39
       479    47800.0  3.25676E+36  3.50162E+39
       480    47900.0  3.58563E+36  3.86018E+39
       481    48000.0  3.94719E+36  4.25490E+39
       482    48100.0  4.34466E+36  4.68936E+39
       483    48200.0  4.78152E+36  5.16752E+39
       484    48300.0  5.26165E+36  5.69368E+39
       485    48400.0  5.78924E+36  6.27260E+39
       486    48500.0  6.36892E+36  6.90950E+39
       487    48600.0  7.00575E+36  7.61007E+39
       488    48700.0  7.70528E+36  8.38060E+39
       489    48800.0  8.47359E+36  9.22796E+39
       490    48900.0  9.31733E+36  1.01597E+40
       491    49000.0  1.02438E+37  1.11841E+40
       492    49100.0  1.12610E+37  1.23102E+40
       493    49200.0  1.23776E+37  1.35479E+40
       494    49300.0  1.36033E+37  1.49083E+40
       495    49400.0  1.49485E+37  1.64031E+40
       496    49500.0  1.64246E+37  1.80456E+40
       497    49600.0  1.80443E+37  1.98500E+40
       498    49700.0  1.98213E+37  2.18321E+40
       499    49800.0  2.17706E+37  2.40092E+40
       500    49900.0  2.39087E+37  2.64001E+40
       501    50000.0  2.62536E+37  2.90254E+40
       502    50100.0  2.88249E+37  3.19079E+40
       503    50200.0  3.16442E+37  3.50723E+40
       504    50300.0  3.47351E+37  3.85459E+40
       505    50400.0  3.81233E+37  4.23582E+40
       506    50500.0  4.18369E+37  4.65419E+40
       507    50600.0  4.59068E+37  5.11325E+40
       508    50700.0  5.03665E+37  5.61692E+40
       509    50800.0  5.52530E+37  6.16945E+40
       510    50900.0  6.06062E+37  6.77551E+40
       511    51000.0  6.64703E+37  7.44021E+40
       512    51100.0  7.28931E+37  8.16915E+40
       513    51200.0  7.99271E+37  8.96842E+40
       514    51300.0  8.76295E+37  9.84471E+40
       515    51400.0  9.60630E+37  1.08053E+41
       516    51500.0  1.05296E+38  1.18583E+41
       517    51600.0  1.15402E+38  1.30123E+41
       518    51700.0  1.26465E+38  1.42770E+41
       519    51800.0  1.38571E+38  1.56627E+41
       520    51900.0  1.51819E+38  1.71809E+41
       521    52000.0  1.66314E+38  1.88440E+41
       522    52100.0  1.82172E+38  2.06657E+41
       523    52200.0  1.99519E+38  2.26609E+41
       524    52300.0  2.18493E+38  2.48458E+41
       525    52400.0  2.39244E+38  2.72383E+41
       526    52500.0  2.61937E+38  2.98577E+41
       527    52600.0  2.86749E+38  3.27251E+41
       528    52700.0  3.13876E+38  3.58639E+41
       529    52800.0  3.43531E+38  3.92992E+41
       530    52900.0  3.75945E+38  4.30587E+41
       531    53000.0  4.11371E+38  4.71724E+41
       532    53100.0  4.50085E+38  5.16732E+41
       533    53200.0  4.92388E+38  5.65971E+41
       534    53300.0  5.38607E+38  6.19832E+41
       535    53400.0  5.89098E+38  6.78741E+41
       536    53500.0  6.44252E+38  7.43167E+41
       537    53600.0  7.04492E+38  8.13616E+41
       538    53700.0  7.70280E+38  8.90644E+41
       539    53800.0  8.42119E+38  9.74856E+41
       540    53900.0  9.20557E+38  1.06691E+42
       541    54000.0  1.00619E+39  1.16753E+42
       542    54100.0  1.09967E+39  1.27750E+42
       543    54200.0  1.20171E+39  1.39767E+42
       544    54300.0  1.31307E+39  1.52898E+42
       545    54400.0  1.43459E+39  1.67243E+42
       546    54500.0  1.56720E+39  1.82915E+42
       547    54600.0  1.71187E+39  2.00034E+42
       548    54700.0  1.86971E+39  2.18731E+42
       549    54800.0  2.04187E+39  2.39150E+42
       550    54900.0  2.22965E+39  2.61446E+42
       551    55000.0  2.43445E+39  2.85791E+42
       552    55100.0  2.65777E+39  3.12369E+42
       553    55200.0  2.90127E+39  3.41381E+42
       554    55300.0  3.16675E+39  3.73049E+42
       555    55400.0  3.45615E+39  4.07610E+42
       556    55500.0  3.77161E+39  4.45326E+42
       557    55600.0  4.11543E+39  4.86481E+42
       558    55700.0  4.49013E+39  5.31382E+42
       559    55800.0  4.89843E+39  5.80366E+42
       560    55900.0  5.34330E+39  6.33799E+42
       561    56000.0  5.82798E+39  6.92079E+42
       562    56100.0  6.35596E+39  7.55639E+42
       563    56200.0  6.93106E+39  8.24949E+42
       564    56300.0  7.55743E+39  9.00524E+42
       565    56400.0  8.23955E+39  9.82919E+42
       566    56500.0  8.98232E+39  1.07274E+43
       567    56600.0  9.79106E+39  1.17065E+43
       568    56700.0  1.06715E+40  1.27737E+43
       569    56800.0  1.16300E+40  1.39367E+43
       570    56900.0  1.26733E+40  1.52040E+43
       571    57000.0  1.38087E+40  1.65849E+43
       572    57100.0  1.50444E+40  1.80893E+43
       573    57200.0  1.63890E+40  1.97282E+43
       574    57300.0  1.78520E+40  2.15134E+43
       575    57400.0  1.94437E+40  2.34578E+43
       576    57500.0  2.11752E+40  2.55753E+43
       577    57600.0  2.30585E+40  2.78812E+43
       578    57700.0  2.51069E+40  3.03919E+43
       579    57800.0  2.73346E+40  3.31253E+43
       580    57900.0  2.97570E+40  3.61010E+43
       581    58000.0  3.23908E+40  3.93401E+43
       582    58100.0  3.52544E+40  4.28655E+43
       583    58200.0  3.83673E+40  4.67023E+43
       584    58300.0  4.17511E+40  5.08774E+43
       585    58400.0  4.54288E+40  5.54203E+43
       586    58500.0  4.94258E+40  6.03628E+43
       587    58600.0  5.37692E+40  6.57398E+43
       588    58700.0  5.84886E+40  7.15886E+43
       589    58800.0  6.36161E+40  7.79502E+43
       590    58900.0  6.91865E+40  8.48689E+43
       591    59000.0  7.52375E+40  9.23926E+43
       592    59100.0  8.18098E+40  1.00574E+44
       593    59200.0  8.89478E+40  1.09468E+44
       594    59300.0  9.66994E+40  1.19138E+44
       595    59400.0  1.05117E+41  1.29650E+44
       596    59500.0  1.14256E+41  1.41076E+44
       597    59600.0  1.24177E+41  1.53493E+44
       598    59700.0  1.34948E+41  1.66988E+44
       599    59800.0  1.46639E+41  1.81652E+44
       600    59900.0  1.59328E+41  1.97585E+44
       601    60000.0  1.73099E+41  2.14895E+44
       602    60100.0  1.88043E+41  2.33699E+44
       603    60200.0  2.04258E+41  2.54125E+44
       604    60300.0  2.21850E+41  2.76310E+44
       605    60400.0  2.40935E+41  3.00403E+44
       606    60500.0  2.61638E+41  3.26567E+44
       607    60600.0  2.84094E+41  3.54977E+44
       608    60700.0  3.08449E+41  3.85822E+44
       609    60800.0  3.34861E+41  4.19308E+44
       610    60900.0  3.63501E+41  4.55658E+44
       611    61000.0  3.94555E+41  4.95113E+44
       612    61100.0  4.28223E+41  5.37936E+44
       613    61200.0  4.64722E+41  5.84408E+44
       614    61300.0  5.04286E+41  6.34837E+44
       615    61400.0  5.47169E+41  6.89553E+44
       616    61500.0  5.93645E+41  7.48918E+44
       617    61600.0  6.44010E+41  8.13319E+44
       618    61700.0  6.98587E+41  8.83178E+44
       619    61800.0  7.57720E+41  9.58950E+44
       620    61900.0  8.21785E+41  1.04113E+45
       621    62000.0  8.91188E+41  1.13025E+45
       622    62100.0  9.66367E+41  1.22688E+45
       623    62200.0  1.04779E+42  1.33166E+45
       624    62300.0  1.13598E+42  1.44526E+45
       625    62400.0  1.23148E+42  1.56841E+45
       626    62500.0  1.33490E+42  1.70190E+45
       627    62600.0  1.44687E+42  1.84659E+45
       628    62700.0  1.56809E+42  2.00340E+45
       629    62800.0  1.69933E+42  2.17333E+45
       630    62900.0  1.84138E+42  2.35747E+45
       631    63000.0  1.99514E+42  2.55698E+45
       632    63100.0  2.16155E+42  2.77314E+45
       633    63200.0  2.34164E+42  3.00730E+45
       634    63300.0  2.53651E+42  3.26095E+45
       635    63400.0  2.74736E+42  3.53569E+45
       636    63500.0  2.97549E+42  3.83324E+45
       637    63600.0  3.22228E+42  4.15547E+45
       638    63700.0  3.48924E+42  4.50439E+45
       639    63800.0  3.77800E+42  4.88219E+45
       640    63900.0  4.09030E+42  5.29122E+45
       641    64000.0  4.42805E+42  5.73402E+45
       642    64100.0  4.79327E+42  6.21335E+45
       643    64200.0  5.18819E+42  6.73217E+45
       644    64300.0  5.61516E+42  7.29369E+45
       645    64400.0  6.07677E+42  7.90136E+45
       646    64500.0  6.57577E+42  8.55894E+45
       647    64600.0  7.11514E+42  9.27045E+45
       648    64700.0  7.69812E+42  1.00403E+46
       649    64800.0  8.32817E+42  1.08731E+46
       650    64900.0  9.00904E+42  1.17740E+46
       651    65000.0  9.74476E+42  1.27485E+46
       652    65100.0  1.05397E+43  1.38024E+46
       653    65200.0  1.13985E+43  1.49423E+46
       654    65300.0  1.23263E+43  1.61749E+46
       655    65400.0  1.33286E+43  1.75078E+46
       656    65500.0  1.44111E+43  1.89489E+46
       657    65600.0  1.55803E+43  2.05069E+46
       658    65700.0  1.68430E+43  2.21912E+46
       659    65800.0  1.82065E+43  2.40119E+46
       660    65900.0  1.96788E+43  2.59797E+46
       661    66000.0  2.12684E+43  2.81066E+46
       662    66100.0  2.29846E+43  3.04050E+46
       663    66200.0  2.48373E+43  3.28888E+46
       664    66300.0  2.68371E+43  3.55725E+46
       665    66400.0  2.89956E+43  3.84720E+46
       666    66500.0  3.13252E+43  4.16046E+46
       667    66600.0  3.38393E+43  4.49885E+46
       668    66700.0  3.65523E+43  4.86437E+46
       669    66800.0  3.94796E+43  5.25917E+46
       670    66900.0  4.26379E+43  5.68555E+46
       671    67000.0  4.60452E+43  6.14600E+46
       672    67100.0  4.97210E+43  6.64321E+46
       673    67200.0  5.36859E+43  7.18007E+46
       674    67300.0  5.79624E+43  7.75969E+46
       675    67400.0  6.25746E+43  8.38544E+46
       676    67500.0  6.75486E+43  9.06092E+46
       677    67600.0  7.29122E+43  9.79005E+46
       678    67700.0  7.86956E+43  1.05770E+47
       679    67800.0  8.49311E+43  1.14263E+47
       680    67900.0  9.16536E+43  1.23428E+47
       681    68000.0  9.89005E+43  1.33319E+47
       682    68100.0  1.06712E+44  1.43990E+47
       683    68200.0  1.15132E+44  1.55503E+47
       684    68300.0  1.24206E+44  1.67924E+47
       685    68400.0  1.33986E+44  1.81322E+47
       686    68500.0  1.44524E+44  1.95775E+47
       687    68600.0  1.55879E+44  2.11362E+47
       688    68700.0  1.68114E+44  2.28174E+47
       689    68800.0  1.81295E+44  2.46303E+47
       690    68900.0  1.95495E+44  2.65853E+47
       691    69000.0  2.10791E+44  2.86932E+47
       692    69100.0  2.27266E+44  3.09659E+47
       693    69200.0  2.45011E+44  3.34160E+47
       694    69300.0  2.64121E+44  3.60572E+47
       695    69400.0  2.84700E+44  3.89042E+47
       696    69500.0  3.06860E+44  4.19728E+47
       697    69600.0  3.30720E+44  4.52800E+47
       698    69700.0  3.56408E+44  4.88441E+47
       699    69800.0  3.84063E+44  5.26847E+47
       700    69900.0  4.13834E+44  5.68230E+47
       701    70000.0  4.45878E+44  6.12818E+47
       702    70100.0  4.80369E+44  6.60855E+47
       703    70200.0  5.17489E+44  7.12604E+47
       704    70300.0  5.57436E+44  7.68347E+47
       705    70400.0  6.00423E+44  8.28390E+47
       706    70500.0  6.46678E+44  8.93057E+47
       707    70600.0  6.96444E+44  9.62702E+47
       708    70700.0  7.49986E+44  1.03770E+48
       709    70800.0  8.07585E+44  1.11846E+48
       710    70900.0  8.69544E+44  1.20541E+48
       711    71000.0  9.36189E+44  1.29903E+48
       712    71100.0  1.00787E+45  1.39982E+48
       713    71200.0  1.08496E+45  1.50831E+48
       714    71300.0  1.16786E+45  1.62510E+48
       715    71400.0  1.25700E+45  1.75080E+48
       716    71500.0  1.35286E+45  1.88609E+48
       717    71600.0  1.45591E+45  2.03168E+48
       718    71700.0  1.56671E+45  2.18835E+48
       719    71800.0  1.68582E+45  2.35693E+48
       720    71900.0  1.81385E+45  2.53832E+48
       721    72000.0  1.95147E+45  2.73346E+48
       722    72100.0  2.09938E+45  2.94340E+48
       723    72200.0  2.25834E+45  3.16923E+48
       724    72300.0  2.42916E+45  3.41215E+48
       725    72400.0  2.61272E+45  3.67342E+48
       726    72500.0  2.80995E+45  3.95442E+48
       727    72600.0  3.02187E+45  4.25660E+48
       728    72700.0  3.24953E+45  4.58156E+48
       729    72800.0  3.49410E+45  4.93097E+48
       730    72900.0  3.75682E+45  5.30665E+48
       731    73000.0  4.03901E+45  5.71055E+48
       732    73100.0  4.34209E+45  6.14476E+48
       733    73200.0  4.66759E+45  6.61152E+48
       734    73300.0  5.01715E+45  7.11323E+48
       735    73400.0  5.39251E+45  7.65248E+48
       736    73500.0  5.79555E+45  8.23204E+48
       737    73600.0  6.22829E+45  8.85487E+48
       738    73700.0  6.69288E+45  9.52415E+48
       739    73800.0  7.19163E+45  1.02433E+49
       740    73900.0  7.72702E+45  1.10160E+49
       741    74000.0  8.30171E+45  1.18462E+49
       742    74100.0  8.91852E+45  1.27380E+49
       743    74200.0  9.58052E+45  1.36961E+49
       744    74300.0  1.02910E+46  1.47252E+49
       745    74400.0  1.10533E+46  1.58305E+49
       746    74500.0  1.18714E+46  1.70177E+49
       747    74600.0  1.27491E+46  1.82926E+49
       748    74700.0  1.36908E+46  1.96616E+49
       749    74800.0  1.47010E+46  2.11317E+49
       750    74900.0  1.57848E+46  2.27102E+49
       751    75000.0  1.69473E+46  2.44050E+49
       752    75100.0  1.81943E+46  2.62244E+49
       753    75200.0  1.95316E+46  2.81775E+49
       754    75300.0  2.09659E+46  3.02741E+49
       755    75400.0  2.25040E+46  3.25245E+49
       756    75500.0  2.41533E+46  3.49399E+49
       757    75600.0  2.59218E+46  3.75321E+49
       758    75700.0  2.78180E+46  4.03139E+49
       759    75800.0  2.98509E+46  4.32989E+49
       760    75900.0  3.20303E+46  4.65020E+49
       761    76000.0  3.43665E+46  4.99386E+49
       762    76100.0  3.68707E+46  5.36257E+49
       763    76200.0  3.95548E+46  5.75812E+49
       764    76300.0  4.24316E+46  6.18243E+49
       765    76400.0  4.55145E+46  6.63758E+49
       766    76500.0  4.88184E+46  7.12576E+49
       767    76600.0  5.23586E+46  7.64935E+49
       768    76700.0  5.61520E+46  8.21087E+49
       769    76800.0  6.02163E+46  8.81303E+49
       770    76900.0  6.45706E+46  9.45874E+49
       771    77000.0  6.92353E+46  1.01511E+50
       772    77100.0  7.42323E+46  1.08934E+50
       773    77200.0  7.95848E+46  1.16893E+50
       774    77300.0  8.53178E+46  1.25424E+50
       775    77400.0  9.14579E+46  1.34570E+50
       776    77500.0  9.80337E+46  1.44374E+50
       777    77600.0  1.05076E+47  1.54881E+50
       778    77700.0  1.12616E+47  1.66143E+50
       779    77800.0  1.20690E+47  1.78212E+50
       780    77900.0  1.29335E+47  1.91145E+50
       781    78000.0  1.38591E+47  2.05004E+50
       782    78100.0  1.48499E+47  2.19854E+50
       783    78200.0  1.59106E+47  2.35765E+50
       784    78300.0  1.70459E+47  2.52811E+50
       785    78400.0  1.82611E+47  2.71072E+50
       786    78500.0  1.95618E+47  2.90634E+50
       787    78600.0  2.09538E+47  3.11587E+50
       788    78700.0  2.24434E+47  3.34031E+50
       789    78800.0  2.40375E+47  3.58068E+50
       790    78900.0  2.57431E+47  3.83811E+50
       791    79000.0  2.75681E+47  4.11380E+50
       792    79100.0  2.95207E+47  4.40900E+50
       793    79200.0  3.16096E+47  4.72510E+50
       794    79300.0  3.38442E+47  5.06354E+50
       795    79400.0  3.62346E+47  5.42589E+50
       796    79500.0  3.87915E+47  5.81380E+50
       797    79600.0  4.15262E+47  6.22907E+50
       798    79700.0  4.44510E+47  6.67358E+50
       799    79800.0  4.75790E+47  7.14937E+50
       800    79900.0  5.09239E+47  7.65860E+50
       801    80000.0  5.45007E+47  8.20361E+50
       802    80100.0  5.83252E+47  8.78686E+50
       803    80200.0  6.24142E+47  9.41100E+50
       804    80300.0  6.67860E+47  1.00789E+51
       805    80400.0  7.14596E+47  1.07935E+51
       806    80500.0  7.64557E+47  1.15580E+51
       807    80600.0  8.17963E+47  1.23760E+51
       808    80700.0  8.75046E+47  1.32510E+51
       809    80800.0  9.36057E+47  1.41871E+51
       810    80900.0  1.00126E+48  1.51883E+51
       811    81000.0  1.07095E+48  1.62593E+51
       812    81100.0  1.14541E+48  1.74047E+51
       813    81200.0  1.22498E+48  1.86297E+51
       814    81300.0  1.31000E+48  1.99397E+51
       815    81400.0  1.40084E+48  2.13405E+51
       816    81500.0  1.49789E+48  2.28384E+51
       817    81600.0  1.60157E+48  2.44400E+51
       818    81700.0  1.71232E+48  2.61523E+51
       819    81800.0  1.83063E+48  2.79829E+51
       820    81900.0  1.95700E+48  2.99399E+51
       821    82000.0  2.09196E+48  3.20319E+51
       822    82100.0  2.23611E+48  3.42680E+51
       823    82200.0  2.39004E+48  3.66580E+51
       824    82300.0  2.55443E+48  3.92125E+51
       825    82400.0  2.72996E+48  4.19424E+51
       826    82500.0  2.91739E+48  4.48598E+51
       827    82600.0  3.11751E+48  4.79773E+51
       828    82700.0  3.33116E+48  5.13085E+51
       829    82800.0  3.55924E+48  5.48677E+51
       830    82900.0  3.80273E+48  5.86705E+51
       831    83000.0  4.06264E+48  6.27331E+51
       832    83100.0  4.34007E+48  6.70732E+51
       833    83200.0  4.63617E+48  7.17093E+51
       834    83300.0  4.95220E+48  7.66615E+51
       835    83400.0  5.28947E+48  8.19510E+51
       836    83500.0  5.64938E+48  8.76004E+51
       837    83600.0  6.03345E+48  9.36338E+51
       838    83700.0  6.44326E+48  1.00077E+52
       839    83800.0  6.88051E+48  1.06958E+52
       840    83900.0  7.34703E+48  1.14305E+52
       841    84000.0  7.84473E+48  1.22149E+52
       842    84100.0  8.37568E+48  1.30525E+52
       843    84200.0  8.94207E+48  1.39467E+52
       844    84300.0  9.54622E+48  1.49013E+52
       845    84400.0  1.01906E+49  1.59204E+52
       846    84500.0  1.08779E+49  1.70082E+52
       847    84600.0  1.16109E+49  1.81693E+52
       848    84700.0  1.23926E+49  1.94085E+52
       849    84800.0  1.32262E+49  2.07312E+52
       850    84900.0  1.41151E+49  2.21427E+52
       851    85000.0  1.50629E+49  2.36490E+52
       852    85100.0  1.60734E+49  2.52563E+52
       853    85200.0  1.71508E+49  2.69714E+52
       854    85300.0  1.82995E+49  2.88013E+52
       855    85400.0  1.95239E+49  3.07537E+52
       856    85500.0  2.08292E+49  3.28366E+52
       857    85600.0  2.22205E+49  3.50587E+52
       858    85700.0  2.37034E+49  3.74290E+52
       859    85800.0  2.52840E+49  3.99574E+52
       860    85900.0  2.69684E+49  4.26543E+52
       861    86000.0  2.87636E+49  4.55306E+52
       862    86100.0  3.06765E+49  4.85983E+52
       863    86200.0  3.27149E+49  5.18698E+52
       864    86300.0  3.48869E+49  5.53585E+52
       865    86400.0  3.72010E+49  5.90786E+52
       866    86500.0  3.96666E+49  6.30452E+52
       867    86600.0  4.22932E+49  6.72745E+52
       868    86700.0  4.50914E+49  7.17837E+52
       869    86800.0  4.80722E+49  7.65909E+52
       870    86900.0  5.12472E+49  8.17156E+52
       871    87000.0  5.46290E+49  8.71785E+52
       872    87100.0  5.82310E+49  9.30016E+52
       873    87200.0  6.20670E+49  9.92083E+52
       874    87300.0  6.61523E+49  1.05824E+53
       875    87400.0  7.05028E+49  1.12874E+53
       876    87500.0  7.51354E+49  1.20387E+53
       877    87600.0  8.00682E+49  1.28394E+53
       878    87700.0  8.53203E+49  1.36926E+53
       879    87800.0  9.09122E+49  1.46017E+53
       880    87900.0  9.68654E+49  1.55704E+53
       881    88000.0  1.03203E+50  1.66024E+53
       882    88100.0  1.09950E+50  1.77019E+53
       883    88200.0  1.17131E+50  1.88732E+53
       884    88300.0  1.24775E+50  2.01210E+53
       885    88400.0  1.32911E+50  2.14501E+53
       886    88500.0  1.41571E+50  2.28658E+53
       887    88600.0  1.50786E+50  2.43737E+53
       888    88700.0  1.60593E+50  2.59796E+53
       889    88800.0  1.71030E+50  2.76899E+53
       890    88900.0  1.82135E+50  2.95113E+53
       891    89000.0  1.93951E+50  3.14508E+53
       892    89100.0  2.06522E+50  3.35160E+53
       893    89200.0  2.19898E+50  3.57150E+53
       894    89300.0  2.34128E+50  3.80562E+53
       895    89400.0  2.49266E+50  4.05489E+53
       896    89500.0  2.65369E+50  4.32026E+53
       897    89600.0  2.82498E+50  4.60276E+53
       898    89700.0  3.00718E+50  4.90348E+53
       899    89800.0  3.20096E+50  5.22357E+53
       900    89900.0  3.40706E+50  5.56428E+53
       901    90000.0  3.62624E+50  5.92690E+53
       902    90100.0  3.85933E+50  6.31284E+53
       903    90200.0  4.10720E+50  6.72356E+53
       904    90300.0  4.37076E+50  7.16063E+53
       905    90400.0  4.65100E+50  7.62573E+53
       906    90500.0  4.94897E+50  8.12063E+53
       907    90600.0  5.26576E+50  8.64720E+53
       908    90700.0  5.60255E+50  9.20746E+53
       909    90800.0  5.96057E+50  9.80352E+53
       910    90900.0  6.34117E+50  1.04376E+54
       911    91000.0  6.74573E+50  1.11122E+54
       912    91100.0  7.17574E+50  1.18298E+54
       913    91200.0  7.63279E+50  1.25931E+54
       914    91300.0  8.11854E+50  1.34049E+54
       915    91400.0  8.63479E+50  1.42684E+54
       916    91500.0  9.18341E+50  1.51867E+54
       917    91600.0  9.76640E+50  1.61634E+54
       918    91700.0  1.03859E+51  1.72020E+54
       919    91800.0  1.10441E+51  1.83064E+54
       920    91900.0  1.17435E+51  1.94807E+54
       921    92000.0  1.24866E+51  2.07294E+54
       922    92100.0  1.32760E+51  2.20570E+54
       923    92200.0  1.41147E+51  2.34685E+54
       924    92300.0  1.50056E+51  2.49690E+54
       925    92400.0  1.59520E+51  2.65642E+54
       926    92500.0  1.69572E+51  2.82599E+54
       927    92600.0  1.80249E+51  3.00624E+54
       928    92700.0  1.91589E+51  3.19783E+54
       929    92800.0  2.03633E+51  3.40146E+54
       930    92900.0  2.16423E+51  3.61789E+54
       931    93000.0  2.30006E+51  3.84789E+54
       932    93100.0  2.44429E+51  4.09232E+54
       933    93200.0  2.59744E+51  4.35207E+54
       934    93300.0  2.76006E+51  4.62807E+54
       935    93400.0  2.93272E+51  4.92135E+54
       936    93500.0  3.11603E+51  5.23295E+54
       937    93600.0  3.31064E+51  5.56401E+54
       938    93700.0  3.51724E+51  5.91574E+54
       939    93800.0  3.73655E+51  6.28939E+54
       940    93900.0  3.96936E+51  6.68633E+54
       941    94000.0  4.21646E+51  7.10797E+54
       942    94100.0  4.47874E+51  7.55585E+54
       943    94200.0  4.75710E+51  8.03156E+54
       944    94300.0  5.05254E+51  8.53681E+54
       945    94400.0  5.36606E+51  9.07342E+54
       946    94500.0  5.69877E+51  9.64330E+54
       947    94600.0  6.05183E+51  1.02485E+55
       948    94700.0  6.42647E+51  1.08911E+55
       949    94800.0  6.82397E+51  1.15735E+55
       950    94900.0  7.24573E+51  1.22981E+55
       951    95000.0  7.69319E+51  1.30674E+55
       952    95100.0  8.16791E+51  1.38842E+55
       953    95200.0  8.67151E+51  1.47514E+55
       954    95300.0  9.20574E+51  1.56719E+55
       955    95400.0  9.77244E+51  1.66492E+55
       956    95500.0  1.03735E+52  1.76865E+55
       957    95600.0  1.10111E+52  1.87876E+55
       958    95700.0  1.16873E+52  1.99564E+55
       959    95800.0  1.24045E+52  2.11968E+55
       960    95900.0  1.31651E+52  2.25133E+55
       961    96000.0  1.39716E+52  2.39105E+55
       962    96100.0  1.48269E+52  2.53932E+55
       963    96200.0  1.57339E+52  2.69666E+55
       964    96300.0  1.66956E+52  2.86361E+55
       965    96400.0  1.77152E+52  3.04076E+55
       966    96500.0  1.87962E+52  3.22873E+55
       967    96600.0  1.99424E+52  3.42815E+55
       968    96700.0  2.11574E+52  3.63972E+55
       969    96800.0  2.24455E+52  3.86418E+55
       970    96900.0  2.38109E+52  4.10229E+55
       971    97000.0  2.52582E+52  4.35487E+55
       972    97100.0  2.67923E+52  4.62279E+55
       973    97200.0  2.84183E+52  4.90698E+55
       974    97300.0  3.01417E+52  5.20839E+55
       975    97400.0  3.19681E+52  5.52808E+55
       976    97500.0  3.39037E+52  5.86711E+55
       977    97600.0  3.59548E+52  6.22666E+55
       978    97700.0  3.81284E+52  6.60794E+55
       979    97800.0  4.04315E+52  7.01226E+55
       980    97900.0  4.28719E+52  7.44098E+55
       981    98000.0  4.54575E+52  7.89555E+55
       982    98100.0  4.81970E+52  8.37752E+55
       983    98200.0  5.10993E+52  8.88852E+55
       984    98300.0  5.41739E+52  9.43025E+55
       985    98400.0  5.74311E+52  1.00046E+56
       986    98500.0  6.08814E+52  1.06134E+56
       987    98600.0  6.45361E+52  1.12587E+56
       988    98700.0  6.84072E+52  1.19428E+56
       989    98800.0  7.25074E+52  1.26679E+56
       990    98900.0  7.68500E+52  1.34364E+56
       991    99000.0  8.14491E+52  1.42509E+56
       992    99100.0  8.63197E+52  1.51141E+56
       993    99200.0  9.14775E+52  1.60288E+56
       994    99300.0  9.69394E+52  1.69982E+56
       995    99400.0  1.02723E+53  1.80255E+56
       996    99500.0  1.08847E+53  1.91139E+56
       997    99600.0  1.15331E+53  2.02672E+56
       998    99700.0  1.22195E+53  2.14892E+56
       999    99800.0  1.29463E+53  2.27838E+56
      1000    99900.0  1.37158E+53  2.41554E+56
      1001   100000.0  1.45303E+53  2.56084E+56
      1002   100100.0  1.53926E+53  2.71477E+56
      1003   100200.0  1.63053E+53  2.87782E+56
      1004   100300.0  1.72714E+53  3.05054E+56
      1005   100400.0  1.82939E+53  3.23348E+56
      1006   100500.0  1.93762E+53  3.42724E+56
      1007   100600.0  2.05216E+53  3.63245E+56
      1008   100700.0  2.17339E+53  3.84979E+56
      1009   100800.0  2.30167E+53  4.07996E+56
      1010   100900.0  2.43743E+53  4.32370E+56
      1011   101000.0  2.58108E+53  4.58181E+56
      1012   101100.0  2.73308E+53  4.85512E+56
      1013   101200.0  2.89391E+53  5.14451E+56
      1014   101300.0  3.06408E+53  5.45092E+56
      1015   101400.0  3.24412E+53  5.77533E+56
      1016   101500.0  3.43459E+53  6.11879E+56
      1017   101600.0  3.63609E+53  6.48240E+56
      1018   101700.0  3.84925E+53  6.86732E+56
      1019   101800.0  4.07474E+53  7.27480E+56
      1020   101900.0  4.31326E+53  7.70612E+56
      1021   102000.0  4.56555E+53  8.16268E+56
      1022   102100.0  4.83240E+53  8.64592E+56
      1023   102200.0  5.11463E+53  9.15738E+56
      1024   102300.0  5.41312E+53  9.69869E+56
      1025   102400.0  5.72880E+53  1.02716E+57
      1026   102500.0  6.06263E+53  1.08778E+57
      1027   102600.0  6.41565E+53  1.15194E+57
      1028   102700.0  6.78895E+53  1.21983E+57
      1029   102800.0  7.18367E+53  1.29167E+57
      1030   102900.0  7.60103E+53  1.36768E+57
      1031   103000.0  8.04230E+53  1.44810E+57
      1032   103100.0  8.50885E+53  1.53319E+57
      1033   103200.0  9.00209E+53  1.62321E+57
      1034   103300.0  9.52354E+53  1.71844E+57
      1035   103400.0  1.00748E+54  1.81919E+57
      1036   103500.0  1.06575E+54  1.92577E+57
      1037   103600.0  1.12735E+54  2.03850E+57
      1038   103700.0  1.19245E+54  2.15775E+57
      1039   103800.0  1.26127E+54  2.28387E+57
      1040   103900.0  1.33401E+54  2.41727E+57
      1041   104000.0  1.41088E+54  2.55836E+57
      1042   104100.0  1.49212E+54  2.70757E+57
      1043   104200.0  1.57797E+54  2.86537E+57
      1044   104300.0  1.66870E+54  3.03224E+57
      1045   104400.0  1.76458E+54  3.20870E+57
      1046   104500.0  1.86589E+54  3.39529E+57
      1047   104600.0  1.97293E+54  3.59258E+57
      1048   104700.0  2.08604E+54  3.80119E+57
      1049   104800.0  2.20553E+54  4.02174E+57
      1050   104900.0  2.33179E+54  4.25492E+57
      1051   105000.0  2.46517E+54  4.50143E+57
      1052   105100.0  2.60608E+54  4.76204E+57
      1053   105200.0  2.75493E+54  5.03753E+57
      1054   105300.0  2.91217E+54  5.32875E+57
      1055   105400.0  3.07826E+54  5.63658E+57
      1056   105500.0  3.25369E+54  5.96195E+57
      1057   105600.0  3.43899E+54  6.30585E+57
      1058   105700.0  3.63470E+54  6.66932E+57
      1059   105800.0  3.84140E+54  7.05346E+57
      1060   105900.0  4.05969E+54  7.45942E+57
      1061   106000.0  4.29021E+54  7.88845E+57
      1062   106100.0  4.53365E+54  8.34181E+57
      1063   106200.0  4.79072E+54  8.82088E+57
      1064   106300.0  5.06216E+54  9.32710E+57
      1065   106400.0  5.34877E+54  9.86198E+57
      1066   106500.0  5.65140E+54  1.04271E+58
      1067   106600.0  5.97091E+54  1.10242E+58
      1068   106700.0  6.30824E+54  1.16550E+58
      1069   106800.0  6.66438E+54  1.23215E+58
      1070   106900.0  7.04034E+54  1.30255E+58
      1071   107000.0  7.43723E+54  1.37692E+58
      1072   107100.0  7.85619E+54  1.45548E+58
      1073   107200.0  8.29843E+54  1.53847E+58
      1074   107300.0  8.76523E+54  1.62612E+58
      1075   107400.0  9.25793E+54  1.71870E+58
      1076   107500.0  9.77795E+54  1.81648E+58
      1077   107600.0  1.03268E+55  1.91975E+58
      1078   107700.0  1.09060E+55  2.02881E+58
      1079   107800.0  1.15173E+55  2.14398E+58
      1080   107900.0  1.21624E+55  2.26560E+58
      1081   108000.0  1.28431E+55  2.39404E+58
      1082   108100.0  1.35614E+55  2.52965E+58
      1083   108200.0  1.43193E+55  2.67284E+58
      1084   108300.0  1.51190E+55  2.82403E+58
      1085   108400.0  1.59628E+55  2.98366E+58
      1086   108500.0  1.68530E+55  3.15219E+58
      1087   108600.0  1.77922E+55  3.33011E+58
      1088   108700.0  1.87830E+55  3.51794E+58
      1089   108800.0  1.98283E+55  3.71623E+58
      1090   108900.0  2.09310E+55  3.92554E+58
      1091   109000.0  2.20941E+55  4.14648E+58
      1092   109100.0  2.33210E+55  4.37969E+58
      1093   109200.0  2.46151E+55  4.62584E+58
      1094   109300.0  2.59801E+55  4.88564E+58
      1095   109400.0  2.74197E+55  5.15984E+58
      1096   109500.0  2.89380E+55  5.44922E+58
      1097   109600.0  3.05393E+55  5.75461E+58
      1098   109700.0  3.22279E+55  6.07689E+58
      1099   109800.0  3.40087E+55  6.41697E+58
      1100   109900.0  3.58866E+55  6.77584E+58
      1101   110000.0  3.78667E+55  7.15451E+58
      1102   110100.0  3.99546E+55  7.55405E+58
      1103   110200.0  4.21561E+55  7.97561E+58
      1104   110300.0  4.44772E+55  8.42039E+58
      1105   110400.0  4.69245E+55  8.88963E+58
      1106   110500.0  4.95046E+55  9.38468E+58
      1107   110600.0  5.22246E+55  9.90692E+58
      1108   110700.0  5.50920E+55  1.04578E+59
      1109   110800.0  5.81148E+55  1.10390E+59
      1110   110900.0  6.13012E+55  1.16520E+59
      1111   111000.0  6.46599E+55  1.22986E+59
      1112   111100.0  6.82002E+55  1.29806E+59
      1113   111200.0  7.19317E+55  1.36999E+59
      1114   111300.0  7.58646E+55  1.44586E+59
      1115   111400.0  8.00097E+55  1.52587E+59
      1116   111500.0  8.43781E+55  1.61024E+59
      1117   111600.0  8.89819E+55  1.69923E+59
      1118   111700.0  9.38335E+55  1.79306E+59
      1119   111800.0  9.89460E+55  1.89201E+59
      1120   111900.0  1.04333E+56  1.99634E+59
      1121   112000.0  1.10010E+56  2.10635E+59
      1122   112100.0  1.15991E+56  2.22234E+59
      1123   112200.0  1.22294E+56  2.34463E+59
      1124   112300.0  1.28934E+56  2.47357E+59
      1125   112400.0  1.35930E+56  2.60950E+59
      1126   112500.0  1.43300E+56  2.75280E+59
      1127   112600.0  1.51064E+56  2.90386E+59
      1128   112700.0  1.59244E+56  3.06311E+59
      1129   112800.0  1.67860E+56  3.23097E+59
      1130   112900.0  1.76936E+56  3.40790E+59
      1131   113000.0  1.86497E+56  3.59440E+59
      1132   113100.0  1.96567E+56  3.79097E+59
      1133   113200.0  2.07174E+56  3.99814E+59
      1134   113300.0  2.18345E+56  4.21648E+59
      1135   113400.0  2.30110E+56  4.44659E+59
      1136   113500.0  2.42501E+56  4.68910E+59
      1137   113600.0  2.55550E+56  4.94465E+59
      1138   113700.0  2.69292E+56  5.21394E+59
      1139   113800.0  2.83763E+56  5.49770E+59
      1140   113900.0  2.99001E+56  5.79670E+59
      1141   114000.0  3.15046E+56  6.11175E+59
      1142   114100.0  3.31941E+56  6.44369E+59
      1143   114200.0  3.49730E+56  6.79342E+59
      1144   114300.0  3.68459E+56  7.16188E+59
      1145   114400.0  3.88178E+56  7.55006E+59
      1146   114500.0  4.08937E+56  7.95899E+59
      1147   114600.0  4.30792E+56  8.38979E+59
      1148   114700.0  4.53800E+56  8.84359E+59
      1149   114800.0  4.78019E+56  9.32160E+59
      1150   114900.0  5.03514E+56  9.82512E+59
      1151   115000.0  5.30350E+56  1.03555E+60
      1152   115100.0  5.58597E+56  1.09141E+60
      1153   115200.0  5.88329E+56  1.15024E+60
      1154   115300.0  6.19622E+56  1.21220E+60
      1155   115400.0  6.52557E+56  1.27746E+60
      1156   115500.0  6.87219E+56  1.34618E+60
      1157   115600.0  7.23697E+56  1.41855E+60
      1158   115700.0  7.62086E+56  1.49476E+60
      1159   115800.0  8.02484E+56  1.57501E+60
      1160   115900.0  8.44994E+56  1.65951E+60
      1161   116000.0  8.89727E+56  1.74848E+60
      1162   116100.0  9.36795E+56  1.84216E+60
      1163   116200.0  9.86320E+56  1.94079E+60
      1164   116300.0  1.03843E+57  2.04463E+60
      1165   116400.0  1.09325E+57  2.15396E+60
      1166   116500.0  1.15093E+57  2.26905E+60
      1167   116600.0  1.21161E+57  2.39021E+60
      1168   116700.0  1.27545E+57  2.51776E+60
      1169   116800.0  1.34261E+57  2.65202E+60
      1170   116900.0  1.41326E+57  2.79334E+60
      1171   117000.0  1.48757E+57  2.94210E+60
      1172   117100.0  1.56574E+57  3.09867E+60
      1173   117200.0  1.64796E+57  3.26347E+60
      1174   117300.0  1.73444E+57  3.43691E+60
      1175   117400.0  1.82539E+57  3.61945E+60
      1176   117500.0  1.92106E+57  3.81156E+60
      1177   117600.0  2.02167E+57  4.01373E+60
      1178   117700.0  2.12748E+57  4.22647E+60
      1179   117800.0  2.23875E+57  4.45035E+60
      1180   117900.0  2.35576E+57  4.68593E+60
      1181   118000.0  2.47881E+57  4.93381E+60
      1182   118100.0  2.60820E+57  5.19463E+60
      1183   118200.0  2.74425E+57  5.46905E+60
      1184   118300.0  2.88731E+57  5.75778E+60
      1185   118400.0  3.03772E+57  6.06155E+60
      1186   118500.0  3.19586E+57  6.38114E+60
      1187   118600.0  3.36213E+57  6.71735E+60
      1188   118700.0  3.53692E+57  7.07105E+60
      1189   118800.0  3.72069E+57  7.44311E+60
      1190   118900.0  3.91387E+57  7.83450E+60
      1191   119000.0  4.11695E+57  8.24620E+60
      1192   119100.0  4.33043E+57  8.67924E+60
      1193   119200.0  4.55483E+57  9.13472E+60
      1194   119300.0  4.79070E+57  9.61379E+60
      1195   119400.0  5.03862E+57  1.01177E+61
      1196   119500.0  5.29920E+57  1.06476E+61
      1197   119600.0  5.57308E+57  1.12049E+61
      1198   119700.0  5.86092E+57  1.17910E+61
      1199   119800.0  6.16343E+57  1.24073E+61
      1200   119900.0  6.48135E+57  1.30555E+61
      1201   120000.0  6.81544E+57  1.37370E+61
      1202   120100.0  7.16652E+57  1.44536E+61
      1203   120200.0  7.53545E+57  1.52072E+61
      1204   120300.0  7.92312E+57  1.59995E+61
      1205   120400.0  8.33046E+57  1.68326E+61
      1206   120500.0  8.75846E+57  1.77084E+61
      1207   120600.0  9.20816E+57  1.86292E+61
      1208   120700.0  9.68065E+57  1.95973E+61
      1209   120800.0  1.01770E+58  2.06150E+61
      1210   120900.0  1.06986E+58  2.16848E+61
      1211   121000.0  1.12464E+58  2.28095E+61
