       No.    E-Emin     Density     Sum
         1        0.0  1.00000E-02  1.00000E+00
         2      100.0  3.00000E-02  4.00000E+00
         3      200.0  6.00000E-02  1.00000E+01
         4      300.0  1.50000E-01  2.50000E+01
         5      400.0  3.40000E-01  5.90000E+01
         6      500.0  7.00000E-01  1.29000E+02
         7      600.0  1.40000E+00  2.69000E+02
         8      700.0  2.72000E+00  5.41000E+02
         9      800.0  5.14000E+00  1.05500E+03
        10      900.0  9.49000E+00  2.00400E+03
        11     1000.0  1.71100E+01  3.71500E+03
        12     1100.0  3.02700E+01  6.74200E+03
        13     1200.0  5.27400E+01  1.20160E+04
        14     1300.0  9.04900E+01  2.10650E+04
        15     1400.0  1.52970E+02  3.63620E+04
        16     1500.0  2.55370E+02  6.18990E+04
        17     1600.0  4.21480E+02  1.04047E+05
        18     1700.0  6.88030E+02  1.72850E+05
        19     1800.0  1.11167E+03  2.84017E+05
        20     1900.0  1.77916E+03  4.61933E+05
        21     2000.0  2.82262E+03  7.44195E+05
        22     2100.0  4.44072E+03  1.18827E+06
        23     2200.0  6.93129E+03  1.88140E+06
        24     2300.0  1.07386E+04  2.95526E+06
        25     2400.0  1.65206E+04  4.60732E+06
        26     2500.0  2.52462E+04  7.13194E+06
        27     2600.0  3.83351E+04  1.09655E+07
        28     2700.0  5.78572E+04  1.67512E+07
        29     2800.0  8.68161E+04  2.54328E+07
        30     2900.0  1.29550E+05  3.83878E+07
        31     3000.0  1.92293E+05  5.76171E+07
        32     3100.0  2.83973E+05  8.60144E+07
        33     3200.0  4.17316E+05  1.27746E+08
        34     3300.0  6.10394E+05  1.88785E+08
        35     3400.0  8.88763E+05  2.77662E+08
        36     3500.0  1.28844E+06  4.06506E+08
        37     3600.0  1.86001E+06  5.92507E+08
        38     3700.0  2.67422E+06  8.59928E+08
        39     3800.0  3.82975E+06  1.24290E+09
        40     3900.0  5.46376E+06  1.78928E+09
        41     4000.0  7.76627E+06  2.56591E+09
        42     4100.0  1.09998E+07  3.66588E+09
        43     4200.0  1.55256E+07  5.21845E+09
        44     4300.0  2.18402E+07  7.40247E+09
        45     4400.0  3.06230E+07  1.04648E+10
        46     4500.0  4.28017E+07  1.47449E+10
        47     4600.0  5.96397E+07  2.07089E+10
        48     4700.0  8.28528E+07  2.89942E+10
        49     4800.0  1.14765E+08  4.04707E+10
        50     4900.0  1.58518E+08  5.63226E+10
        51     5000.0  2.18346E+08  7.81571E+10
        52     5100.0  2.99941E+08  1.08151E+11
        53     5200.0  4.10944E+08  1.49246E+11
        54     5300.0  5.61581E+08  2.05404E+11
        55     5400.0  7.65511E+08  2.81955E+11
        56     5500.0  1.04094E+09  3.86049E+11
        57     5600.0  1.41207E+09  5.27256E+11
        58     5700.0  1.91104E+09  7.18360E+11
        59     5800.0  2.58041E+09  9.76401E+11
        60     5900.0  3.47643E+09  1.32404E+12
        61     6000.0  4.67332E+09  1.79138E+12
        62     6100.0  6.26880E+09  2.41826E+12
        63     6200.0  8.39130E+09  3.25739E+12
        64     6300.0  1.12093E+10  4.37832E+12
        65     6400.0  1.49434E+10  5.87266E+12
        66     6500.0  1.98821E+10  7.86088E+12
        67     6600.0  2.64017E+10  1.05010E+13
        68     6700.0  3.49923E+10  1.40003E+13
        69     6800.0  4.62917E+10  1.86294E+13
        70     6900.0  6.11274E+10  2.47422E+13
        71     7000.0  8.05727E+10  3.27995E+13
        72     7100.0  1.06016E+11  4.34011E+13
        73     7200.0  1.39252E+11  5.73262E+13
        74     7300.0  1.82595E+11  7.55858E+13
        75     7400.0  2.39029E+11  9.94887E+13
        76     7500.0  3.12389E+11  1.30728E+14
        77     7600.0  4.07604E+11  1.71488E+14
        78     7700.0  5.30993E+11  2.24587E+14
        79     7800.0  6.90652E+11  2.93652E+14
        80     7900.0  8.96934E+11  3.83346E+14
        81     8000.0  1.16306E+12  4.99652E+14
        82     8100.0  1.50591E+12  6.50243E+14
        83     8200.0  1.94696E+12  8.44939E+14
        84     8300.0  2.51354E+12  1.09629E+15
        85     8400.0  3.24040E+12  1.42033E+15
        86     8500.0  4.17159E+12  1.83749E+15
        87     8600.0  5.36297E+12  2.37379E+15
        88     8700.0  6.88524E+12  3.06231E+15
        89     8800.0  8.82775E+12  3.94509E+15
        90     8900.0  1.13034E+13  5.07543E+15
        91     9000.0  1.44544E+13  6.52087E+15
        92     9100.0  1.84602E+13  8.36689E+15
        93     9200.0  2.35463E+13  1.07215E+16
        94     9300.0  2.99963E+13  1.37211E+16
        95     9400.0  3.81661E+13  1.75377E+16
        96     9500.0  4.85021E+13  2.23880E+16
        97     9600.0  6.15637E+13  2.85443E+16
        98     9700.0  7.80505E+13  3.63494E+16
        99     9800.0  9.88372E+13  4.62331E+16
       100     9900.0  1.25016E+14  5.87347E+16
       101    10000.0  1.57950E+14  7.45297E+16
       102    10100.0  1.99336E+14  9.44633E+16
       103    10200.0  2.51288E+14  1.19592E+17
       104    10300.0  3.16434E+14  1.51235E+17
       105    10400.0  3.98039E+14  1.91039E+17
       106    10500.0  5.00158E+14  2.41055E+17
       107    10600.0  6.27814E+14  3.03836E+17
       108    10700.0  7.87234E+14  3.82560E+17
       109    10800.0  9.86122E+14  4.81172E+17
       110    10900.0  1.23401E+15  6.04573E+17
       111    11000.0  1.54265E+15  7.58838E+17
       112    11100.0  1.92659E+15  9.51498E+17
       113    11200.0  2.40373E+15  1.19187E+18
       114    11300.0  2.99614E+15  1.49149E+18
       115    11400.0  3.73098E+15  1.86458E+18
       116    11500.0  4.64166E+15  2.32875E+18
       117    11600.0  5.76923E+15  2.90567E+18
       118    11700.0  7.16408E+15  3.62208E+18
       119    11800.0  8.88805E+15  4.51088E+18
       120    11900.0  1.10169E+16  5.61258E+18
       121    12000.0  1.36435E+16  6.97692E+18
       122    12100.0  1.68813E+16  8.66505E+18
       123    12200.0  2.08692E+16  1.07520E+19
       124    12300.0  2.57770E+16  1.33297E+19
       125    12400.0  3.18115E+16  1.65108E+19
       126    12500.0  3.92256E+16  2.04334E+19
       127    12600.0  4.83271E+16  2.52661E+19
       128    12700.0  5.94911E+16  3.12152E+19
       129    12800.0  7.31738E+16  3.85326E+19
       130    12900.0  8.99305E+16  4.75256E+19
       131    13000.0  1.10435E+17  5.85692E+19
       132    13100.0  1.35508E+17  7.21199E+19
       133    13200.0  1.66141E+17  8.87341E+19
       134    13300.0  2.03541E+17  1.09088E+20
       135    13400.0  2.49167E+17  1.34005E+20
       136    13500.0  3.04787E+17  1.64483E+20
       137    13600.0  3.72540E+17  2.01737E+20
       138    13700.0  4.55013E+17  2.47239E+20
       139    13800.0  5.55330E+17  3.02772E+20
       140    13900.0  6.77266E+17  3.70498E+20
       141    14000.0  8.25373E+17  4.53036E+20
       142    14100.0  1.00514E+18  5.53550E+20
       143    14200.0  1.22319E+18  6.75869E+20
       144    14300.0  1.48749E+18  8.24617E+20
       145    14400.0  1.80762E+18  1.00538E+21
       146    14500.0  2.19511E+18  1.22489E+21
       147    14600.0  2.66384E+18  1.49127E+21
       148    14700.0  3.23045E+18  1.81432E+21
       149    14800.0  3.91492E+18  2.20581E+21
       150    14900.0  4.74123E+18  2.67993E+21
       151    15000.0  5.73813E+18  3.25375E+21
       152    15100.0  6.94006E+18  3.94775E+21
       153    15200.0  8.38826E+18  4.78658E+21
       154    15300.0  1.01321E+19  5.79979E+21
       155    15400.0  1.22306E+19  7.02285E+21
       156    15500.0  1.47543E+19  8.49828E+21
       157    15600.0  1.77875E+19  1.02770E+22
       158    15700.0  2.14309E+19  1.24201E+22
       159    15800.0  2.58046E+19  1.50006E+22
       160    15900.0  3.10517E+19  1.81057E+22
       161    16000.0  3.73429E+19  2.18400E+22
       162    16100.0  4.48815E+19  2.63282E+22
       163    16200.0  5.39096E+19  3.17191E+22
       164    16300.0  6.47153E+19  3.81907E+22
       165    16400.0  7.76409E+19  4.59548E+22
       166    16500.0  9.30936E+19  5.52641E+22
       167    16600.0  1.11557E+20  6.64198E+22
       168    16700.0  1.33605E+20  7.97803E+22
       169    16800.0  1.59919E+20  9.57723E+22
       170    16900.0  1.91308E+20  1.14903E+23
       171    17000.0  2.28728E+20  1.37776E+23
       172    17100.0  2.73315E+20  1.65107E+23
       173    17200.0  3.26413E+20  1.97749E+23
       174    17300.0  3.89612E+20  2.36710E+23
       175    17400.0  4.64794E+20  2.83189E+23
       176    17500.0  5.54183E+20  3.38607E+23
       177    17600.0  6.60408E+20  4.04648E+23
       178    17700.0  7.86575E+20  4.83306E+23
       179    17800.0  9.36349E+20  5.76941E+23
       180    17900.0  1.11406E+21  6.88346E+23
       181    18000.0  1.32480E+21  8.20827E+23
       182    18100.0  1.57460E+21  9.78286E+23
       183    18200.0  1.87053E+21  1.16534E+24
       184    18300.0  2.22095E+21  1.38743E+24
       185    18400.0  2.63569E+21  1.65100E+24
       186    18500.0  3.12629E+21  1.96363E+24
       187    18600.0  3.70638E+21  2.33427E+24
       188    18700.0  4.39192E+21  2.77346E+24
       189    18800.0  5.20170E+21  3.29363E+24
       190    18900.0  6.15778E+21  3.90941E+24
       191    19000.0  7.28606E+21  4.63802E+24
       192    19100.0  8.61693E+21  5.49971E+24
       193    19200.0  1.01860E+22  6.51831E+24
       194    19300.0  1.20351E+22  7.72182E+24
       195    19400.0  1.42132E+22  9.14315E+24
       196    19500.0  1.67776E+22  1.08209E+25
       197    19600.0  1.97955E+22  1.28005E+25
       198    19700.0  2.33455E+22  1.51350E+25
       199    19800.0  2.75195E+22  1.78870E+25
       200    19900.0  3.24250E+22  2.11295E+25
       201    20000.0  3.81877E+22  2.49482E+25
       202    20100.0  4.49543E+22  2.94437E+25
       203    20200.0  5.28963E+22  3.47333E+25
       204    20300.0  6.22139E+22  4.09547E+25
       205    20400.0  7.31406E+22  4.82687E+25
       206    20500.0  8.59488E+22  5.68636E+25
       207    20600.0  1.00956E+23  6.69592E+25
       208    20700.0  1.18533E+23  7.88125E+25
       209    20800.0  1.39110E+23  9.27234E+25
       210    20900.0  1.63189E+23  1.09042E+26
       211    21000.0  1.91356E+23  1.28178E+26
       212    21100.0  2.24290E+23  1.50607E+26
       213    21200.0  2.62782E+23  1.76885E+26
       214    21300.0  3.07753E+23  2.07661E+26
       215    21400.0  3.60272E+23  2.43688E+26
       216    21500.0  4.21580E+23  2.85846E+26
       217    21600.0  4.93120E+23  3.35158E+26
       218    21700.0  5.76567E+23  3.92814E+26
       219    21800.0  6.73864E+23  4.60201E+26
       220    21900.0  7.87266E+23  5.38927E+26
       221    22000.0  9.19387E+23  6.30866E+26
       222    22100.0  1.07326E+24  7.38192E+26
       223    22200.0  1.25239E+24  8.63431E+26
       224    22300.0  1.46085E+24  1.00952E+27
       225    22400.0  1.70334E+24  1.17985E+27
       226    22500.0  1.98533E+24  1.37838E+27
       227    22600.0  2.31312E+24  1.60969E+27
       228    22700.0  2.69400E+24  1.87909E+27
       229    22800.0  3.13640E+24  2.19273E+27
       230    22900.0  3.65009E+24  2.55774E+27
       231    23000.0  4.24633E+24  2.98238E+27
       232    23100.0  4.93813E+24  3.47619E+27
       233    23200.0  5.74051E+24  4.05024E+27
       234    23300.0  6.67082E+24  4.71732E+27
       235    23400.0  7.74908E+24  5.49223E+27
       236    23500.0  8.99835E+24  6.39207E+27
       237    23600.0  1.04453E+25  7.43659E+27
       238    23700.0  1.21205E+25  8.64864E+27
       239    23800.0  1.40594E+25  1.00546E+28
       240    23900.0  1.63027E+25  1.16848E+28
       241    24000.0  1.88972E+25  1.35746E+28
       242    24100.0  2.18970E+25  1.57643E+28
       243    24200.0  2.53642E+25  1.83007E+28
       244    24300.0  2.93702E+25  2.12377E+28
       245    24400.0  3.39972E+25  2.46374E+28
       246    24500.0  3.93396E+25  2.85714E+28
       247    24600.0  4.55061E+25  3.31220E+28
       248    24700.0  5.26214E+25  3.83842E+28
       249    24800.0  6.08287E+25  4.44670E+28
       250    24900.0  7.02926E+25  5.14963E+28
       251    25000.0  8.12019E+25  5.96165E+28
       252    25100.0  9.37732E+25  6.89938E+28
       253    25200.0  1.08255E+26  7.98193E+28
       254    25300.0  1.24933E+26  9.23126E+28
       255    25400.0  1.44132E+26  1.06726E+29
       256    25500.0  1.66229E+26  1.23349E+29
       257    25600.0  1.91651E+26  1.42514E+29
       258    25700.0  2.20891E+26  1.64603E+29
       259    25800.0  2.54511E+26  1.90054E+29
       260    25900.0  2.93154E+26  2.19369E+29
       261    26000.0  3.37558E+26  2.53125E+29
       262    26100.0  3.88567E+26  2.91982E+29
       263    26200.0  4.47144E+26  3.36696E+29
       264    26300.0  5.14392E+26  3.88136E+29
       265    26400.0  5.91570E+26  4.47293E+29
       266    26500.0  6.80120E+26  5.15305E+29
       267    26600.0  7.81686E+26  5.93473E+29
       268    26700.0  8.98145E+26  6.83288E+29
       269    26800.0  1.03164E+27  7.86452E+29
       270    26900.0  1.18463E+27  9.04915E+29
       271    27000.0  1.35989E+27  1.04090E+30
       272    27100.0  1.56062E+27  1.19697E+30
       273    27200.0  1.79045E+27  1.37601E+30
       274    27300.0  2.05352E+27  1.58136E+30
       275    27400.0  2.35456E+27  1.81682E+30
       276    27500.0  2.69893E+27  2.08671E+30
       277    27600.0  3.09278E+27  2.39599E+30
       278    27700.0  3.54307E+27  2.75030E+30
       279    27800.0  4.05776E+27  3.15608E+30
       280    27900.0  4.64589E+27  3.62066E+30
       281    28000.0  5.31775E+27  4.15244E+30
       282    28100.0  6.08505E+27  4.76094E+30
       283    28200.0  6.96110E+27  5.45705E+30
       284    28300.0  7.96104E+27  6.25316E+30
       285    28400.0  9.10208E+27  7.16337E+30
       286    28500.0  1.04038E+28  8.20374E+30
       287    28600.0  1.18883E+28  9.39258E+30
       288    28700.0  1.35810E+28  1.07507E+31
       289    28800.0  1.55105E+28  1.23017E+31
       290    28900.0  1.77092E+28  1.40726E+31
       291    29000.0  2.02142E+28  1.60941E+31
       292    29100.0  2.30672E+28  1.84008E+31
       293    29200.0  2.63159E+28  2.10324E+31
       294    29300.0  3.00141E+28  2.40338E+31
       295    29400.0  3.42229E+28  2.74561E+31
       296    29500.0  3.90116E+28  3.13572E+31
       297    29600.0  4.44587E+28  3.58031E+31
       298    29700.0  5.06530E+28  4.08684E+31
       299    29800.0  5.76953E+28  4.66379E+31
       300    29900.0  6.56997E+28  5.32079E+31
       301    30000.0  7.47953E+28  6.06874E+31
       302    30100.0  8.51282E+28  6.92003E+31
       303    30200.0  9.68638E+28  7.88866E+31
       304    30300.0  1.10189E+29  8.99056E+31
       305    30400.0  1.25316E+29  1.02437E+32
       306    30500.0  1.42483E+29  1.16685E+32
       307    30600.0  1.61962E+29  1.32882E+32
       308    30700.0  1.84057E+29  1.51287E+32
       309    30800.0  2.09115E+29  1.72199E+32
       310    30900.0  2.37525E+29  1.95951E+32
       311    31000.0  2.69728E+29  2.22924E+32
       312    31100.0  3.06222E+29  2.53546E+32
       313    31200.0  3.47569E+29  2.88303E+32
       314    31300.0  3.94403E+29  3.27744E+32
       315    31400.0  4.47439E+29  3.72488E+32
       316    31500.0  5.07485E+29  4.23236E+32
       317    31600.0  5.75450E+29  4.80781E+32
       318    31700.0  6.52362E+29  5.46017E+32
       319    31800.0  7.39377E+29  6.19955E+32
       320    31900.0  8.37801E+29  7.03735E+32
       321    32000.0  9.49103E+29  7.98645E+32
       322    32100.0  1.07494E+30  9.06139E+32
       323    32200.0  1.21717E+30  1.02786E+33
       324    32300.0  1.37791E+30  1.16565E+33
       325    32400.0  1.55951E+30  1.32160E+33
       326    32500.0  1.76463E+30  1.49806E+33
       327    32600.0  1.99628E+30  1.69769E+33
       328    32700.0  2.25782E+30  1.92347E+33
       329    32800.0  2.55304E+30  2.17877E+33
       330    32900.0  2.88621E+30  2.46740E+33
       331    33000.0  3.26212E+30  2.79361E+33
       332    33100.0  3.68617E+30  3.16222E+33
       333    33200.0  4.16440E+30  3.57866E+33
       334    33300.0  4.70363E+30  4.04903E+33
       335    33400.0  5.31150E+30  4.58018E+33
       336    33500.0  5.99660E+30  5.17984E+33
       337    33600.0  6.76859E+30  5.85670E+33
       338    33700.0  7.63828E+30  6.62052E+33
       339    33800.0  8.61783E+30  7.48231E+33
       340    33900.0  9.72089E+30  8.45440E+33
       341    34000.0  1.09628E+31  9.55067E+33
       342    34100.0  1.23606E+31  1.07867E+34
       343    34200.0  1.39338E+31  1.21801E+34
       344    34300.0  1.57037E+31  1.37505E+34
       345    34400.0  1.76948E+31  1.55200E+34
       346    34500.0  1.99340E+31  1.75134E+34
       347    34600.0  2.24519E+31  1.97586E+34
       348    34700.0  2.52825E+31  2.22868E+34
       349    34800.0  2.84640E+31  2.51332E+34
       350    34900.0  3.20392E+31  2.83371E+34
       351    35000.0  3.60560E+31  3.19427E+34
       352    35100.0  4.05679E+31  3.59995E+34
       353    35200.0  4.56351E+31  4.05630E+34
       354    35300.0  5.13246E+31  4.56955E+34
       355    35400.0  5.77117E+31  5.14667E+34
       356    35500.0  6.48804E+31  5.79547E+34
       357    35600.0  7.29248E+31  6.52472E+34
       358    35700.0  8.19500E+31  7.34422E+34
       359    35800.0  9.20737E+31  8.26496E+34
       360    35900.0  1.03427E+32  9.29923E+34
       361    36000.0  1.16158E+32  1.04608E+35
       362    36100.0  1.30429E+32  1.17651E+35
       363    36200.0  1.46425E+32  1.32293E+35
       364    36300.0  1.64350E+32  1.48728E+35
       365    36400.0  1.84433E+32  1.67172E+35
       366    36500.0  2.06930E+32  1.87865E+35
       367    36600.0  2.32126E+32  2.11077E+35
       368    36700.0  2.60339E+32  2.37111E+35
       369    36800.0  2.91925E+32  2.66304E+35
       370    36900.0  3.27280E+32  2.99032E+35
       371    37000.0  3.66846E+32  3.35716E+35
       372    37100.0  4.11117E+32  3.76828E+35
       373    37200.0  4.60643E+32  4.22893E+35
       374    37300.0  5.16038E+32  4.74496E+35
       375    37400.0  5.77984E+32  5.32295E+35
       376    37500.0  6.47245E+32  5.97019E+35
       377    37600.0  7.24669E+32  6.69486E+35
       378    37700.0  8.11204E+32  7.50606E+35
       379    37800.0  9.07903E+32  8.41397E+35
       380    37900.0  1.01594E+33  9.42991E+35
       381    38000.0  1.13662E+33  1.05665E+36
       382    38100.0  1.27141E+33  1.18379E+36
       383    38200.0  1.42192E+33  1.32599E+36
       384    38300.0  1.58995E+33  1.48498E+36
       385    38400.0  1.77752E+33  1.66273E+36
       386    38500.0  1.98686E+33  1.86142E+36
       387    38600.0  2.22045E+33  2.08346E+36
       388    38700.0  2.48105E+33  2.33157E+36
       389    38800.0  2.77174E+33  2.60874E+36
       390    38900.0  3.09594E+33  2.91834E+36
       391    39000.0  3.45745E+33  3.26408E+36
       392    39100.0  3.86048E+33  3.65013E+36
       393    39200.0  4.30973E+33  4.08110E+36
       394    39300.0  4.81041E+33  4.56214E+36
       395    39400.0  5.36832E+33  5.09898E+36
       396    39500.0  5.98989E+33  5.69797E+36
       397    39600.0  6.68227E+33  6.36619E+36
       398    39700.0  7.45338E+33  7.11153E+36
       399    39800.0  8.31204E+33  7.94274E+36
       400    39900.0  9.26803E+33  8.86954E+36
       401    40000.0  1.03322E+34  9.90276E+36
       402    40100.0  1.15166E+34  1.10544E+37
       403    40200.0  1.28345E+34  1.23379E+37
       404    40300.0  1.43009E+34  1.37680E+37
       405    40400.0  1.59321E+34  1.53612E+37
       406    40500.0  1.77463E+34  1.71358E+37
       407    40600.0  1.97639E+34  1.91122E+37
       408    40700.0  2.20071E+34  2.13129E+37
       409    40800.0  2.45009E+34  2.37630E+37
       410    40900.0  2.72727E+34  2.64903E+37
       411    41000.0  3.03530E+34  2.95256E+37
       412    41100.0  3.37757E+34  3.29031E+37
       413    41200.0  3.75781E+34  3.66609E+37
       414    41300.0  4.18018E+34  4.08411E+37
       415    41400.0  4.64926E+34  4.54904E+37
       416    41500.0  5.17014E+34  5.06605E+37
       417    41600.0  5.74845E+34  5.64090E+37
       418    41700.0  6.39040E+34  6.27994E+37
       419    41800.0  7.10290E+34  6.99023E+37
       420    41900.0  7.89358E+34  7.77959E+37
       421    42000.0  8.77087E+34  8.65667E+37
       422    42100.0  9.74410E+34  9.63108E+37
       423    42200.0  1.08236E+35  1.07134E+38
       424    42300.0  1.20208E+35  1.19155E+38
       425    42400.0  1.33483E+35  1.32504E+38
       426    42500.0  1.48201E+35  1.47324E+38
       427    42600.0  1.64516E+35  1.63775E+38
       428    42700.0  1.82599E+35  1.82035E+38
       429    42800.0  2.02637E+35  2.02299E+38
       430    42900.0  2.24839E+35  2.24783E+38
       431    43000.0  2.49436E+35  2.49726E+38
       432    43100.0  2.76681E+35  2.77395E+38
       433    43200.0  3.06854E+35  3.08080E+38
       434    43300.0  3.40266E+35  3.42107E+38
       435    43400.0  3.77259E+35  3.79833E+38
       436    43500.0  4.18210E+35  4.21653E+38
       437    43600.0  4.63535E+35  4.68007E+38
       438    43700.0  5.13695E+35  5.19377E+38
       439    43800.0  5.69198E+35  5.76296E+38
       440    43900.0  6.30603E+35  6.39357E+38
       441    44000.0  6.98527E+35  7.09209E+38
       442    44100.0  7.73653E+35  7.86575E+38
       443    44200.0  8.56731E+35  8.72248E+38
       444    44300.0  9.48590E+35  9.67107E+38
       445    44400.0  1.05014E+36  1.07212E+39
       446    44500.0  1.16240E+36  1.18836E+39
       447    44600.0  1.28646E+36  1.31701E+39
       448    44700.0  1.42356E+36  1.45936E+39
       449    44800.0  1.57504E+36  1.61687E+39
       450    44900.0  1.74238E+36  1.79110E+39
       451    45000.0  1.92723E+36  1.98383E+39
       452    45100.0  2.13138E+36  2.19697E+39
       453    45200.0  2.35681E+36  2.43265E+39
       454    45300.0  2.60572E+36  2.69322E+39
       455    45400.0  2.88050E+36  2.98127E+39
       456    45500.0  3.18380E+36  3.29965E+39
       457    45600.0  3.51854E+36  3.65150E+39
       458    45700.0  3.88793E+36  4.04030E+39
       459    45800.0  4.29548E+36  4.46984E+39
       460    45900.0  4.74510E+36  4.94435E+39
       461    46000.0  5.24103E+36  5.46846E+39
       462    46100.0  5.78800E+36  6.04726E+39
       463    46200.0  6.39115E+36  6.68637E+39
       464    46300.0  7.05618E+36  7.39199E+39
       465    46400.0  7.78933E+36  8.17092E+39
       466    46500.0  8.59747E+36  9.03067E+39
       467    46600.0  9.48815E+36  9.97949E+39
       468    46700.0  1.04697E+37  1.10265E+40
       469    46800.0  1.15511E+37  1.21816E+40
       470    46900.0  1.27426E+37  1.34558E+40
       471    47000.0  1.40550E+37  1.48613E+40
       472    47100.0  1.55005E+37  1.64114E+40
       473    47200.0  1.70924E+37  1.81206E+40
       474    47300.0  1.88452E+37  2.00051E+40
       475    47400.0  2.07749E+37  2.20826E+40
       476    47500.0  2.28992E+37  2.43725E+40
       477    47600.0  2.52374E+37  2.68963E+40
       478    47700.0  2.78106E+37  2.96773E+40
       479    47800.0  3.06421E+37  3.27416E+40
       480    47900.0  3.37574E+37  3.61173E+40
       481    48000.0  3.71846E+37  3.98357E+40
       482    48100.0  4.09543E+37  4.39312E+40
       483    48200.0  4.51002E+37  4.84412E+40
       484    48300.0  4.96594E+37  5.34071E+40
       485    48400.0  5.46724E+37  5.88744E+40
       486    48500.0  6.01836E+37  6.48927E+40
       487    48600.0  6.62418E+37  7.15169E+40
       488    48700.0  7.29004E+37  7.88070E+40
       489    48800.0  8.02181E+37  8.68288E+40
       490    48900.0  8.82589E+37  9.56547E+40
       491    49000.0  9.70933E+37  1.05364E+41
       492    49100.0  1.06798E+38  1.16044E+41
       493    49200.0  1.17459E+38  1.27790E+41
       494    49300.0  1.29167E+38  1.40706E+41
       495    49400.0  1.42024E+38  1.54909E+41
       496    49500.0  1.56141E+38  1.70523E+41
       497    49600.0  1.71640E+38  1.87687E+41
       498    49700.0  1.88654E+38  2.06552E+41
       499    49800.0  2.07328E+38  2.27285E+41
       500    49900.0  2.27822E+38  2.50067E+41
       501    50000.0  2.50312E+38  2.75098E+41
       502    50100.0  2.74987E+38  3.02597E+41
       503    50200.0  3.02057E+38  3.32803E+41
       504    50300.0  3.31752E+38  3.65978E+41
       505    50400.0  3.64321E+38  4.02410E+41
       506    50500.0  4.00038E+38  4.42414E+41
       507    50600.0  4.39204E+38  4.86334E+41
       508    50700.0  4.82145E+38  5.34549E+41
       509    50800.0  5.29221E+38  5.87471E+41
       510    50900.0  5.80823E+38  6.45553E+41
       511    51000.0  6.37380E+38  7.09291E+41
       512    51100.0  6.99359E+38  7.79227E+41
       513    51200.0  7.67274E+38  8.55955E+41
       514    51300.0  8.41683E+38  9.40123E+41
       515    51400.0  9.23199E+38  1.03244E+42
       516    51500.0  1.01249E+39  1.13369E+42
       517    51600.0  1.11028E+39  1.24472E+42
       518    51700.0  1.21738E+39  1.36646E+42
       519    51800.0  1.33465E+39  1.49992E+42
       520    51900.0  1.46304E+39  1.64623E+42
       521    52000.0  1.60360E+39  1.80659E+42
       522    52100.0  1.75745E+39  1.98233E+42
       523    52200.0  1.92584E+39  2.17492E+42
       524    52300.0  2.11013E+39  2.38593E+42
       525    52400.0  2.31177E+39  2.61711E+42
       526    52500.0  2.53240E+39  2.87035E+42
       527    52600.0  2.77376E+39  3.14772E+42
       528    52700.0  3.03778E+39  3.45150E+42
       529    52800.0  3.32654E+39  3.78415E+42
       530    52900.0  3.64234E+39  4.14839E+42
       531    53000.0  3.98767E+39  4.54716E+42
       532    53100.0  4.36524E+39  4.98368E+42
       533    53200.0  4.77801E+39  5.46148E+42
       534    53300.0  5.22923E+39  5.98440E+42
       535    53400.0  5.72242E+39  6.55664E+42
       536    53500.0  6.26141E+39  7.18279E+42
       537    53600.0  6.85041E+39  7.86783E+42
       538    53700.0  7.49397E+39  8.61722E+42
       539    53800.0  8.19709E+39  9.43693E+42
       540    53900.0  8.96517E+39  1.03335E+43
       541    54000.0  9.80414E+39  1.13139E+43
       542    54100.0  1.07204E+40  1.23859E+43
       543    54200.0  1.17211E+40  1.35580E+43
       544    54300.0  1.28137E+40  1.48394E+43
       545    54400.0  1.40067E+40  1.62401E+43
       546    54500.0  1.53090E+40  1.77710E+43
       547    54600.0  1.67306E+40  1.94440E+43
       548    54700.0  1.82822E+40  2.12722E+43
       549    54800.0  1.99756E+40  2.32698E+43
       550    54900.0  2.18235E+40  2.54521E+43
       551    55000.0  2.38397E+40  2.78361E+43
       552    55100.0  2.60394E+40  3.04401E+43
       553    55200.0  2.84390E+40  3.32840E+43
       554    55300.0  3.10565E+40  3.63896E+43
       555    55400.0  3.39112E+40  3.97807E+43
       556    55500.0  3.70243E+40  4.34832E+43
       557    55600.0  4.04190E+40  4.75251E+43
       558    55700.0  4.41203E+40  5.19371E+43
       559    55800.0  4.81554E+40  5.67526E+43
       560    55900.0  5.25541E+40  6.20080E+43
       561    56000.0  5.73485E+40  6.77429E+43
       562    56100.0  6.25737E+40  7.40003E+43
       563    56200.0  6.82679E+40  8.08270E+43
       564    56300.0  7.44725E+40  8.82743E+43
       565    56400.0  8.12325E+40  9.63975E+43
       566    56500.0  8.85971E+40  1.05257E+44
       567    56600.0  9.66193E+40  1.14919E+44
       568    56700.0  1.05357E+41  1.25455E+44
       569    56800.0  1.14873E+41  1.36942E+44
       570    56900.0  1.25236E+41  1.49466E+44
       571    57000.0  1.36520E+41  1.63118E+44
       572    57100.0  1.48805E+41  1.77998E+44
       573    57200.0  1.62179E+41  1.94216E+44
       574    57300.0  1.76737E+41  2.11890E+44
       575    57400.0  1.92583E+41  2.31148E+44
       576    57500.0  2.09828E+41  2.52131E+44
       577    57600.0  2.28594E+41  2.74990E+44
       578    57700.0  2.49014E+41  2.99892E+44
       579    57800.0  2.71230E+41  3.27015E+44
       580    57900.0  2.95399E+41  3.56555E+44
       581    58000.0  3.21690E+41  3.88724E+44
       582    58100.0  3.50286E+41  4.23752E+44
       583    58200.0  3.81386E+41  4.61891E+44
       584    58300.0  4.15206E+41  5.03411E+44
       585    58400.0  4.51981E+41  5.48610E+44
       586    58500.0  4.91964E+41  5.97806E+44
       587    58600.0  5.35432E+41  6.51349E+44
       588    58700.0  5.82684E+41  7.09618E+44
       589    58800.0  6.34043E+41  7.73022E+44
       590    58900.0  6.89862E+41  8.42008E+44
       591    59000.0  7.50523E+41  9.17060E+44
       592    59100.0  8.16438E+41  9.98704E+44
       593    59200.0  8.88057E+41  1.08751E+45
       594    59300.0  9.65865E+41  1.18410E+45
       595    59400.0  1.05039E+42  1.28914E+45
       596    59500.0  1.14220E+42  1.40336E+45
       597    59600.0  1.24192E+42  1.52755E+45
       598    59700.0  1.35021E+42  1.66257E+45
       599    59800.0  1.46781E+42  1.80935E+45
       600    59900.0  1.59550E+42  1.96890E+45
       601    60000.0  1.73413E+42  2.14231E+45
       602    60100.0  1.88463E+42  2.33077E+45
       603    60200.0  2.04800E+42  2.53557E+45
       604    60300.0  2.22532E+42  2.75811E+45
       605    60400.0  2.41776E+42  2.99988E+45
       606    60500.0  2.62660E+42  3.26254E+45
       607    60600.0  2.85322E+42  3.54786E+45
       608    60700.0  3.09910E+42  3.85777E+45
       609    60800.0  3.36585E+42  4.19436E+45
       610    60900.0  3.65523E+42  4.55988E+45
       611    61000.0  3.96912E+42  4.95679E+45
       612    61100.0  4.30957E+42  5.38775E+45
       613    61200.0  4.67879E+42  5.85563E+45
       614    61300.0  5.07917E+42  6.36355E+45
       615    61400.0  5.51331E+42  6.91488E+45
       616    61500.0  5.98402E+42  7.51328E+45
       617    61600.0  6.49432E+42  8.16271E+45
       618    61700.0  7.04750E+42  8.86746E+45
       619    61800.0  7.64710E+42  9.63217E+45
       620    61900.0  8.29697E+42  1.04619E+46
       621    62000.0  9.00125E+42  1.13620E+46
       622    62100.0  9.76443E+42  1.23384E+46
       623    62200.0  1.05914E+43  1.33976E+46
       624    62300.0  1.14873E+43  1.45463E+46
       625    62400.0  1.24579E+43  1.57921E+46
       626    62500.0  1.35094E+43  1.71430E+46
       627    62600.0  1.46483E+43  1.86079E+46
       628    62700.0  1.58817E+43  2.01960E+46
       629    62800.0  1.72175E+43  2.19178E+46
       630    62900.0  1.86641E+43  2.37842E+46
       631    63000.0  2.02303E+43  2.58072E+46
       632    63100.0  2.19261E+43  2.79998E+46
       633    63200.0  2.37619E+43  3.03760E+46
       634    63300.0  2.57493E+43  3.29510E+46
       635    63400.0  2.79003E+43  3.57410E+46
       636    63500.0  3.02285E+43  3.87638E+46
       637    63600.0  3.27481E+43  4.20386E+46
       638    63700.0  3.54746E+43  4.55861E+46
       639    63800.0  3.84248E+43  4.94286E+46
       640    63900.0  4.16167E+43  5.35902E+46
       641    64000.0  4.50700E+43  5.80972E+46
       642    64100.0  4.88055E+43  6.29778E+46
       643    64200.0  5.28462E+43  6.82624E+46
       644    64300.0  5.72166E+43  7.39841E+46
       645    64400.0  6.19430E+43  8.01784E+46
       646    64500.0  6.70542E+43  8.68838E+46
       647    64600.0  7.25811E+43  9.41419E+46
       648    64700.0  7.85568E+43  1.01998E+47
       649    64800.0  8.50173E+43  1.10499E+47
       650    64900.0  9.20013E+43  1.19699E+47
       651    65000.0  9.95508E+43  1.29655E+47
       652    65100.0  1.07711E+44  1.40426E+47
       653    65200.0  1.16530E+44  1.52079E+47
       654    65300.0  1.26060E+44  1.64685E+47
       655    65400.0  1.36359E+44  1.78320E+47
       656    65500.0  1.47487E+44  1.93069E+47
       657    65600.0  1.59509E+44  2.09020E+47
       658    65700.0  1.72498E+44  2.26270E+47
       659    65800.0  1.86529E+44  2.44923E+47
       660    65900.0  2.01684E+44  2.65091E+47
       661    66000.0  2.18053E+44  2.86896E+47
       662    66100.0  2.35731E+44  3.10469E+47
       663    66200.0  2.54821E+44  3.35951E+47
       664    66300.0  2.75435E+44  3.63495E+47
       665    66400.0  2.97692E+44  3.93264E+47
       666    66500.0  3.21722E+44  4.25436E+47
       667    66600.0  3.47663E+44  4.60203E+47
       668    66700.0  3.75665E+44  4.97769E+47
       669    66800.0  4.05890E+44  5.38358E+47
       670    66900.0  4.38512E+44  5.82209E+47
       671    67000.0  4.73718E+44  6.29581E+47
       672    67100.0  5.11709E+44  6.80752E+47
       673    67200.0  5.52702E+44  7.36022E+47
       674    67300.0  5.96933E+44  7.95716E+47
       675    67400.0  6.44651E+44  8.60181E+47
       676    67500.0  6.96129E+44  9.29793E+47
       677    67600.0  7.51658E+44  1.00496E+48
       678    67700.0  8.11552E+44  1.08611E+48
       679    67800.0  8.76149E+44  1.17373E+48
       680    67900.0  9.45814E+44  1.26831E+48
       681    68000.0  1.02094E+45  1.37040E+48
       682    68100.0  1.10194E+45  1.48060E+48
       683    68200.0  1.18928E+45  1.59953E+48
       684    68300.0  1.28344E+45  1.72787E+48
       685    68400.0  1.38495E+45  1.86637E+48
       686    68500.0  1.49437E+45  2.01580E+48
       687    68600.0  1.61231E+45  2.17704E+48
       688    68700.0  1.73943E+45  2.35098E+48
       689    68800.0  1.87642E+45  2.53862E+48
       690    68900.0  2.02405E+45  2.74103E+48
       691    69000.0  2.18312E+45  2.95934E+48
       692    69100.0  2.35451E+45  3.19479E+48
       693    69200.0  2.53917E+45  3.44871E+48
       694    69300.0  2.73810E+45  3.72252E+48
       695    69400.0  2.95239E+45  4.01775E+48
       696    69500.0  3.18320E+45  4.33608E+48
       697    69600.0  3.43181E+45  4.67926E+48
       698    69700.0  3.69955E+45  5.04921E+48
       699    69800.0  3.98787E+45  5.44800E+48
       700    69900.0  4.29834E+45  5.87783E+48
       701    70000.0  4.63264E+45  6.34110E+48
       702    70100.0  4.99256E+45  6.84035E+48
       703    70200.0  5.38004E+45  7.37836E+48
       704    70300.0  5.79717E+45  7.95807E+48
       705    70400.0  6.24617E+45  8.58269E+48
       706    70500.0  6.72944E+45  9.25563E+48
       707    70600.0  7.24957E+45  9.98059E+48
       708    70700.0  7.80932E+45  1.07615E+49
       709    70800.0  8.41166E+45  1.16027E+49
       710    70900.0  9.05980E+45  1.25087E+49
       711    71000.0  9.75717E+45  1.34844E+49
       712    71100.0  1.05074E+46  1.45351E+49
       713    71200.0  1.13146E+46  1.56666E+49
       714    71300.0  1.21828E+46  1.68849E+49
       715    71400.0  1.31167E+46  1.81965E+49
       716    71500.0  1.41212E+46  1.96087E+49
       717    71600.0  1.52015E+46  2.11288E+49
       718    71700.0  1.63633E+46  2.27651E+49
       719    71800.0  1.76126E+46  2.45264E+49
       720    71900.0  1.89558E+46  2.64220E+49
       721    72000.0  2.04001E+46  2.84620E+49
       722    72100.0  2.19528E+46  3.06573E+49
       723    72200.0  2.36221E+46  3.30195E+49
       724    72300.0  2.54164E+46  3.55611E+49
       725    72400.0  2.73451E+46  3.82956E+49
       726    72500.0  2.94180E+46  4.12374E+49
       727    72600.0  3.16458E+46  4.44020E+49
       728    72700.0  3.40399E+46  4.78060E+49
       729    72800.0  3.66126E+46  5.14673E+49
       730    72900.0  3.93769E+46  5.54050E+49
       731    73000.0  4.23469E+46  5.96397E+49
       732    73100.0  4.55378E+46  6.41934E+49
       733    73200.0  4.89656E+46  6.90900E+49
       734    73300.0  5.26478E+46  7.43548E+49
       735    73400.0  5.66029E+46  8.00151E+49
       736    73500.0  6.08509E+46  8.61002E+49
       737    73600.0  6.54132E+46  9.26415E+49
       738    73700.0  7.03126E+46  9.96727E+49
       739    73800.0  7.55738E+46  1.07230E+50
       740    73900.0  8.12230E+46  1.15352E+50
       741    74000.0  8.72884E+46  1.24081E+50
       742    74100.0  9.38003E+46  1.33461E+50
       743    74200.0  1.00791E+47  1.43540E+50
       744    74300.0  1.08296E+47  1.54370E+50
       745    74400.0  1.16351E+47  1.66005E+50
       746    74500.0  1.24997E+47  1.78505E+50
       747    74600.0  1.34276E+47  1.91932E+50
       748    74700.0  1.44234E+47  2.06356E+50
       749    74800.0  1.54920E+47  2.21848E+50
       750    74900.0  1.66386E+47  2.38486E+50
       751    75000.0  1.78690E+47  2.56355E+50
       752    75100.0  1.91889E+47  2.75544E+50
       753    75200.0  2.06051E+47  2.96149E+50
       754    75300.0  2.21242E+47  3.18273E+50
       755    75400.0  2.37537E+47  3.42027E+50
       756    75500.0  2.55016E+47  3.67529E+50
       757    75600.0  2.73762E+47  3.94905E+50
       758    75700.0  2.93867E+47  4.24292E+50
       759    75800.0  3.15427E+47  4.55834E+50
       760    75900.0  3.38547E+47  4.89689E+50
       761    76000.0  3.63337E+47  5.26023E+50
       762    76100.0  3.89917E+47  5.65015E+50
       763    76200.0  4.18414E+47  6.06856E+50
       764    76300.0  4.48963E+47  6.51752E+50
       765    76400.0  4.81711E+47  6.99923E+50
       766    76500.0  5.16815E+47  7.51605E+50
       767    76600.0  5.54439E+47  8.07049E+50
       768    76700.0  5.94765E+47  8.66525E+50
       769    76800.0  6.37981E+47  9.30323E+50
       770    76900.0  6.84293E+47  9.98753E+50
       771    77000.0  7.33919E+47  1.07214E+51
       772    77100.0  7.87094E+47  1.15085E+51
       773    77200.0  8.44066E+47  1.23526E+51
       774    77300.0  9.05103E+47  1.32577E+51
       775    77400.0  9.70492E+47  1.42282E+51
       776    77500.0  1.04054E+48  1.52687E+51
       777    77600.0  1.11557E+48  1.63843E+51
       778    77700.0  1.19593E+48  1.75802E+51
       779    77800.0  1.28200E+48  1.88622E+51
       780    77900.0  1.37418E+48  2.02364E+51
       781    78000.0  1.47289E+48  2.17093E+51
       782    78100.0  1.57859E+48  2.32879E+51
       783    78200.0  1.69177E+48  2.49797E+51
       784    78300.0  1.81295E+48  2.67926E+51
       785    78400.0  1.94269E+48  2.87353E+51
       786    78500.0  2.08158E+48  3.08169E+51
       787    78600.0  2.23026E+48  3.30472E+51
       788    78700.0  2.38941E+48  3.54366E+51
       789    78800.0  2.55975E+48  3.79963E+51
       790    78900.0  2.74207E+48  4.07384E+51
       791    79000.0  2.93719E+48  4.36756E+51
       792    79100.0  3.14600E+48  4.68216E+51
       793    79200.0  3.36944E+48  5.01910E+51
       794    79300.0  3.60853E+48  5.37995E+51
       795    79400.0  3.86434E+48  5.76639E+51
       796    79500.0  4.13804E+48  6.18019E+51
       797    79600.0  4.43084E+48  6.62328E+51
       798    79700.0  4.74407E+48  7.09768E+51
       799    79800.0  5.07913E+48  7.60560E+51
       800    79900.0  5.43752E+48  8.14935E+51
       801    80000.0  5.82085E+48  8.73143E+51
       802    80100.0  6.23081E+48  9.35451E+51
       803    80200.0  6.66924E+48  1.00214E+52
       804    80300.0  7.13809E+48  1.07352E+52
       805    80400.0  7.63943E+48  1.14992E+52
       806    80500.0  8.17549E+48  1.23167E+52
       807    80600.0  8.74864E+48  1.31916E+52
       808    80700.0  9.36140E+48  1.41277E+52
       809    80800.0  1.00165E+49  1.51294E+52
       810    80900.0  1.07167E+49  1.62011E+52
       811    81000.0  1.14653E+49  1.73476E+52
       812    81100.0  1.22654E+49  1.85741E+52
       813    81200.0  1.31205E+49  1.98862E+52
       814    81300.0  1.40344E+49  2.12896E+52
       815    81400.0  1.50111E+49  2.27907E+52
       816    81500.0  1.60547E+49  2.43962E+52
       817    81600.0  1.71700E+49  2.61132E+52
       818    81700.0  1.83616E+49  2.79494E+52
       819    81800.0  1.96347E+49  2.99128E+52
       820    81900.0  2.09949E+49  3.20123E+52
       821    82000.0  2.24480E+49  3.42571E+52
       822    82100.0  2.40002E+49  3.66571E+52
       823    82200.0  2.56583E+49  3.92230E+52
       824    82300.0  2.74293E+49  4.19659E+52
       825    82400.0  2.93208E+49  4.48980E+52
       826    82500.0  3.13409E+49  4.80321E+52
       827    82600.0  3.34983E+49  5.13819E+52
       828    82700.0  3.58021E+49  5.49621E+52
       829    82800.0  3.82621E+49  5.87883E+52
       830    82900.0  4.08887E+49  6.28772E+52
       831    83000.0  4.36932E+49  6.72465E+52
       832    83100.0  4.66873E+49  7.19152E+52
       833    83200.0  4.98836E+49  7.69036E+52
       834    83300.0  5.32958E+49  8.22332E+52
       835    83400.0  5.69381E+49  8.79270E+52
       836    83500.0  6.08258E+49  9.40096E+52
       837    83600.0  6.49752E+49  1.00507E+53
       838    83700.0  6.94038E+49  1.07447E+53
       839    83800.0  7.41299E+49  1.14860E+53
       840    83900.0  7.91734E+49  1.22778E+53
       841    84000.0  8.45552E+49  1.31233E+53
       842    84100.0  9.02977E+49  1.40263E+53
       843    84200.0  9.64248E+49  1.49906E+53
       844    84300.0  1.02962E+50  1.60202E+53
       845    84400.0  1.09936E+50  1.71195E+53
       846    84500.0  1.17375E+50  1.82933E+53
       847    84600.0  1.25312E+50  1.95464E+53
       848    84700.0  1.33777E+50  2.08842E+53
       849    84800.0  1.42806E+50  2.23122E+53
       850    84900.0  1.52436E+50  2.38366E+53
       851    85000.0  1.62706E+50  2.54636E+53
       852    85100.0  1.73659E+50  2.72002E+53
       853    85200.0  1.85338E+50  2.90536E+53
       854    85300.0  1.97792E+50  3.10315E+53
       855    85400.0  2.11071E+50  3.31423E+53
       856    85500.0  2.25230E+50  3.53946E+53
       857    85600.0  2.40325E+50  3.77978E+53
       858    85700.0  2.56417E+50  4.03620E+53
       859    85800.0  2.73572E+50  4.30977E+53
       860    85900.0  2.91858E+50  4.60163E+53
       861    86000.0  3.11350E+50  4.91298E+53
       862    86100.0  3.32125E+50  5.24510E+53
       863    86200.0  3.54267E+50  5.59937E+53
       864    86300.0  3.77865E+50  5.97723E+53
       865    86400.0  4.03013E+50  6.38025E+53
       866    86500.0  4.29811E+50  6.81006E+53
       867    86600.0  4.58366E+50  7.26842E+53
       868    86700.0  4.88792E+50  7.75722E+53
       869    86800.0  5.21209E+50  8.27843E+53
       870    86900.0  5.55747E+50  8.83417E+53
       871    87000.0  5.92540E+50  9.42671E+53
       872    87100.0  6.31736E+50  1.00584E+54
       873    87200.0  6.73489E+50  1.07319E+54
       874    87300.0  7.17963E+50  1.14499E+54
       875    87400.0  7.65332E+50  1.22152E+54
       876    87500.0  8.15784E+50  1.30310E+54
       877    87600.0  8.69515E+50  1.39005E+54
       878    87700.0  9.26736E+50  1.48273E+54
       879    87800.0  9.87669E+50  1.58149E+54
       880    87900.0  1.05255E+51  1.68675E+54
       881    88000.0  1.12164E+51  1.79891E+54
       882    88100.0  1.19520E+51  1.91843E+54
       883    88200.0  1.27352E+51  2.04579E+54
       884    88300.0  1.35689E+51  2.18147E+54
       885    88400.0  1.44565E+51  2.32604E+54
       886    88500.0  1.54014E+51  2.48005E+54
       887    88600.0  1.64071E+51  2.64413E+54
       888    88700.0  1.74777E+51  2.81890E+54
       889    88800.0  1.86170E+51  3.00507E+54
       890    88900.0  1.98297E+51  3.20337E+54
       891    89000.0  2.11202E+51  3.41457E+54
       892    89100.0  2.24936E+51  3.63951E+54
       893    89200.0  2.39550E+51  3.87906E+54
       894    89300.0  2.55100E+51  4.13416E+54
       895    89400.0  2.71646E+51  4.40580E+54
       896    89500.0  2.89250E+51  4.69505E+54
       897    89600.0  3.07979E+51  5.00303E+54
       898    89700.0  3.27904E+51  5.33093E+54
       899    89800.0  3.49100E+51  5.68003E+54
       900    89900.0  3.71647E+51  6.05168E+54
       901    90000.0  3.95631E+51  6.44731E+54
       902    90100.0  4.21140E+51  6.86845E+54
       903    90200.0  4.48272E+51  7.31672E+54
       904    90300.0  4.77127E+51  7.79385E+54
       905    90400.0  5.07814E+51  8.30167E+54
       906    90500.0  5.40447E+51  8.84211E+54
       907    90600.0  5.75148E+51  9.41726E+54
       908    90700.0  6.12047E+51  1.00293E+55
       909    90800.0  6.51280E+51  1.06806E+55
       910    90900.0  6.92993E+51  1.13736E+55
       911    91000.0  7.37340E+51  1.21109E+55
       912    91100.0  7.84487E+51  1.28954E+55
       913    91200.0  8.34606E+51  1.37300E+55
       914    91300.0  8.87882E+51  1.46179E+55
       915    91400.0  9.44513E+51  1.55624E+55
       916    91500.0  1.00471E+52  1.65671E+55
       917    91600.0  1.06868E+52  1.76358E+55
       918    91700.0  1.13667E+52  1.87725E+55
       919    91800.0  1.20893E+52  1.99814E+55
       920    91900.0  1.28572E+52  2.12671E+55
       921    92000.0  1.36732E+52  2.26344E+55
       922    92100.0  1.45403E+52  2.40885E+55
       923    92200.0  1.54615E+52  2.56346E+55
       924    92300.0  1.64404E+52  2.72787E+55
       925    92400.0  1.74804E+52  2.90267E+55
       926    92500.0  1.85852E+52  3.08852E+55
       927    92600.0  1.97589E+52  3.28611E+55
       928    92700.0  2.10057E+52  3.49617E+55
       929    92800.0  2.23301E+52  3.71947E+55
       930    92900.0  2.37368E+52  3.95684E+55
       931    93000.0  2.52310E+52  4.20915E+55
       932    93100.0  2.68178E+52  4.47732E+55
       933    93200.0  2.85031E+52  4.76236E+55
       934    93300.0  3.02929E+52  5.06529E+55
       935    93400.0  3.21935E+52  5.38722E+55
       936    93500.0  3.42117E+52  5.72934E+55
       937    93600.0  3.63546E+52  6.09288E+55
       938    93700.0  3.86300E+52  6.47918E+55
       939    93800.0  4.10458E+52  6.88964E+55
       940    93900.0  4.36105E+52  7.32575E+55
       941    94000.0  4.63334E+52  7.78908E+55
       942    94100.0  4.92238E+52  8.28132E+55
       943    94200.0  5.22922E+52  8.80424E+55
       944    94300.0  5.55491E+52  9.35973E+55
       945    94400.0  5.90061E+52  9.94979E+55
       946    94500.0  6.26752E+52  1.05765E+56
       947    94600.0  6.65694E+52  1.12422E+56
       948    94700.0  7.07022E+52  1.19493E+56
       949    94800.0  7.50881E+52  1.27001E+56
       950    94900.0  7.97422E+52  1.34976E+56
       951    95000.0  8.46809E+52  1.43444E+56
       952    95100.0  8.99212E+52  1.52436E+56
       953    95200.0  9.54814E+52  1.61984E+56
       954    95300.0  1.01381E+53  1.72122E+56
       955    95400.0  1.07639E+53  1.82886E+56
       956    95500.0  1.14279E+53  1.94314E+56
       957    95600.0  1.21323E+53  2.06446E+56
       958    95700.0  1.28794E+53  2.19326E+56
       959    95800.0  1.36720E+53  2.32998E+56
       960    95900.0  1.45127E+53  2.47510E+56
       961    96000.0  1.54043E+53  2.62915E+56
       962    96100.0  1.63500E+53  2.79265E+56
       963    96200.0  1.73529E+53  2.96618E+56
       964    96300.0  1.84166E+53  3.15034E+56
       965    96400.0  1.95445E+53  3.34579E+56
       966    96500.0  2.07405E+53  3.55319E+56
       967    96600.0  2.20087E+53  3.77328E+56
       968    96700.0  2.33534E+53  4.00681E+56
       969    96800.0  2.47791E+53  4.25460E+56
       970    96900.0  2.62907E+53  4.51751E+56
       971    97000.0  2.78932E+53  4.79644E+56
       972    97100.0  2.95921E+53  5.09236E+56
       973    97200.0  3.13930E+53  5.40629E+56
       974    97300.0  3.33020E+53  5.73931E+56
       975    97400.0  3.53255E+53  6.09257E+56
       976    97500.0  3.74702E+53  6.46727E+56
       977    97600.0  3.97434E+53  6.86471E+56
       978    97700.0  4.21526E+53  7.28623E+56
       979    97800.0  4.47059E+53  7.73329E+56
       980    97900.0  4.74116E+53  8.20741E+56
       981    98000.0  5.02789E+53  8.71020E+56
       982    98100.0  5.33172E+53  9.24337E+56
       983    98200.0  5.65366E+53  9.80873E+56
       984    98300.0  5.99477E+53  1.04082E+57
       985    98400.0  6.35618E+53  1.10438E+57
       986    98500.0  6.73908E+53  1.17177E+57
       987    98600.0  7.14473E+53  1.24322E+57
       988    98700.0  7.57447E+53  1.31897E+57
       989    98800.0  8.02969E+53  1.39926E+57
       990    98900.0  8.51190E+53  1.48438E+57
       991    99000.0  9.02267E+53  1.57461E+57
       992    99100.0  9.56367E+53  1.67025E+57
       993    99200.0  1.01367E+54  1.77161E+57
       994    99300.0  1.07435E+54  1.87905E+57
       995    99400.0  1.13862E+54  1.99291E+57
       996    99500.0  1.20668E+54  2.11358E+57
       997    99600.0  1.27876E+54  2.24145E+57
       998    99700.0  1.35507E+54  2.37696E+57
       999    99800.0  1.43589E+54  2.52055E+57
      1000    99900.0  1.52145E+54  2.67269E+57
      1001   100000.0  1.61205E+54  2.83390E+57
      1002   100100.0  1.70796E+54  3.00470E+57
      1003   100200.0  1.80951E+54  3.18565E+57
      1004   100300.0  1.91700E+54  3.37735E+57
      1005   100400.0  2.03080E+54  3.58043E+57
      1006   100500.0  2.15126E+54  3.79555E+57
      1007   100600.0  2.27877E+54  4.02343E+57
      1008   100700.0  2.41373E+54  4.26480E+57
      1009   100800.0  2.55658E+54  4.52046E+57
      1010   100900.0  2.70776E+54  4.79124E+57
      1011   101000.0  2.86776E+54  5.07801E+57
      1012   101100.0  3.03709E+54  5.38172E+57
      1013   101200.0  3.21628E+54  5.70335E+57
      1014   101300.0  3.40589E+54  6.04394E+57
      1015   101400.0  3.60653E+54  6.40459E+57
      1016   101500.0  3.81883E+54  6.78647E+57
      1017   101600.0  4.04346E+54  7.19082E+57
      1018   101700.0  4.28112E+54  7.61893E+57
      1019   101800.0  4.53256E+54  8.07219E+57
      1020   101900.0  4.79856E+54  8.55204E+57
      1021   102000.0  5.07996E+54  9.06004E+57
      1022   102100.0  5.37764E+54  9.59780E+57
      1023   102200.0  5.69252E+54  1.01671E+58
      1024   102300.0  6.02559E+54  1.07696E+58
      1025   102400.0  6.37788E+54  1.14074E+58
      1026   102500.0  6.75049E+54  1.20825E+58
      1027   102600.0  7.14457E+54  1.27969E+58
      1028   102700.0  7.56134E+54  1.35530E+58
      1029   102800.0  8.00209E+54  1.43533E+58
      1030   102900.0  8.46818E+54  1.52001E+58
      1031   103000.0  8.96104E+54  1.60962E+58
      1032   103100.0  9.48221E+54  1.70444E+58
      1033   103200.0  1.00333E+55  1.80477E+58
      1034   103300.0  1.06159E+55  1.91093E+58
      1035   103400.0  1.12319E+55  2.02325E+58
      1036   103500.0  1.18832E+55  2.14208E+58
      1037   103600.0  1.25718E+55  2.26780E+58
      1038   103700.0  1.32996E+55  2.40080E+58
      1039   103800.0  1.40691E+55  2.54149E+58
      1040   103900.0  1.48824E+55  2.69031E+58
      1041   104000.0  1.57422E+55  2.84773E+58
      1042   104100.0  1.66509E+55  3.01424E+58
      1043   104200.0  1.76114E+55  3.19036E+58
      1044   104300.0  1.86265E+55  3.37662E+58
      1045   104400.0  1.96994E+55  3.57362E+58
      1046   104500.0  2.08332E+55  3.78195E+58
      1047   104600.0  2.20313E+55  4.00226E+58
      1048   104700.0  2.32975E+55  4.23524E+58
      1049   104800.0  2.46354E+55  4.48159E+58
      1050   104900.0  2.60490E+55  4.74208E+58
      1051   105000.0  2.75428E+55  5.01751E+58
      1052   105100.0  2.91210E+55  5.30872E+58
      1053   105200.0  3.07884E+55  5.61660E+58
      1054   105300.0  3.25499E+55  5.94210E+58
      1055   105400.0  3.44109E+55  6.28621E+58
      1056   105500.0  3.63769E+55  6.64998E+58
      1057   105600.0  3.84536E+55  7.03451E+58
      1058   105700.0  4.06473E+55  7.44099E+58
      1059   105800.0  4.29644E+55  7.87063E+58
      1060   105900.0  4.54118E+55  8.32475E+58
      1061   106000.0  4.79967E+55  8.80471E+58
      1062   106100.0  5.07268E+55  9.31198E+58
      1063   106200.0  5.36101E+55  9.84808E+58
      1064   106300.0  5.66550E+55  1.04146E+59
      1065   106400.0  5.98705E+55  1.10133E+59
      1066   106500.0  6.32660E+55  1.16460E+59
      1067   106600.0  6.68515E+55  1.23145E+59
      1068   106700.0  7.06374E+55  1.30209E+59
      1069   106800.0  7.46348E+55  1.37672E+59
      1070   106900.0  7.88553E+55  1.45558E+59
      1071   107000.0  8.33113E+55  1.53889E+59
      1072   107100.0  8.80157E+55  1.62691E+59
      1073   107200.0  9.29821E+55  1.71989E+59
      1074   107300.0  9.82249E+55  1.81811E+59
      1075   107400.0  1.03759E+56  1.92187E+59
      1076   107500.0  1.09601E+56  2.03147E+59
      1077   107600.0  1.15768E+56  2.14724E+59
      1078   107700.0  1.22277E+56  2.26952E+59
      1079   107800.0  1.29146E+56  2.39866E+59
      1080   107900.0  1.36397E+56  2.53506E+59
      1081   108000.0  1.44049E+56  2.67911E+59
      1082   108100.0  1.52124E+56  2.83123E+59
      1083   108200.0  1.60646E+56  2.99188E+59
      1084   108300.0  1.69639E+56  3.16152E+59
      1085   108400.0  1.79129E+56  3.34065E+59
      1086   108500.0  1.89142E+56  3.52979E+59
      1087   108600.0  1.99707E+56  3.72950E+59
      1088   108700.0  2.10855E+56  3.94035E+59
      1089   108800.0  2.22616E+56  4.16297E+59
      1090   108900.0  2.35024E+56  4.39799E+59
      1091   109000.0  2.48115E+56  4.64611E+59
      1092   109100.0  2.61925E+56  4.90803E+59
      1093   109200.0  2.76493E+56  5.18452E+59
      1094   109300.0  2.91861E+56  5.47639E+59
      1095   109400.0  3.08071E+56  5.78446E+59
      1096   109500.0  3.25169E+56  6.10963E+59
      1097   109600.0  3.43203E+56  6.45283E+59
      1098   109700.0  3.62224E+56  6.81505E+59
      1099   109800.0  3.82285E+56  7.19734E+59
      1100   109900.0  4.03442E+56  7.60078E+59
      1101   110000.0  4.25754E+56  8.02653E+59
      1102   110100.0  4.49283E+56  8.47582E+59
      1103   110200.0  4.74095E+56  8.94991E+59
      1104   110300.0  5.00259E+56  9.45017E+59
      1105   110400.0  5.27847E+56  9.97802E+59
      1106   110500.0  5.56935E+56  1.05350E+60
      1107   110600.0  5.87605E+56  1.11226E+60
      1108   110700.0  6.19942E+56  1.17425E+60
      1109   110800.0  6.54033E+56  1.23965E+60
      1110   110900.0  6.89974E+56  1.30865E+60
      1111   111000.0  7.27864E+56  1.38144E+60
      1112   111100.0  7.67806E+56  1.45822E+60
      1113   111200.0  8.09910E+56  1.53921E+60
      1114   111300.0  8.54292E+56  1.62464E+60
      1115   111400.0  9.01073E+56  1.71475E+60
      1116   111500.0  9.50381E+56  1.80978E+60
      1117   111600.0  1.00235E+57  1.91002E+60
      1118   111700.0  1.05712E+57  2.01573E+60
      1119   111800.0  1.11485E+57  2.12722E+60
      1120   111900.0  1.17569E+57  2.24478E+60
      1121   112000.0  1.23980E+57  2.36876E+60
      1122   112100.0  1.30736E+57  2.49950E+60
      1123   112200.0  1.37855E+57  2.63735E+60
      1124   112300.0  1.45356E+57  2.78271E+60
      1125   112400.0  1.53260E+57  2.93597E+60
      1126   112500.0  1.61589E+57  3.09756E+60
      1127   112600.0  1.70363E+57  3.26792E+60
      1128   112700.0  1.79608E+57  3.44753E+60
      1129   112800.0  1.89348E+57  3.63688E+60
      1130   112900.0  1.99608E+57  3.83649E+60
      1131   113000.0  2.10418E+57  4.04691E+60
      1132   113100.0  2.21804E+57  4.26871E+60
      1133   113200.0  2.33799E+57  4.50251E+60
      1134   113300.0  2.46433E+57  4.74894E+60
      1135   113400.0  2.59741E+57  5.00868E+60
      1136   113500.0  2.73758E+57  5.28244E+60
      1137   113600.0  2.88521E+57  5.57096E+60
      1138   113700.0  3.04070E+57  5.87503E+60
      1139   113800.0  3.20445E+57  6.19548E+60
      1140   113900.0  3.37690E+57  6.53317E+60
      1141   114000.0  3.55850E+57  6.88902E+60
      1142   114100.0  3.74975E+57  7.26399E+60
      1143   114200.0  3.95113E+57  7.65910E+60
      1144   114300.0  4.16318E+57  8.07542E+60
      1145   114400.0  4.38645E+57  8.51407E+60
      1146   114500.0  4.62154E+57  8.97622E+60
      1147   114600.0  4.86906E+57  9.46313E+60
      1148   114700.0  5.12966E+57  9.97609E+60
      1149   114800.0  5.40402E+57  1.05165E+61
      1150   114900.0  5.69285E+57  1.10858E+61
      1151   115000.0  5.99691E+57  1.16855E+61
      1152   115100.0  6.31700E+57  1.23172E+61
      1153   115200.0  6.65394E+57  1.29826E+61
      1154   115300.0  7.00861E+57  1.36834E+61
      1155   115400.0  7.38193E+57  1.44216E+61
      1156   115500.0  7.77486E+57  1.51991E+61
      1157   115600.0  8.18843E+57  1.60179E+61
      1158   115700.0  8.62371E+57  1.68803E+61
      1159   115800.0  9.08181E+57  1.77885E+61
      1160   115900.0  9.56392E+57  1.87449E+61
      1161   116000.0  1.00713E+58  1.97520E+61
      1162   116100.0  1.06052E+58  2.08125E+61
      1163   116200.0  1.11670E+58  2.19292E+61
      1164   116300.0  1.17582E+58  2.31051E+61
      1165   116400.0  1.23803E+58  2.43431E+61
      1166   116500.0  1.30348E+58  2.56466E+61
      1167   116600.0  1.37235E+58  2.70189E+61
      1168   116700.0  1.44481E+58  2.84637E+61
      1169   116800.0  1.52104E+58  2.99848E+61
      1170   116900.0  1.60124E+58  3.15860E+61
      1171   117000.0  1.68561E+58  3.32716E+61
      1172   117100.0  1.77437E+58  3.50460E+61
      1173   117200.0  1.86774E+58  3.69137E+61
      1174   117300.0  1.96596E+58  3.88797E+61
      1175   117400.0  2.06927E+58  4.09490E+61
      1176   117500.0  2.17793E+58  4.31269E+61
      1177   117600.0  2.29223E+58  4.54191E+61
      1178   117700.0  2.41245E+58  4.78316E+61
      1179   117800.0  2.53888E+58  5.03705E+61
      1180   117900.0  2.67185E+58  5.30423E+61
      1181   118000.0  2.81170E+58  5.58540E+61
      1182   118100.0  2.95876E+58  5.88128E+61
      1183   118200.0  3.11341E+58  6.19262E+61
      1184   118300.0  3.27604E+58  6.52022E+61
      1185   118400.0  3.44705E+58  6.86493E+61
      1186   118500.0  3.62687E+58  7.22761E+61
      1187   118600.0  3.81594E+58  7.60921E+61
      1188   118700.0  4.01473E+58  8.01068E+61
      1189   118800.0  4.22374E+58  8.43305E+61
      1190   118900.0  4.44349E+58  8.87740E+61
      1191   119000.0  4.67451E+58  9.34485E+61
      1192   119100.0  4.91739E+58  9.83659E+61
      1193   119200.0  5.17271E+58  1.03539E+62
      1194   119300.0  5.44112E+58  1.08980E+62
      1195   119400.0  5.72326E+58  1.14703E+62
      1196   119500.0  6.01984E+58  1.20723E+62
      1197   119600.0  6.33158E+58  1.27054E+62
      1198   119700.0  6.65925E+58  1.33714E+62
      1199   119800.0  7.00365E+58  1.40717E+62
      1200   119900.0  7.36562E+58  1.48083E+62
      1201   120000.0  7.74605E+58  1.55829E+62
      1202   120100.0  8.14586E+58  1.63975E+62
      1203   120200.0  8.56604E+58  1.72541E+62
      1204   120300.0  9.00759E+58  1.81548E+62
      1205   120400.0  9.47160E+58  1.91020E+62
      1206   120500.0  9.95920E+58  2.00979E+62
      1207   120600.0  1.04716E+59  2.11451E+62
      1208   120700.0  1.10099E+59  2.22461E+62
      1209   120800.0  1.15756E+59  2.34036E+62
      1210   120900.0  1.21699E+59  2.46206E+62
      1211   121000.0  1.27944E+59  2.59001E+62
